INFO 2024-11-22 16:58:15,983 autoreload Watching for file changes with StatReloader
INFO 2024-11-22 17:00:18,866 basehttp "GET /admin/products/category/ HTTP/1.1" 200 12331
INFO 2024-11-22 17:00:18,894 basehttp "GET /admin/jsi18n/ HTTP/1.1" 200 3342
INFO 2024-11-22 17:00:53,582 views Product created by user: admin (Admin)
INFO 2024-11-22 17:00:53,590 basehttp "POST /api/products/ HTTP/1.1" 201 167
INFO 2024-11-22 17:01:29,641 views Product list accessed by admin (Admin)
INFO 2024-11-22 17:01:29,665 basehttp "GET /api/product-list/ HTTP/1.1" 200 1226
ERROR 2024-11-22 17:23:48,100 log Internal Server Error: /api/categories/
Traceback (most recent call last):
  File "C:\Users\Dauren\PycharmProjects\Endterm\.venv\Lib\site-packages\django\db\models\fields\related_descriptors.py", line 239, in __get__
    rel_obj = self.field.get_cached_value(instance)
              ^^^^^^^^^^^^^^^^^^^^^^^^^^^^^^^^^^^^^
  File "C:\Users\Dauren\PycharmProjects\Endterm\.venv\Lib\site-packages\django\db\models\fields\mixins.py", line 37, in get_cached_value
    return instance._state.fields_cache[self.cache_name]
           ~~~~~~~~~~~~~~~~~~~~~~~~~~~~^^^^^^^^^^^^^^^^^
KeyError: 'role'

During handling of the above exception, another exception occurred:

Traceback (most recent call last):
  File "C:\Users\Dauren\PycharmProjects\Endterm\.venv\Lib\site-packages\django\core\handlers\exception.py", line 55, in inner
    response = get_response(request)
               ^^^^^^^^^^^^^^^^^^^^^
  File "C:\Users\Dauren\PycharmProjects\Endterm\.venv\Lib\site-packages\django\core\handlers\base.py", line 197, in _get_response
    response = wrapped_callback(request, *callback_args, **callback_kwargs)
               ^^^^^^^^^^^^^^^^^^^^^^^^^^^^^^^^^^^^^^^^^^^^^^^^^^^^^^^^^^^^
  File "C:\Users\Dauren\PycharmProjects\Endterm\.venv\Lib\site-packages\django\views\decorators\csrf.py", line 65, in _view_wrapper
    return view_func(request, *args, **kwargs)
           ^^^^^^^^^^^^^^^^^^^^^^^^^^^^^^^^^^^
  File "C:\Users\Dauren\PycharmProjects\Endterm\.venv\Lib\site-packages\rest_framework\viewsets.py", line 124, in view
    return self.dispatch(request, *args, **kwargs)
           ^^^^^^^^^^^^^^^^^^^^^^^^^^^^^^^^^^^^^^^
  File "C:\Users\Dauren\PycharmProjects\Endterm\.venv\Lib\site-packages\rest_framework\views.py", line 509, in dispatch
    response = self.handle_exception(exc)
               ^^^^^^^^^^^^^^^^^^^^^^^^^^
  File "C:\Users\Dauren\PycharmProjects\Endterm\.venv\Lib\site-packages\rest_framework\views.py", line 469, in handle_exception
    self.raise_uncaught_exception(exc)
  File "C:\Users\Dauren\PycharmProjects\Endterm\.venv\Lib\site-packages\rest_framework\views.py", line 480, in raise_uncaught_exception
    raise exc
  File "C:\Users\Dauren\PycharmProjects\Endterm\.venv\Lib\site-packages\rest_framework\views.py", line 497, in dispatch
    self.initial(request, *args, **kwargs)
  File "C:\Users\Dauren\PycharmProjects\Endterm\.venv\Lib\site-packages\rest_framework\views.py", line 415, in initial
    self.check_permissions(request)
  File "C:\Users\Dauren\PycharmProjects\Endterm\.venv\Lib\site-packages\rest_framework\views.py", line 332, in check_permissions
    if not permission.has_permission(request, self):
           ^^^^^^^^^^^^^^^^^^^^^^^^^^^^^^^^^^^^^^^^
  File "C:\Users\Dauren\PycharmProjects\Endterm\users\permissions.py", line 5, in has_permission
    return request.user.is_authenticated and request.user.role.name == "Admin"
                                             ^^^^^^^^^^^^^^^^^
  File "C:\Users\Dauren\PycharmProjects\Endterm\.venv\Lib\site-packages\django\db\models\fields\related_descriptors.py", line 257, in __get__
    rel_obj = self.get_object(instance)
              ^^^^^^^^^^^^^^^^^^^^^^^^^
  File "C:\Users\Dauren\PycharmProjects\Endterm\.venv\Lib\site-packages\django\db\models\fields\related_descriptors.py", line 220, in get_object
    return qs.get(self.field.get_reverse_related_filter(instance))
           ^^^^^^^^^^^^^^^^^^^^^^^^^^^^^^^^^^^^^^^^^^^^^^^^^^^^^^^
  File "C:\Users\Dauren\PycharmProjects\Endterm\.venv\Lib\site-packages\django\db\models\query.py", line 649, in get
    raise self.model.DoesNotExist(
users.models.Role.DoesNotExist: Role matching query does not exist.
ERROR 2024-11-22 17:23:48,493 log Internal Server Error: /api/categories/
Traceback (most recent call last):
  File "C:\Users\Dauren\PycharmProjects\Endterm\.venv\Lib\site-packages\django\db\models\fields\related_descriptors.py", line 239, in __get__
    rel_obj = self.field.get_cached_value(instance)
              ^^^^^^^^^^^^^^^^^^^^^^^^^^^^^^^^^^^^^
  File "C:\Users\Dauren\PycharmProjects\Endterm\.venv\Lib\site-packages\django\db\models\fields\mixins.py", line 37, in get_cached_value
    return instance._state.fields_cache[self.cache_name]
           ~~~~~~~~~~~~~~~~~~~~~~~~~~~~^^^^^^^^^^^^^^^^^
KeyError: 'role'

During handling of the above exception, another exception occurred:

Traceback (most recent call last):
  File "C:\Users\Dauren\PycharmProjects\Endterm\.venv\Lib\site-packages\django\core\handlers\exception.py", line 55, in inner
    response = get_response(request)
               ^^^^^^^^^^^^^^^^^^^^^
  File "C:\Users\Dauren\PycharmProjects\Endterm\.venv\Lib\site-packages\django\core\handlers\base.py", line 197, in _get_response
    response = wrapped_callback(request, *callback_args, **callback_kwargs)
               ^^^^^^^^^^^^^^^^^^^^^^^^^^^^^^^^^^^^^^^^^^^^^^^^^^^^^^^^^^^^
  File "C:\Users\Dauren\PycharmProjects\Endterm\.venv\Lib\site-packages\django\views\decorators\csrf.py", line 65, in _view_wrapper
    return view_func(request, *args, **kwargs)
           ^^^^^^^^^^^^^^^^^^^^^^^^^^^^^^^^^^^
  File "C:\Users\Dauren\PycharmProjects\Endterm\.venv\Lib\site-packages\rest_framework\viewsets.py", line 124, in view
    return self.dispatch(request, *args, **kwargs)
           ^^^^^^^^^^^^^^^^^^^^^^^^^^^^^^^^^^^^^^^
  File "C:\Users\Dauren\PycharmProjects\Endterm\.venv\Lib\site-packages\rest_framework\views.py", line 509, in dispatch
    response = self.handle_exception(exc)
               ^^^^^^^^^^^^^^^^^^^^^^^^^^
  File "C:\Users\Dauren\PycharmProjects\Endterm\.venv\Lib\site-packages\rest_framework\views.py", line 469, in handle_exception
    self.raise_uncaught_exception(exc)
  File "C:\Users\Dauren\PycharmProjects\Endterm\.venv\Lib\site-packages\rest_framework\views.py", line 480, in raise_uncaught_exception
    raise exc
  File "C:\Users\Dauren\PycharmProjects\Endterm\.venv\Lib\site-packages\rest_framework\views.py", line 497, in dispatch
    self.initial(request, *args, **kwargs)
  File "C:\Users\Dauren\PycharmProjects\Endterm\.venv\Lib\site-packages\rest_framework\views.py", line 415, in initial
    self.check_permissions(request)
  File "C:\Users\Dauren\PycharmProjects\Endterm\.venv\Lib\site-packages\rest_framework\views.py", line 332, in check_permissions
    if not permission.has_permission(request, self):
           ^^^^^^^^^^^^^^^^^^^^^^^^^^^^^^^^^^^^^^^^
  File "C:\Users\Dauren\PycharmProjects\Endterm\users\permissions.py", line 5, in has_permission
    return request.user.is_authenticated and request.user.role.name == "Admin"
                                             ^^^^^^^^^^^^^^^^^
  File "C:\Users\Dauren\PycharmProjects\Endterm\.venv\Lib\site-packages\django\db\models\fields\related_descriptors.py", line 257, in __get__
    rel_obj = self.get_object(instance)
              ^^^^^^^^^^^^^^^^^^^^^^^^^
  File "C:\Users\Dauren\PycharmProjects\Endterm\.venv\Lib\site-packages\django\db\models\fields\related_descriptors.py", line 220, in get_object
    return qs.get(self.field.get_reverse_related_filter(instance))
           ^^^^^^^^^^^^^^^^^^^^^^^^^^^^^^^^^^^^^^^^^^^^^^^^^^^^^^^
  File "C:\Users\Dauren\PycharmProjects\Endterm\.venv\Lib\site-packages\django\db\models\query.py", line 649, in get
    raise self.model.DoesNotExist(
users.models.Role.DoesNotExist: Role matching query does not exist.
ERROR 2024-11-22 17:23:48,787 log Internal Server Error: /api/products/
Traceback (most recent call last):
  File "C:\Users\Dauren\PycharmProjects\Endterm\.venv\Lib\site-packages\django\db\models\fields\related_descriptors.py", line 239, in __get__
    rel_obj = self.field.get_cached_value(instance)
              ^^^^^^^^^^^^^^^^^^^^^^^^^^^^^^^^^^^^^
  File "C:\Users\Dauren\PycharmProjects\Endterm\.venv\Lib\site-packages\django\db\models\fields\mixins.py", line 37, in get_cached_value
    return instance._state.fields_cache[self.cache_name]
           ~~~~~~~~~~~~~~~~~~~~~~~~~~~~^^^^^^^^^^^^^^^^^
KeyError: 'role'

During handling of the above exception, another exception occurred:

Traceback (most recent call last):
  File "C:\Users\Dauren\PycharmProjects\Endterm\.venv\Lib\site-packages\django\core\handlers\exception.py", line 55, in inner
    response = get_response(request)
               ^^^^^^^^^^^^^^^^^^^^^
  File "C:\Users\Dauren\PycharmProjects\Endterm\.venv\Lib\site-packages\django\core\handlers\base.py", line 197, in _get_response
    response = wrapped_callback(request, *callback_args, **callback_kwargs)
               ^^^^^^^^^^^^^^^^^^^^^^^^^^^^^^^^^^^^^^^^^^^^^^^^^^^^^^^^^^^^
  File "C:\Users\Dauren\PycharmProjects\Endterm\.venv\Lib\site-packages\django\views\decorators\csrf.py", line 65, in _view_wrapper
    return view_func(request, *args, **kwargs)
           ^^^^^^^^^^^^^^^^^^^^^^^^^^^^^^^^^^^
  File "C:\Users\Dauren\PycharmProjects\Endterm\.venv\Lib\site-packages\rest_framework\viewsets.py", line 124, in view
    return self.dispatch(request, *args, **kwargs)
           ^^^^^^^^^^^^^^^^^^^^^^^^^^^^^^^^^^^^^^^
  File "C:\Users\Dauren\PycharmProjects\Endterm\.venv\Lib\site-packages\rest_framework\views.py", line 509, in dispatch
    response = self.handle_exception(exc)
               ^^^^^^^^^^^^^^^^^^^^^^^^^^
  File "C:\Users\Dauren\PycharmProjects\Endterm\.venv\Lib\site-packages\rest_framework\views.py", line 469, in handle_exception
    self.raise_uncaught_exception(exc)
  File "C:\Users\Dauren\PycharmProjects\Endterm\.venv\Lib\site-packages\rest_framework\views.py", line 480, in raise_uncaught_exception
    raise exc
  File "C:\Users\Dauren\PycharmProjects\Endterm\.venv\Lib\site-packages\rest_framework\views.py", line 497, in dispatch
    self.initial(request, *args, **kwargs)
  File "C:\Users\Dauren\PycharmProjects\Endterm\.venv\Lib\site-packages\rest_framework\views.py", line 415, in initial
    self.check_permissions(request)
  File "C:\Users\Dauren\PycharmProjects\Endterm\.venv\Lib\site-packages\rest_framework\views.py", line 332, in check_permissions
    if not permission.has_permission(request, self):
           ^^^^^^^^^^^^^^^^^^^^^^^^^^^^^^^^^^^^^^^^
  File "C:\Users\Dauren\PycharmProjects\Endterm\users\permissions.py", line 5, in has_permission
    return request.user.is_authenticated and request.user.role.name == "Admin"
                                             ^^^^^^^^^^^^^^^^^
  File "C:\Users\Dauren\PycharmProjects\Endterm\.venv\Lib\site-packages\django\db\models\fields\related_descriptors.py", line 257, in __get__
    rel_obj = self.get_object(instance)
              ^^^^^^^^^^^^^^^^^^^^^^^^^
  File "C:\Users\Dauren\PycharmProjects\Endterm\.venv\Lib\site-packages\django\db\models\fields\related_descriptors.py", line 220, in get_object
    return qs.get(self.field.get_reverse_related_filter(instance))
           ^^^^^^^^^^^^^^^^^^^^^^^^^^^^^^^^^^^^^^^^^^^^^^^^^^^^^^^
  File "C:\Users\Dauren\PycharmProjects\Endterm\.venv\Lib\site-packages\django\db\models\query.py", line 649, in get
    raise self.model.DoesNotExist(
users.models.Role.DoesNotExist: Role matching query does not exist.
ERROR 2024-11-22 17:23:49,082 log Internal Server Error: /api/products/
Traceback (most recent call last):
  File "C:\Users\Dauren\PycharmProjects\Endterm\.venv\Lib\site-packages\django\db\models\fields\related_descriptors.py", line 239, in __get__
    rel_obj = self.field.get_cached_value(instance)
              ^^^^^^^^^^^^^^^^^^^^^^^^^^^^^^^^^^^^^
  File "C:\Users\Dauren\PycharmProjects\Endterm\.venv\Lib\site-packages\django\db\models\fields\mixins.py", line 37, in get_cached_value
    return instance._state.fields_cache[self.cache_name]
           ~~~~~~~~~~~~~~~~~~~~~~~~~~~~^^^^^^^^^^^^^^^^^
KeyError: 'role'

During handling of the above exception, another exception occurred:

Traceback (most recent call last):
  File "C:\Users\Dauren\PycharmProjects\Endterm\.venv\Lib\site-packages\django\core\handlers\exception.py", line 55, in inner
    response = get_response(request)
               ^^^^^^^^^^^^^^^^^^^^^
  File "C:\Users\Dauren\PycharmProjects\Endterm\.venv\Lib\site-packages\django\core\handlers\base.py", line 197, in _get_response
    response = wrapped_callback(request, *callback_args, **callback_kwargs)
               ^^^^^^^^^^^^^^^^^^^^^^^^^^^^^^^^^^^^^^^^^^^^^^^^^^^^^^^^^^^^
  File "C:\Users\Dauren\PycharmProjects\Endterm\.venv\Lib\site-packages\django\views\decorators\csrf.py", line 65, in _view_wrapper
    return view_func(request, *args, **kwargs)
           ^^^^^^^^^^^^^^^^^^^^^^^^^^^^^^^^^^^
  File "C:\Users\Dauren\PycharmProjects\Endterm\.venv\Lib\site-packages\rest_framework\viewsets.py", line 124, in view
    return self.dispatch(request, *args, **kwargs)
           ^^^^^^^^^^^^^^^^^^^^^^^^^^^^^^^^^^^^^^^
  File "C:\Users\Dauren\PycharmProjects\Endterm\.venv\Lib\site-packages\rest_framework\views.py", line 509, in dispatch
    response = self.handle_exception(exc)
               ^^^^^^^^^^^^^^^^^^^^^^^^^^
  File "C:\Users\Dauren\PycharmProjects\Endterm\.venv\Lib\site-packages\rest_framework\views.py", line 469, in handle_exception
    self.raise_uncaught_exception(exc)
  File "C:\Users\Dauren\PycharmProjects\Endterm\.venv\Lib\site-packages\rest_framework\views.py", line 480, in raise_uncaught_exception
    raise exc
  File "C:\Users\Dauren\PycharmProjects\Endterm\.venv\Lib\site-packages\rest_framework\views.py", line 497, in dispatch
    self.initial(request, *args, **kwargs)
  File "C:\Users\Dauren\PycharmProjects\Endterm\.venv\Lib\site-packages\rest_framework\views.py", line 415, in initial
    self.check_permissions(request)
  File "C:\Users\Dauren\PycharmProjects\Endterm\.venv\Lib\site-packages\rest_framework\views.py", line 332, in check_permissions
    if not permission.has_permission(request, self):
           ^^^^^^^^^^^^^^^^^^^^^^^^^^^^^^^^^^^^^^^^
  File "C:\Users\Dauren\PycharmProjects\Endterm\users\permissions.py", line 5, in has_permission
    return request.user.is_authenticated and request.user.role.name == "Admin"
                                             ^^^^^^^^^^^^^^^^^
  File "C:\Users\Dauren\PycharmProjects\Endterm\.venv\Lib\site-packages\django\db\models\fields\related_descriptors.py", line 257, in __get__
    rel_obj = self.get_object(instance)
              ^^^^^^^^^^^^^^^^^^^^^^^^^
  File "C:\Users\Dauren\PycharmProjects\Endterm\.venv\Lib\site-packages\django\db\models\fields\related_descriptors.py", line 220, in get_object
    return qs.get(self.field.get_reverse_related_filter(instance))
           ^^^^^^^^^^^^^^^^^^^^^^^^^^^^^^^^^^^^^^^^^^^^^^^^^^^^^^^
  File "C:\Users\Dauren\PycharmProjects\Endterm\.venv\Lib\site-packages\django\db\models\query.py", line 649, in get
    raise self.model.DoesNotExist(
users.models.Role.DoesNotExist: Role matching query does not exist.
INFO 2024-11-22 17:23:49,085 views Product list accessed by AnonymousUser
INFO 2024-11-22 17:28:16,787 views Category created by user: admin (Admin)
INFO 2024-11-22 17:28:17,079 views Accessed Category List
INFO 2024-11-22 17:28:17,394 views Product created by user: admin (Admin)
INFO 2024-11-22 17:28:17,690 views Accessed Product List
INFO 2024-11-22 17:28:17,695 views Product list accessed by AnonymousUser
INFO 2024-11-22 17:33:49,635 views Category created by user: admin (Admin)
INFO 2024-11-22 17:33:49,934 views Accessed Category List
INFO 2024-11-22 17:33:50,232 views Product created by user: admin (Admin)
INFO 2024-11-22 17:33:50,529 views Accessed Product List
INFO 2024-11-22 17:33:50,536 views Product list accessed by AnonymousUser
INFO 2024-11-22 17:35:42,521 views Category created by user: admin (Admin)
INFO 2024-11-22 17:35:42,815 views Accessed Category List
INFO 2024-11-22 17:35:43,108 views Product created by user: admin (Admin)
INFO 2024-11-22 17:35:43,426 views Accessed Product List
INFO 2024-11-22 17:35:43,431 views Product list accessed by AnonymousUser
INFO 2024-11-22 17:37:36,047 views Category created by user: admin (Admin)
INFO 2024-11-22 17:37:36,346 views Accessed Category List
INFO 2024-11-22 17:37:36,641 views Product created by user: admin (Admin)
INFO 2024-11-22 17:37:36,937 views Accessed Product List
INFO 2024-11-22 17:37:36,942 views Product list accessed by AnonymousUser
INFO 2024-11-22 17:39:03,858 autoreload Watching for file changes with StatReloader
WARNING 2024-11-22 17:39:09,957 log Unauthorized: /api/products/
WARNING 2024-11-22 17:39:09,957 basehttp "GET /api/products/ HTTP/1.1" 401 183
WARNING 2024-11-22 17:39:15,901 log Unauthorized: /auth/jwt/create
WARNING 2024-11-22 17:39:15,901 basehttp "POST /auth/jwt/create HTTP/1.1" 401 63
WARNING 2024-11-22 17:39:23,328 log Unauthorized: /auth/jwt/create
WARNING 2024-11-22 17:39:23,328 basehttp "POST /auth/jwt/create HTTP/1.1" 401 63
INFO 2024-11-22 17:39:58,204 autoreload Watching for file changes with StatReloader
INFO 2024-11-22 17:40:02,424 basehttp "POST /auth/jwt/create HTTP/1.1" 200 483
INFO 2024-11-22 17:40:26,984 views Accessed Product List
INFO 2024-11-22 17:40:26,991 basehttp "GET /api/products/ HTTP/1.1" 200 737
INFO 2024-11-22 17:40:35,351 basehttp "GET /api/products/1/ HTTP/1.1" 200 138
INFO 2024-11-22 17:40:46,004 basehttp "GET /api/categories/1/ HTTP/1.1" 200 42
INFO 2024-11-22 17:41:36,404 views Category created by user: admin (Admin)
INFO 2024-11-22 17:41:36,704 views Accessed Category List
INFO 2024-11-22 17:41:37,001 views Product created by user: admin (Admin)
INFO 2024-11-22 17:41:37,300 views Accessed Product List
INFO 2024-11-22 17:41:37,306 views Product list accessed by AnonymousUser
INFO 2024-11-22 17:42:06,712 views Category created by user: admin (Admin)
INFO 2024-11-22 17:42:07,017 views Accessed Category List
INFO 2024-11-22 17:42:07,316 views Product created by user: admin (Admin)
INFO 2024-11-22 17:42:07,613 views Accessed Product List
INFO 2024-11-22 17:42:07,620 views Product list accessed by AnonymousUser
INFO 2024-11-22 17:43:12,392 views Category created by user: admin (Admin)
INFO 2024-11-22 17:43:12,688 views Accessed Category List
INFO 2024-11-22 17:43:12,983 views Product created by user: admin (Admin)
INFO 2024-11-22 17:43:13,280 views Accessed Product List
INFO 2024-11-22 17:43:13,287 views Product list accessed by AnonymousUser
INFO 2024-11-22 17:43:35,607 views Category created by user: admin (Admin)
INFO 2024-11-22 17:43:35,907 views Accessed Category List
INFO 2024-11-22 17:43:36,202 views Product created by user: admin (Admin)
INFO 2024-11-22 17:43:36,500 views Accessed Product List
INFO 2024-11-22 17:43:36,505 views Product list accessed by AnonymousUser
INFO 2024-11-22 17:46:01,282 views Category created by user: admin (Admin)
INFO 2024-11-22 17:46:01,574 views Accessed Category List
INFO 2024-11-22 17:46:01,871 views Product created by user: admin (Admin)
INFO 2024-11-22 17:46:02,172 views Accessed Product List
INFO 2024-11-22 17:46:02,175 views Product list accessed by AnonymousUser
INFO 2024-11-22 17:46:42,674 views Category created by user: admin (Admin)
INFO 2024-11-22 17:46:42,972 views Accessed Category List
INFO 2024-11-22 17:46:43,271 views Product created by user: admin (Admin)
INFO 2024-11-22 17:46:43,569 views Accessed Product List
INFO 2024-11-22 17:46:43,572 views Product list accessed by AnonymousUser
INFO 2024-11-22 17:47:17,813 views Category created by user: admin (Admin)
INFO 2024-11-22 17:47:18,114 views Accessed Category List
INFO 2024-11-22 17:47:18,411 views Product created by user: admin (Admin)
INFO 2024-11-22 17:47:18,706 views Accessed Product List
INFO 2024-11-22 17:47:18,711 views Product list accessed by AnonymousUser
INFO 2024-11-22 17:47:30,238 views Category created by user: admin (Admin)
INFO 2024-11-22 17:47:30,543 views Accessed Category List
INFO 2024-11-22 17:47:30,841 views Product created by user: admin (Admin)
INFO 2024-11-22 17:47:31,142 views Accessed Product List
INFO 2024-11-22 17:47:31,145 views Product list accessed by AnonymousUser
INFO 2024-11-22 17:47:38,265 views Category created by user: admin (Admin)
INFO 2024-11-22 17:47:38,567 views Accessed Category List
INFO 2024-11-22 17:47:38,865 views Product created by user: admin (Admin)
INFO 2024-11-22 17:47:39,159 views Accessed Product List
INFO 2024-11-22 17:47:39,161 views Product list accessed by AnonymousUser
INFO 2024-11-22 17:47:46,104 views Category created by user: admin (Admin)
INFO 2024-11-22 17:47:46,400 views Accessed Category List
INFO 2024-11-22 17:47:46,692 views Product created by user: admin (Admin)
INFO 2024-11-22 17:47:46,991 views Accessed Product List
INFO 2024-11-22 17:47:46,994 views Product list accessed by AnonymousUser
INFO 2024-11-22 17:47:57,424 views Category created by user: admin (Admin)
INFO 2024-11-22 17:47:57,717 views Accessed Category List
INFO 2024-11-22 17:47:58,019 views Product created by user: admin (Admin)
INFO 2024-11-22 17:47:58,318 views Accessed Product List
INFO 2024-11-22 17:47:58,320 views Product list accessed by AnonymousUser
INFO 2024-11-22 17:48:20,424 views Category created by user: admin (Admin)
INFO 2024-11-22 17:48:20,715 views Accessed Category List
INFO 2024-11-22 17:48:21,007 views Product created by user: admin (Admin)
INFO 2024-11-22 17:48:21,301 views Accessed Product List
INFO 2024-11-22 17:48:21,304 views Product list accessed by AnonymousUser
INFO 2024-11-22 17:48:36,681 views Category created by user: admin (Admin)
INFO 2024-11-22 17:48:36,986 views Accessed Category List
INFO 2024-11-22 17:48:37,286 views Product created by user: admin (Admin)
INFO 2024-11-22 17:48:37,583 views Accessed Product List
INFO 2024-11-22 17:48:37,585 views Product list accessed by AnonymousUser
INFO 2024-11-22 17:48:59,297 views Category created by user: admin (Admin)
INFO 2024-11-22 17:48:59,592 views Accessed Category List
INFO 2024-11-22 17:48:59,886 views Product created by user: admin (Admin)
INFO 2024-11-22 17:49:00,178 views Accessed Product List
INFO 2024-11-22 17:49:00,181 views Product list accessed by AnonymousUser
INFO 2024-11-22 17:59:18,456 autoreload Watching for file changes with StatReloader
INFO 2024-11-22 17:59:31,448 views Transactions list accessed by admin (Admin)
INFO 2024-11-22 17:59:31,480 basehttp "GET /api/transactions-list/ HTTP/1.1" 200 2755
INFO 2024-11-22 18:00:01,965 views Transactions list accessed by admin (Admin)
INFO 2024-11-22 18:00:01,976 basehttp "GET /api/transactions-list/ HTTP/1.1" 200 2817
INFO 2024-11-26 10:19:35,229 views Category created by user: admin (Admin)
INFO 2024-11-26 10:19:35,531 views Accessed Category List
INFO 2024-11-26 10:19:35,851 views Product created by user: admin (Admin)
INFO 2024-11-26 10:19:36,146 views Accessed Product List
INFO 2024-11-26 10:19:36,149 views Product list accessed by AnonymousUser
INFO 2024-11-26 10:19:36,482 views Transaction created by admin (Admin)
INFO 2024-11-26 10:19:37,096 views Transaction list accessed by admin (Admin)
INFO 2024-11-26 10:20:06,531 views Category created by user: admin (Admin)
INFO 2024-11-26 10:20:06,830 views Accessed Category List
INFO 2024-11-26 10:20:07,127 views Product created by user: admin (Admin)
INFO 2024-11-26 10:20:07,421 views Accessed Product List
INFO 2024-11-26 10:20:07,425 views Product list accessed by AnonymousUser
INFO 2024-11-26 10:20:07,736 views Transaction created by admin (Admin)
INFO 2024-11-26 10:20:08,328 views Transaction list accessed by admin (Admin)
INFO 2024-11-26 10:20:34,162 views Category created by user: admin (Admin)
INFO 2024-11-26 10:20:34,460 views Accessed Category List
INFO 2024-11-26 10:20:34,763 views Product created by user: admin (Admin)
INFO 2024-11-26 10:20:35,073 views Accessed Product List
INFO 2024-11-26 10:20:35,076 views Product list accessed by AnonymousUser
INFO 2024-11-26 10:20:35,406 views Transaction created by admin (Admin)
INFO 2024-11-26 10:20:36,020 views Transaction list accessed by admin (Admin)
INFO 2024-11-26 10:20:53,420 views Category created by user: admin (Admin)
INFO 2024-11-26 10:20:53,720 views Accessed Category List
INFO 2024-11-26 10:20:54,022 views Product created by user: admin (Admin)
INFO 2024-11-26 10:20:54,317 views Accessed Product List
INFO 2024-11-26 10:20:54,319 views Product list accessed by AnonymousUser
INFO 2024-11-26 10:20:54,620 views Transaction created by admin (Admin)
INFO 2024-11-26 10:20:55,220 views Transaction list accessed by admin (Admin)
INFO 2024-11-26 10:21:15,719 views Category created by user: admin (Admin)
INFO 2024-11-26 10:21:16,021 views Accessed Category List
INFO 2024-11-26 10:21:16,318 views Product created by user: admin (Admin)
INFO 2024-11-26 10:21:16,618 views Accessed Product List
INFO 2024-11-26 10:21:16,620 views Product list accessed by AnonymousUser
INFO 2024-11-26 10:21:16,922 views Transaction created by admin (Admin)
INFO 2024-11-26 10:21:33,618 views Category created by user: admin (Admin)
INFO 2024-11-26 10:21:33,916 views Accessed Category List
INFO 2024-11-26 10:21:34,214 views Product created by user: admin (Admin)
INFO 2024-11-26 10:21:34,513 views Accessed Product List
INFO 2024-11-26 10:21:34,516 views Product list accessed by AnonymousUser
INFO 2024-11-26 10:21:34,822 views Transaction created by admin (Admin)
INFO 2024-11-26 10:21:35,438 views Transaction list accessed by admin (Admin)
INFO 2024-11-26 10:21:55,433 views Category created by user: admin (Admin)
INFO 2024-11-26 10:21:55,733 views Accessed Category List
INFO 2024-11-26 10:21:56,036 views Product created by user: admin (Admin)
INFO 2024-11-26 10:21:56,333 views Accessed Product List
INFO 2024-11-26 10:21:56,335 views Product list accessed by AnonymousUser
INFO 2024-11-26 10:21:56,640 views Transaction created by admin (Admin)
INFO 2024-11-26 10:21:57,240 views Transaction list accessed by admin (Admin)
INFO 2024-11-26 10:22:08,216 views Category created by user: admin (Admin)
INFO 2024-11-26 10:22:08,525 views Accessed Category List
INFO 2024-11-26 10:22:08,825 views Product created by user: admin (Admin)
INFO 2024-11-26 10:22:09,123 views Accessed Product List
INFO 2024-11-26 10:22:09,126 views Product list accessed by AnonymousUser
INFO 2024-11-26 10:22:09,425 views Transaction created by admin (Admin)
INFO 2024-11-26 10:22:10,026 views Transaction list accessed by admin (Admin)
INFO 2024-11-26 10:25:37,462 views Transaction created by admin (Admin)
INFO 2024-11-26 10:25:38,056 views Transaction list accessed by admin (Admin)
INFO 2024-11-26 10:37:57,602 views Transaction created by admin (Admin)
INFO 2024-11-26 10:37:58,190 views Transaction list accessed by admin (Admin)
INFO 2024-11-26 10:38:30,019 views Transaction created by admin (Admin)
INFO 2024-11-26 10:40:28,066 views Transaction created by admin (Admin)
INFO 2024-11-26 10:40:52,487 views Transaction created by admin (Admin)
INFO 2024-11-26 10:40:53,075 views Transaction list accessed by admin (Admin)
INFO 2024-11-26 11:23:48,011 views Creating Daily Report for category Electronics
INFO 2024-11-26 11:23:48,598 views Creating Monthly Report for category Electronics
INFO 2024-11-26 11:27:04,019 views Creating Daily Report for category Electronics
INFO 2024-11-26 11:27:04,605 views Creating Monthly Report for category Electronics
INFO 2024-11-26 11:27:19,448 views Creating Daily Report for category Electronics
INFO 2024-11-26 11:27:20,041 views Creating Monthly Report for category Electronics
INFO 2024-11-26 11:27:37,031 views Creating Daily Report for category Electronics
INFO 2024-11-26 11:27:37,628 views Creating Monthly Report for category Electronics
INFO 2024-11-26 11:31:01,356 views Creating Daily Report for category Electronics
INFO 2024-11-26 11:31:01,938 views Creating Monthly Report for category Electronics
INFO 2024-11-26 11:31:23,148 views Creating Daily Report for category Electronics
INFO 2024-11-26 11:31:23,745 views Creating Monthly Report for category Electronics
INFO 2024-11-26 11:32:21,899 views Creating Daily Report for category Electronics
INFO 2024-11-26 11:32:22,495 views Creating Monthly Report for category Electronics
INFO 2024-11-26 11:34:20,791 views Creating Daily Report for category Electronics
INFO 2024-11-26 11:35:08,509 views Creating Daily Report for category Electronics
INFO 2024-11-26 11:35:28,365 views Creating Daily Report for category Electronics
INFO 2024-11-26 19:08:23,700 views Creating Daily Report for category Electronics
INFO 2024-11-26 19:08:43,854 views Creating Daily Report for category Electronics
INFO 2024-11-26 19:08:59,476 views Transaction created by admin (Admin)
INFO 2024-11-26 19:09:48,122 views Transaction created by admin (Admin)
INFO 2024-11-26 19:09:48,709 views Transaction list accessed by admin (Admin)
INFO 2024-11-26 19:10:06,674 views Transaction created by admin (Admin)
INFO 2024-11-26 19:10:07,271 views Transaction list accessed by admin (Admin)
INFO 2024-11-26 19:10:16,164 views Transaction created by admin (Admin)
INFO 2024-11-26 19:10:16,773 views Transaction list accessed by admin (Admin)
INFO 2024-11-26 19:10:23,917 views Transaction created by admin (Admin)
INFO 2024-11-26 19:10:24,501 views Transaction list accessed by admin (Admin)
INFO 2024-11-26 19:19:13,847 autoreload Watching for file changes with StatReloader
WARNING 2024-11-26 19:19:16,027 log Not Found: /
WARNING 2024-11-26 19:19:16,028 basehttp "GET / HTTP/1.1" 404 2747
WARNING 2024-11-26 19:19:16,114 log Not Found: /favicon.ico
WARNING 2024-11-26 19:19:16,114 basehttp "GET /favicon.ico HTTP/1.1" 404 2798
INFO 2024-11-26 19:19:40,812 basehttp "GET /api/analytics/ HTTP/1.1" 200 2194
WARNING 2024-11-26 19:19:41,446 log Not Found: /analytics/api/
WARNING 2024-11-26 19:19:41,447 basehttp "GET /analytics/api/ HTTP/1.1" 404 2807
INFO 2024-11-26 19:20:53,573 basehttp "GET /api/analytics/ HTTP/1.1" 200 2194
WARNING 2024-11-26 19:20:53,599 log Not Found: /analytics/api/
WARNING 2024-11-26 19:20:53,599 basehttp "GET /analytics/api/ HTTP/1.1" 404 2807
INFO 2024-11-26 19:20:54,108 basehttp "GET /api/analytics/ HTTP/1.1" 200 2194
WARNING 2024-11-26 19:20:54,124 log Not Found: /analytics/api/
WARNING 2024-11-26 19:20:54,125 basehttp "GET /analytics/api/ HTTP/1.1" 404 2807
INFO 2024-11-26 19:20:54,485 basehttp "GET /api/analytics/ HTTP/1.1" 200 2194
WARNING 2024-11-26 19:20:54,504 log Not Found: /analytics/api/
WARNING 2024-11-26 19:20:54,505 basehttp "GET /analytics/api/ HTTP/1.1" 404 2807
INFO 2024-11-26 19:20:54,804 basehttp "GET /api/analytics/ HTTP/1.1" 200 2194
WARNING 2024-11-26 19:20:54,820 log Not Found: /analytics/api/
WARNING 2024-11-26 19:20:54,821 basehttp "GET /analytics/api/ HTTP/1.1" 404 2807
INFO 2024-11-26 19:25:08,707 autoreload Watching for file changes with StatReloader
INFO 2024-11-26 19:25:12,130 basehttp "GET /api/analytics/ HTTP/1.1" 200 2197
WARNING 2024-11-26 19:25:12,155 log Not Found: /api/analytics/api/analytics/api/
WARNING 2024-11-26 19:25:12,155 basehttp "GET /api/analytics/api/analytics/api/ HTTP/1.1" 404 13802
INFO 2024-11-26 19:25:13,111 basehttp "GET /api/analytics/ HTTP/1.1" 200 2197
WARNING 2024-11-26 19:25:13,145 log Not Found: /api/analytics/api/analytics/api/
WARNING 2024-11-26 19:25:13,145 basehttp "GET /api/analytics/api/analytics/api/ HTTP/1.1" 404 13802
INFO 2024-11-26 19:25:13,959 basehttp "GET /api/analytics/ HTTP/1.1" 200 2197
WARNING 2024-11-26 19:25:13,975 log Not Found: /api/analytics/api/analytics/api/
WARNING 2024-11-26 19:25:13,975 basehttp "GET /api/analytics/api/analytics/api/ HTTP/1.1" 404 13802
INFO 2024-11-26 19:25:14,869 basehttp "GET /api/analytics/ HTTP/1.1" 200 2197
WARNING 2024-11-26 19:25:14,884 log Not Found: /api/analytics/api/analytics/api/
WARNING 2024-11-26 19:25:14,885 basehttp "GET /api/analytics/api/analytics/api/ HTTP/1.1" 404 13802
INFO 2024-11-26 19:25:37,214 basehttp "GET /api/analytics/ HTTP/1.1" 200 2183
WARNING 2024-11-26 19:25:37,226 log Unauthorized: /api/analytics/api/
WARNING 2024-11-26 19:25:37,227 basehttp "GET /api/analytics/api/ HTTP/1.1" 401 107
INFO 2024-11-26 19:26:04,325 basehttp "GET /admin/ HTTP/1.1" 200 14303
INFO 2024-11-26 19:26:04,344 basehttp "GET /static/admin/css/base.css HTTP/1.1" 304 0
INFO 2024-11-26 19:26:04,344 basehttp "GET /static/admin/css/dark_mode.css HTTP/1.1" 304 0
INFO 2024-11-26 19:26:04,344 basehttp "GET /static/admin/css/nav_sidebar.css HTTP/1.1" 304 0
INFO 2024-11-26 19:26:04,346 basehttp "GET /static/admin/css/dashboard.css HTTP/1.1" 304 0
INFO 2024-11-26 19:26:04,347 basehttp "GET /static/admin/css/responsive.css HTTP/1.1" 304 0
INFO 2024-11-26 19:26:04,347 basehttp "GET /static/admin/js/theme.js HTTP/1.1" 304 0
INFO 2024-11-26 19:26:04,353 basehttp "GET /static/admin/js/nav_sidebar.js HTTP/1.1" 304 0
INFO 2024-11-26 19:26:04,360 basehttp "GET /static/admin/img/icon-deletelink.svg HTTP/1.1" 304 0
INFO 2024-11-26 19:26:04,360 basehttp "GET /static/admin/img/icon-addlink.svg HTTP/1.1" 304 0
INFO 2024-11-26 19:26:04,360 basehttp "GET /static/admin/img/icon-changelink.svg HTTP/1.1" 304 0
INFO 2024-11-26 19:26:08,296 basehttp "GET /api/analytics/ HTTP/1.1" 200 2183
WARNING 2024-11-26 19:26:08,311 log Unauthorized: /api/analytics/api/
WARNING 2024-11-26 19:26:08,312 basehttp "GET /api/analytics/api/ HTTP/1.1" 401 107
INFO 2024-11-26 19:26:09,517 basehttp "GET /api/analytics/ HTTP/1.1" 200 2183
WARNING 2024-11-26 19:26:09,530 log Unauthorized: /api/analytics/api/
WARNING 2024-11-26 19:26:09,530 basehttp "GET /api/analytics/api/ HTTP/1.1" 401 107
INFO 2024-11-26 19:28:07,966 basehttp "GET /api/analytics/ HTTP/1.1" 200 2183
WARNING 2024-11-26 19:28:07,985 log Unauthorized: /api/analytics/api/
WARNING 2024-11-26 19:28:07,985 basehttp "GET /api/analytics/api/ HTTP/1.1" 401 107
INFO 2024-11-26 19:28:08,827 basehttp "GET /api/analytics/ HTTP/1.1" 200 2183
WARNING 2024-11-26 19:28:08,857 log Unauthorized: /api/analytics/api/
WARNING 2024-11-26 19:28:08,857 basehttp "GET /api/analytics/api/ HTTP/1.1" 401 107
INFO 2024-11-26 19:28:44,549 autoreload C:\Users\Dauren\PycharmProjects\Endterm\reports\views.py changed, reloading.
INFO 2024-11-26 19:28:45,074 autoreload Watching for file changes with StatReloader
INFO 2024-11-26 19:28:46,524 autoreload C:\Users\Dauren\PycharmProjects\Endterm\reports\views.py changed, reloading.
INFO 2024-11-26 19:28:46,965 autoreload Watching for file changes with StatReloader
INFO 2024-11-26 19:29:35,621 basehttp "POST /auth/jwt/create HTTP/1.1" 200 483
INFO 2024-11-26 19:29:57,200 basehttp "GET /api/analytics/api/ HTTP/1.1" 200 74
INFO 2024-11-26 19:30:25,644 basehttp "GET /api/analytics/ HTTP/1.1" 200 2411
INFO 2024-11-26 19:30:25,660 basehttp "GET /api/analytics/api/ HTTP/1.1" 200 74
INFO 2024-11-26 19:33:49,415 basehttp "GET /api/analytics/ HTTP/1.1" 200 2706
INFO 2024-11-26 19:33:51,315 basehttp "GET /api/analytics/ HTTP/1.1" 200 2706
INFO 2024-11-26 19:34:07,611 basehttp "GET /api/analytics/ HTTP/1.1" 200 2706
INFO 2024-11-26 19:34:08,037 basehttp "GET /api/analytics/ HTTP/1.1" 200 2706
INFO 2024-11-26 19:34:08,395 basehttp "GET /api/analytics/ HTTP/1.1" 200 2706
INFO 2024-11-26 19:34:08,573 basehttp "GET /api/analytics/ HTTP/1.1" 200 2706
INFO 2024-11-26 19:34:08,717 basehttp "GET /api/analytics/ HTTP/1.1" 200 2706
INFO 2024-11-26 19:34:08,863 basehttp "GET /api/analytics/ HTTP/1.1" 200 2706
INFO 2024-11-26 19:34:09,012 basehttp "GET /api/analytics/ HTTP/1.1" 200 2706
INFO 2024-11-26 19:34:09,157 basehttp "GET /api/analytics/ HTTP/1.1" 200 2706
INFO 2024-11-26 19:34:09,303 basehttp "GET /api/analytics/ HTTP/1.1" 200 2706
INFO 2024-11-26 19:34:09,465 basehttp "GET /api/analytics/ HTTP/1.1" 200 2706
INFO 2024-11-26 19:34:43,382 basehttp "GET /api/analytics/ HTTP/1.1" 200 2926
INFO 2024-11-26 19:34:44,165 basehttp "GET /api/analytics/ HTTP/1.1" 200 2926
INFO 2024-11-26 19:34:44,705 basehttp "GET /api/analytics/ HTTP/1.1" 200 2926
INFO 2024-11-26 19:34:45,174 basehttp "GET /api/analytics/ HTTP/1.1" 200 2926
INFO 2024-11-26 19:34:45,598 basehttp "GET /api/analytics/ HTTP/1.1" 200 2926
INFO 2024-11-26 19:34:46,068 basehttp "GET /api/analytics/ HTTP/1.1" 200 2926
INFO 2024-11-26 19:34:46,727 basehttp "GET /api/analytics/ HTTP/1.1" 200 2926
INFO 2024-11-26 19:35:16,063 basehttp "GET /api/analytics/ HTTP/1.1" 200 2411
WARNING 2024-11-26 19:35:16,075 log Unauthorized: /api/analytics/api/
WARNING 2024-11-26 19:35:16,075 basehttp "GET /api/analytics/api/ HTTP/1.1" 401 183
INFO 2024-11-26 19:35:16,931 basehttp "GET /api/analytics/ HTTP/1.1" 200 2411
WARNING 2024-11-26 19:35:16,945 log Unauthorized: /api/analytics/api/
WARNING 2024-11-26 19:35:16,945 basehttp "GET /api/analytics/api/ HTTP/1.1" 401 183
INFO 2024-11-26 19:35:17,394 basehttp "GET /api/analytics/ HTTP/1.1" 200 2411
WARNING 2024-11-26 19:35:17,409 log Unauthorized: /api/analytics/api/
WARNING 2024-11-26 19:35:17,409 basehttp "GET /api/analytics/api/ HTTP/1.1" 401 183
INFO 2024-11-26 19:35:35,444 basehttp "GET /api/analytics/ HTTP/1.1" 200 2411
WARNING 2024-11-26 19:35:35,456 log Unauthorized: /api/analytics/api/
WARNING 2024-11-26 19:35:35,457 basehttp "GET /api/analytics/api/ HTTP/1.1" 401 183
INFO 2024-11-26 19:35:35,916 basehttp "GET /api/analytics/ HTTP/1.1" 200 2411
WARNING 2024-11-26 19:35:35,930 log Unauthorized: /api/analytics/api/
WARNING 2024-11-26 19:35:35,930 basehttp "GET /api/analytics/api/ HTTP/1.1" 401 183
INFO 2024-11-26 19:35:36,106 basehttp "GET /api/analytics/ HTTP/1.1" 200 2411
WARNING 2024-11-26 19:35:36,120 log Unauthorized: /api/analytics/api/
WARNING 2024-11-26 19:35:36,120 basehttp "GET /api/analytics/api/ HTTP/1.1" 401 183
INFO 2024-11-26 19:35:47,031 basehttp "GET /api/analytics/ HTTP/1.1" 200 2411
INFO 2024-11-26 19:35:47,053 basehttp "GET /api/analytics/api/ HTTP/1.1" 200 74
INFO 2024-11-26 19:36:41,310 basehttp "POST /admin/logout/ HTTP/1.1" 200 3559
INFO 2024-11-26 19:36:54,442 views Login page accessed
INFO 2024-11-26 19:36:54,470 basehttp "GET /auth/login/ HTTP/1.1" 200 1676
INFO 2024-11-26 19:36:59,246 basehttp "POST /auth/jwt/create/ HTTP/1.1" 200 483
WARNING 2024-11-26 19:37:00,528 log Not Found: /
WARNING 2024-11-26 19:37:00,528 basehttp "GET / HTTP/1.1" 404 2747
INFO 2024-11-26 19:37:02,245 basehttp "GET /api/analytics/ HTTP/1.1" 200 2706
INFO 2024-11-26 19:37:24,552 basehttp "GET /api/analytics/ HTTP/1.1" 200 2706
INFO 2024-11-26 19:37:25,004 basehttp "GET /api/analytics/ HTTP/1.1" 200 2706
INFO 2024-11-26 19:37:25,339 basehttp "GET /api/analytics/ HTTP/1.1" 200 2706
INFO 2024-11-26 19:37:29,158 basehttp "POST /auth/jwt/create/ HTTP/1.1" 200 483
WARNING 2024-11-26 19:37:30,212 log Not Found: /
WARNING 2024-11-26 19:37:30,212 basehttp "GET / HTTP/1.1" 404 2747
INFO 2024-11-26 19:37:56,380 basehttp "GET /api/analytics/api/ HTTP/1.1" 200 74
INFO 2024-11-26 19:38:20,211 basehttp "GET /api/analytics/ HTTP/1.1" 200 2926
INFO 2024-11-26 19:38:20,798 basehttp "GET /api/analytics/ HTTP/1.1" 200 2926
INFO 2024-11-26 19:38:21,042 basehttp "GET /api/analytics/ HTTP/1.1" 200 2926
INFO 2024-11-26 19:38:21,220 basehttp "GET /api/analytics/ HTTP/1.1" 200 2926
INFO 2024-11-26 19:38:39,084 basehttp "GET /api/analytics/ HTTP/1.1" 200 2926
INFO 2024-11-26 19:38:39,570 basehttp "GET /api/analytics/ HTTP/1.1" 200 2926
INFO 2024-11-26 19:38:39,829 basehttp "GET /api/analytics/ HTTP/1.1" 200 2926
INFO 2024-11-26 19:38:39,974 basehttp "GET /api/analytics/ HTTP/1.1" 200 2926
INFO 2024-11-26 19:38:40,129 basehttp "GET /api/analytics/ HTTP/1.1" 200 2926
INFO 2024-11-26 19:38:40,257 basehttp "GET /api/analytics/ HTTP/1.1" 200 2926
INFO 2024-11-26 19:38:40,398 basehttp "GET /api/analytics/ HTTP/1.1" 200 2926
INFO 2024-11-26 19:38:40,551 basehttp "GET /api/analytics/ HTTP/1.1" 200 2926
INFO 2024-11-26 19:38:40,691 basehttp "GET /api/analytics/ HTTP/1.1" 200 2926
INFO 2024-11-26 19:38:40,836 basehttp "GET /api/analytics/ HTTP/1.1" 200 2926
INFO 2024-11-26 19:38:40,988 basehttp "GET /api/analytics/ HTTP/1.1" 200 2926
INFO 2024-11-26 19:38:41,178 basehttp "GET /api/analytics/ HTTP/1.1" 200 2926
INFO 2024-11-26 19:39:14,892 basehttp "GET /api/analytics/ HTTP/1.1" 200 2411
INFO 2024-11-26 19:39:14,907 basehttp "GET /api/analytics/api/ HTTP/1.1" 200 74
INFO 2024-11-26 19:40:05,240 basehttp "GET /api/analytics/ HTTP/1.1" 200 2706
INFO 2024-11-26 19:41:51,990 basehttp "GET /api/analytics/ HTTP/1.1" 200 2701
INFO 2024-11-26 19:41:52,011 basehttp "GET /api/analytics/api/ HTTP/1.1" 200 74
INFO 2024-11-26 19:46:55,762 basehttp "GET /api/analytics/ HTTP/1.1" 200 2649
INFO 2024-11-26 19:46:55,771 basehttp "GET /api/analytics/api/ HTTP/1.1" 200 74
INFO 2024-11-26 19:47:31,816 basehttp "GET /api/analytics/ HTTP/1.1" 200 2633
INFO 2024-11-26 19:47:31,830 basehttp "GET /api/analytics/api/ HTTP/1.1" 200 74
INFO 2024-11-26 19:49:31,046 autoreload C:\Users\Dauren\PycharmProjects\Endterm\Endterm\urls.py changed, reloading.
INFO 2024-11-26 19:49:31,538 autoreload Watching for file changes with StatReloader
INFO 2024-11-26 19:49:43,281 autoreload C:\Users\Dauren\PycharmProjects\Endterm\Endterm\urls.py changed, reloading.
INFO 2024-11-26 19:49:43,716 autoreload Watching for file changes with StatReloader
INFO 2024-11-26 19:50:35,969 autoreload Watching for file changes with StatReloader
ERROR 2024-11-26 19:50:54,181 log Internal Server Error: /api/docs/swagger/
Traceback (most recent call last):
  File "C:\Users\Dauren\PycharmProjects\Endterm\.venv\Lib\site-packages\django\core\handlers\exception.py", line 55, in inner
    response = get_response(request)
               ^^^^^^^^^^^^^^^^^^^^^
  File "C:\Users\Dauren\PycharmProjects\Endterm\.venv\Lib\site-packages\django\core\handlers\base.py", line 220, in _get_response
    response = response.render()
               ^^^^^^^^^^^^^^^^^
  File "C:\Users\Dauren\PycharmProjects\Endterm\.venv\Lib\site-packages\django\template\response.py", line 114, in render
    self.content = self.rendered_content
                   ^^^^^^^^^^^^^^^^^^^^^
  File "C:\Users\Dauren\PycharmProjects\Endterm\.venv\Lib\site-packages\rest_framework\response.py", line 74, in rendered_content
    ret = renderer.render(self.data, accepted_media_type, context)
          ^^^^^^^^^^^^^^^^^^^^^^^^^^^^^^^^^^^^^^^^^^^^^^^^^^^^^^^^
  File "C:\Users\Dauren\PycharmProjects\Endterm\.venv\Lib\site-packages\rest_framework\renderers.py", line 160, in render
    template = self.resolve_template(template_names)
               ^^^^^^^^^^^^^^^^^^^^^^^^^^^^^^^^^^^^^
  File "C:\Users\Dauren\PycharmProjects\Endterm\.venv\Lib\site-packages\rest_framework\renderers.py", line 170, in resolve_template
    return loader.select_template(template_names)
           ^^^^^^^^^^^^^^^^^^^^^^^^^^^^^^^^^^^^^^
  File "C:\Users\Dauren\PycharmProjects\Endterm\.venv\Lib\site-packages\django\template\loader.py", line 47, in select_template
    raise TemplateDoesNotExist(", ".join(template_name_list), chain=chain)
django.template.exceptions.TemplateDoesNotExist: drf_spectacular/swagger_ui.html
ERROR 2024-11-26 19:50:54,183 basehttp "GET /api/docs/swagger/ HTTP/1.1" 500 90561
INFO 2024-11-26 19:52:54,113 autoreload C:\Users\Dauren\PycharmProjects\Endterm\Endterm\settings.py changed, reloading.
INFO 2024-11-26 19:52:54,578 autoreload Watching for file changes with StatReloader
INFO 2024-11-26 19:52:57,336 basehttp "GET /api/docs/swagger/ HTTP/1.1" 200 4640
ERROR 2024-11-26 19:52:57,787 log Internal Server Error: /api/schema/
Traceback (most recent call last):
  File "C:\Users\Dauren\PycharmProjects\Endterm\.venv\Lib\site-packages\django\core\handlers\exception.py", line 55, in inner
    response = get_response(request)
               ^^^^^^^^^^^^^^^^^^^^^
  File "C:\Users\Dauren\PycharmProjects\Endterm\.venv\Lib\site-packages\django\core\handlers\base.py", line 197, in _get_response
    response = wrapped_callback(request, *callback_args, **callback_kwargs)
               ^^^^^^^^^^^^^^^^^^^^^^^^^^^^^^^^^^^^^^^^^^^^^^^^^^^^^^^^^^^^
  File "C:\Users\Dauren\PycharmProjects\Endterm\.venv\Lib\site-packages\django\views\decorators\csrf.py", line 65, in _view_wrapper
    return view_func(request, *args, **kwargs)
           ^^^^^^^^^^^^^^^^^^^^^^^^^^^^^^^^^^^
  File "C:\Users\Dauren\PycharmProjects\Endterm\.venv\Lib\site-packages\django\views\generic\base.py", line 104, in view
    return self.dispatch(request, *args, **kwargs)
           ^^^^^^^^^^^^^^^^^^^^^^^^^^^^^^^^^^^^^^^
  File "C:\Users\Dauren\PycharmProjects\Endterm\.venv\Lib\site-packages\rest_framework\views.py", line 509, in dispatch
    response = self.handle_exception(exc)
               ^^^^^^^^^^^^^^^^^^^^^^^^^^
  File "C:\Users\Dauren\PycharmProjects\Endterm\.venv\Lib\site-packages\rest_framework\views.py", line 469, in handle_exception
    self.raise_uncaught_exception(exc)
  File "C:\Users\Dauren\PycharmProjects\Endterm\.venv\Lib\site-packages\rest_framework\views.py", line 480, in raise_uncaught_exception
    raise exc
  File "C:\Users\Dauren\PycharmProjects\Endterm\.venv\Lib\site-packages\rest_framework\views.py", line 506, in dispatch
    response = handler(request, *args, **kwargs)
               ^^^^^^^^^^^^^^^^^^^^^^^^^^^^^^^^^
  File "C:\Users\Dauren\PycharmProjects\Endterm\.venv\Lib\site-packages\drf_spectacular\views.py", line 84, in get
    return self._get_schema_response(request)
           ^^^^^^^^^^^^^^^^^^^^^^^^^^^^^^^^^^
  File "C:\Users\Dauren\PycharmProjects\Endterm\.venv\Lib\site-packages\drf_spectacular\views.py", line 92, in _get_schema_response
    data=generator.get_schema(request=request, public=self.serve_public),
         ^^^^^^^^^^^^^^^^^^^^^^^^^^^^^^^^^^^^^^^^^^^^^^^^^^^^^^^^^^^^^^^
  File "C:\Users\Dauren\PycharmProjects\Endterm\.venv\Lib\site-packages\drf_spectacular\generators.py", line 285, in get_schema
    paths=self.parse(request, public),
          ^^^^^^^^^^^^^^^^^^^^^^^^^^^
  File "C:\Users\Dauren\PycharmProjects\Endterm\.venv\Lib\site-packages\drf_spectacular\generators.py", line 250, in parse
    assert isinstance(view.schema, AutoSchema), (
           ^^^^^^^^^^^^^^^^^^^^^^^^^^^^^^^^^^^
AssertionError: Incompatible AutoSchema used on View <class 'reports.views.AnalyticsAPIView'>. Is DRF's DEFAULT_SCHEMA_CLASS pointing to "drf_spectacular.openapi.AutoSchema" or any other drf-spectacular compatible AutoSchema?
ERROR 2024-11-26 19:52:57,789 basehttp "GET /api/schema/ HTTP/1.1" 500 116397
ERROR 2024-11-26 19:52:57,812 log Internal Server Error: /api/schema/
Traceback (most recent call last):
  File "C:\Users\Dauren\PycharmProjects\Endterm\.venv\Lib\site-packages\django\core\handlers\exception.py", line 55, in inner
    response = get_response(request)
               ^^^^^^^^^^^^^^^^^^^^^
  File "C:\Users\Dauren\PycharmProjects\Endterm\.venv\Lib\site-packages\django\core\handlers\base.py", line 197, in _get_response
    response = wrapped_callback(request, *callback_args, **callback_kwargs)
               ^^^^^^^^^^^^^^^^^^^^^^^^^^^^^^^^^^^^^^^^^^^^^^^^^^^^^^^^^^^^
  File "C:\Users\Dauren\PycharmProjects\Endterm\.venv\Lib\site-packages\django\views\decorators\csrf.py", line 65, in _view_wrapper
    return view_func(request, *args, **kwargs)
           ^^^^^^^^^^^^^^^^^^^^^^^^^^^^^^^^^^^
  File "C:\Users\Dauren\PycharmProjects\Endterm\.venv\Lib\site-packages\django\views\generic\base.py", line 104, in view
    return self.dispatch(request, *args, **kwargs)
           ^^^^^^^^^^^^^^^^^^^^^^^^^^^^^^^^^^^^^^^
  File "C:\Users\Dauren\PycharmProjects\Endterm\.venv\Lib\site-packages\rest_framework\views.py", line 509, in dispatch
    response = self.handle_exception(exc)
               ^^^^^^^^^^^^^^^^^^^^^^^^^^
  File "C:\Users\Dauren\PycharmProjects\Endterm\.venv\Lib\site-packages\rest_framework\views.py", line 469, in handle_exception
    self.raise_uncaught_exception(exc)
  File "C:\Users\Dauren\PycharmProjects\Endterm\.venv\Lib\site-packages\rest_framework\views.py", line 480, in raise_uncaught_exception
    raise exc
  File "C:\Users\Dauren\PycharmProjects\Endterm\.venv\Lib\site-packages\rest_framework\views.py", line 506, in dispatch
    response = handler(request, *args, **kwargs)
               ^^^^^^^^^^^^^^^^^^^^^^^^^^^^^^^^^
  File "C:\Users\Dauren\PycharmProjects\Endterm\.venv\Lib\site-packages\drf_spectacular\views.py", line 84, in get
    return self._get_schema_response(request)
           ^^^^^^^^^^^^^^^^^^^^^^^^^^^^^^^^^^
  File "C:\Users\Dauren\PycharmProjects\Endterm\.venv\Lib\site-packages\drf_spectacular\views.py", line 92, in _get_schema_response
    data=generator.get_schema(request=request, public=self.serve_public),
         ^^^^^^^^^^^^^^^^^^^^^^^^^^^^^^^^^^^^^^^^^^^^^^^^^^^^^^^^^^^^^^^
  File "C:\Users\Dauren\PycharmProjects\Endterm\.venv\Lib\site-packages\drf_spectacular\generators.py", line 285, in get_schema
    paths=self.parse(request, public),
          ^^^^^^^^^^^^^^^^^^^^^^^^^^^
  File "C:\Users\Dauren\PycharmProjects\Endterm\.venv\Lib\site-packages\drf_spectacular\generators.py", line 250, in parse
    assert isinstance(view.schema, AutoSchema), (
           ^^^^^^^^^^^^^^^^^^^^^^^^^^^^^^^^^^^
AssertionError: Incompatible AutoSchema used on View <class 'reports.views.AnalyticsAPIView'>. Is DRF's DEFAULT_SCHEMA_CLASS pointing to "drf_spectacular.openapi.AutoSchema" or any other drf-spectacular compatible AutoSchema?
ERROR 2024-11-26 19:52:57,813 basehttp "GET /api/schema/ HTTP/1.1" 500 116397
INFO 2024-11-26 19:53:42,443 autoreload C:\Users\Dauren\PycharmProjects\Endterm\Endterm\settings.py changed, reloading.
INFO 2024-11-26 19:53:42,901 autoreload Watching for file changes with StatReloader
INFO 2024-11-26 19:53:49,702 autoreload C:\Users\Dauren\PycharmProjects\Endterm\Endterm\settings.py changed, reloading.
INFO 2024-11-26 19:53:50,146 autoreload Watching for file changes with StatReloader
INFO 2024-11-26 19:53:54,001 basehttp "GET /api/docs/swagger/ HTTP/1.1" 200 4652
INFO 2024-11-26 19:53:54,093 basehttp "GET /api/schema/ HTTP/1.1" 200 105264
INFO 2024-11-26 19:56:04,144 basehttp "GET /api/docs/swagger/ HTTP/1.1" 200 4652
INFO 2024-11-26 19:56:04,240 basehttp "GET /api/schema/ HTTP/1.1" 200 105264
INFO 2024-11-26 20:16:33,564 autoreload Watching for file changes with StatReloader
INFO 2024-11-26 20:16:41,201 basehttp "GET /api/analytics/ HTTP/1.1" 200 3915
INFO 2024-11-26 20:16:41,517 basehttp "GET /api/analytics/api/ HTTP/1.1" 200 74
INFO 2024-11-26 20:18:24,522 basehttp "GET /api/analytics/ HTTP/1.1" 200 3941
INFO 2024-11-26 20:18:24,540 basehttp "GET /api/analytics/api/ HTTP/1.1" 200 74
INFO 2024-11-26 20:18:25,051 views Product list accessed by AnonymousUser
INFO 2024-11-26 20:18:25,063 basehttp "GET /api/product-list/ HTTP/1.1" 200 2578
INFO 2024-11-26 20:20:17,005 views Product list accessed by AnonymousUser
INFO 2024-11-26 20:20:17,009 basehttp "GET /api/product-list/ HTTP/1.1" 200 2551
INFO 2024-11-26 20:20:17,613 views Login page accessed
INFO 2024-11-26 20:20:17,613 basehttp "GET /auth/login/ HTTP/1.1" 200 3001
INFO 2024-11-26 20:21:00,153 views Login page accessed
INFO 2024-11-26 20:21:00,154 basehttp "GET /auth/login/ HTTP/1.1" 200 3015
INFO 2024-11-26 20:21:03,823 views Product list accessed by AnonymousUser
INFO 2024-11-26 20:21:03,828 basehttp "GET /api/product-list/ HTTP/1.1" 200 2565
INFO 2024-11-26 20:25:24,307 autoreload C:\Users\Dauren\PycharmProjects\Endterm\reports\urls.py changed, reloading.
INFO 2024-11-26 20:25:24,813 autoreload Watching for file changes with StatReloader
INFO 2024-11-26 20:25:38,481 views Product list accessed by AnonymousUser
INFO 2024-11-26 20:25:38,497 basehttp "GET /api/product-list/ HTTP/1.1" 200 2748
INFO 2024-11-26 20:25:56,790 views Product list accessed by AnonymousUser
INFO 2024-11-26 20:25:56,794 basehttp "GET /api/product-list/ HTTP/1.1" 200 2730
INFO 2024-11-26 20:25:57,684 views Monthly report list accessed by AnonymousUser
INFO 2024-11-26 20:25:57,695 basehttp "GET /api/monthly-reports-list/ HTTP/1.1" 200 2667
INFO 2024-11-26 20:25:59,828 views Daily report list accessed by AnonymousUser
INFO 2024-11-26 20:25:59,837 basehttp "GET /api/daily-reports-list/ HTTP/1.1" 200 3128
INFO 2024-11-26 20:26:04,014 views Monthly report list accessed by AnonymousUser
INFO 2024-11-26 20:26:04,018 basehttp "GET /api/monthly-reports-list/ HTTP/1.1" 200 2667
INFO 2024-11-26 20:26:05,791 views Daily report list accessed by AnonymousUser
INFO 2024-11-26 20:26:05,795 basehttp "GET /api/daily-reports-list/ HTTP/1.1" 200 3128
INFO 2024-11-26 20:26:16,793 basehttp "GET /api/analytics/ HTTP/1.1" 200 4093
INFO 2024-11-26 20:26:16,855 basehttp "GET /api/analytics/api/ HTTP/1.1" 200 74
INFO 2024-11-26 20:26:17,618 views Register page accessed
INFO 2024-11-26 20:26:17,634 basehttp "GET /auth/register/ HTTP/1.1" 200 3623
INFO 2024-11-26 20:26:24,297 views Login page accessed
INFO 2024-11-26 20:26:24,298 basehttp "GET /auth/login/ HTTP/1.1" 200 3180
