INFO 2024-11-22 16:58:15,983 autoreload Watching for file changes with StatReloader
INFO 2024-11-22 17:00:18,866 basehttp "GET /admin/products/category/ HTTP/1.1" 200 12331
INFO 2024-11-22 17:00:18,894 basehttp "GET /admin/jsi18n/ HTTP/1.1" 200 3342
INFO 2024-11-22 17:00:53,582 views Product created by user: admin (Admin)
INFO 2024-11-22 17:00:53,590 basehttp "POST /api/products/ HTTP/1.1" 201 167
INFO 2024-11-22 17:01:29,641 views Product list accessed by admin (Admin)
INFO 2024-11-22 17:01:29,665 basehttp "GET /api/product-list/ HTTP/1.1" 200 1226
ERROR 2024-11-22 17:23:48,100 log Internal Server Error: /api/categories/
Traceback (most recent call last):
  File "C:\Users\Dauren\PycharmProjects\Endterm\.venv\Lib\site-packages\django\db\models\fields\related_descriptors.py", line 239, in __get__
    rel_obj = self.field.get_cached_value(instance)
              ^^^^^^^^^^^^^^^^^^^^^^^^^^^^^^^^^^^^^
  File "C:\Users\Dauren\PycharmProjects\Endterm\.venv\Lib\site-packages\django\db\models\fields\mixins.py", line 37, in get_cached_value
    return instance._state.fields_cache[self.cache_name]
           ~~~~~~~~~~~~~~~~~~~~~~~~~~~~^^^^^^^^^^^^^^^^^
KeyError: 'role'

During handling of the above exception, another exception occurred:

Traceback (most recent call last):
  File "C:\Users\Dauren\PycharmProjects\Endterm\.venv\Lib\site-packages\django\core\handlers\exception.py", line 55, in inner
    response = get_response(request)
               ^^^^^^^^^^^^^^^^^^^^^
  File "C:\Users\Dauren\PycharmProjects\Endterm\.venv\Lib\site-packages\django\core\handlers\base.py", line 197, in _get_response
    response = wrapped_callback(request, *callback_args, **callback_kwargs)
               ^^^^^^^^^^^^^^^^^^^^^^^^^^^^^^^^^^^^^^^^^^^^^^^^^^^^^^^^^^^^
  File "C:\Users\Dauren\PycharmProjects\Endterm\.venv\Lib\site-packages\django\views\decorators\csrf.py", line 65, in _view_wrapper
    return view_func(request, *args, **kwargs)
           ^^^^^^^^^^^^^^^^^^^^^^^^^^^^^^^^^^^
  File "C:\Users\Dauren\PycharmProjects\Endterm\.venv\Lib\site-packages\rest_framework\viewsets.py", line 124, in view
    return self.dispatch(request, *args, **kwargs)
           ^^^^^^^^^^^^^^^^^^^^^^^^^^^^^^^^^^^^^^^
  File "C:\Users\Dauren\PycharmProjects\Endterm\.venv\Lib\site-packages\rest_framework\views.py", line 509, in dispatch
    response = self.handle_exception(exc)
               ^^^^^^^^^^^^^^^^^^^^^^^^^^
  File "C:\Users\Dauren\PycharmProjects\Endterm\.venv\Lib\site-packages\rest_framework\views.py", line 469, in handle_exception
    self.raise_uncaught_exception(exc)
  File "C:\Users\Dauren\PycharmProjects\Endterm\.venv\Lib\site-packages\rest_framework\views.py", line 480, in raise_uncaught_exception
    raise exc
  File "C:\Users\Dauren\PycharmProjects\Endterm\.venv\Lib\site-packages\rest_framework\views.py", line 497, in dispatch
    self.initial(request, *args, **kwargs)
  File "C:\Users\Dauren\PycharmProjects\Endterm\.venv\Lib\site-packages\rest_framework\views.py", line 415, in initial
    self.check_permissions(request)
  File "C:\Users\Dauren\PycharmProjects\Endterm\.venv\Lib\site-packages\rest_framework\views.py", line 332, in check_permissions
    if not permission.has_permission(request, self):
           ^^^^^^^^^^^^^^^^^^^^^^^^^^^^^^^^^^^^^^^^
  File "C:\Users\Dauren\PycharmProjects\Endterm\users\permissions.py", line 5, in has_permission
    return request.user.is_authenticated and request.user.role.name == "Admin"
                                             ^^^^^^^^^^^^^^^^^
  File "C:\Users\Dauren\PycharmProjects\Endterm\.venv\Lib\site-packages\django\db\models\fields\related_descriptors.py", line 257, in __get__
    rel_obj = self.get_object(instance)
              ^^^^^^^^^^^^^^^^^^^^^^^^^
  File "C:\Users\Dauren\PycharmProjects\Endterm\.venv\Lib\site-packages\django\db\models\fields\related_descriptors.py", line 220, in get_object
    return qs.get(self.field.get_reverse_related_filter(instance))
           ^^^^^^^^^^^^^^^^^^^^^^^^^^^^^^^^^^^^^^^^^^^^^^^^^^^^^^^
  File "C:\Users\Dauren\PycharmProjects\Endterm\.venv\Lib\site-packages\django\db\models\query.py", line 649, in get
    raise self.model.DoesNotExist(
users.models.Role.DoesNotExist: Role matching query does not exist.
ERROR 2024-11-22 17:23:48,493 log Internal Server Error: /api/categories/
Traceback (most recent call last):
  File "C:\Users\Dauren\PycharmProjects\Endterm\.venv\Lib\site-packages\django\db\models\fields\related_descriptors.py", line 239, in __get__
    rel_obj = self.field.get_cached_value(instance)
              ^^^^^^^^^^^^^^^^^^^^^^^^^^^^^^^^^^^^^
  File "C:\Users\Dauren\PycharmProjects\Endterm\.venv\Lib\site-packages\django\db\models\fields\mixins.py", line 37, in get_cached_value
    return instance._state.fields_cache[self.cache_name]
           ~~~~~~~~~~~~~~~~~~~~~~~~~~~~^^^^^^^^^^^^^^^^^
KeyError: 'role'

During handling of the above exception, another exception occurred:

Traceback (most recent call last):
  File "C:\Users\Dauren\PycharmProjects\Endterm\.venv\Lib\site-packages\django\core\handlers\exception.py", line 55, in inner
    response = get_response(request)
               ^^^^^^^^^^^^^^^^^^^^^
  File "C:\Users\Dauren\PycharmProjects\Endterm\.venv\Lib\site-packages\django\core\handlers\base.py", line 197, in _get_response
    response = wrapped_callback(request, *callback_args, **callback_kwargs)
               ^^^^^^^^^^^^^^^^^^^^^^^^^^^^^^^^^^^^^^^^^^^^^^^^^^^^^^^^^^^^
  File "C:\Users\Dauren\PycharmProjects\Endterm\.venv\Lib\site-packages\django\views\decorators\csrf.py", line 65, in _view_wrapper
    return view_func(request, *args, **kwargs)
           ^^^^^^^^^^^^^^^^^^^^^^^^^^^^^^^^^^^
  File "C:\Users\Dauren\PycharmProjects\Endterm\.venv\Lib\site-packages\rest_framework\viewsets.py", line 124, in view
    return self.dispatch(request, *args, **kwargs)
           ^^^^^^^^^^^^^^^^^^^^^^^^^^^^^^^^^^^^^^^
  File "C:\Users\Dauren\PycharmProjects\Endterm\.venv\Lib\site-packages\rest_framework\views.py", line 509, in dispatch
    response = self.handle_exception(exc)
               ^^^^^^^^^^^^^^^^^^^^^^^^^^
  File "C:\Users\Dauren\PycharmProjects\Endterm\.venv\Lib\site-packages\rest_framework\views.py", line 469, in handle_exception
    self.raise_uncaught_exception(exc)
  File "C:\Users\Dauren\PycharmProjects\Endterm\.venv\Lib\site-packages\rest_framework\views.py", line 480, in raise_uncaught_exception
    raise exc
  File "C:\Users\Dauren\PycharmProjects\Endterm\.venv\Lib\site-packages\rest_framework\views.py", line 497, in dispatch
    self.initial(request, *args, **kwargs)
  File "C:\Users\Dauren\PycharmProjects\Endterm\.venv\Lib\site-packages\rest_framework\views.py", line 415, in initial
    self.check_permissions(request)
  File "C:\Users\Dauren\PycharmProjects\Endterm\.venv\Lib\site-packages\rest_framework\views.py", line 332, in check_permissions
    if not permission.has_permission(request, self):
           ^^^^^^^^^^^^^^^^^^^^^^^^^^^^^^^^^^^^^^^^
  File "C:\Users\Dauren\PycharmProjects\Endterm\users\permissions.py", line 5, in has_permission
    return request.user.is_authenticated and request.user.role.name == "Admin"
                                             ^^^^^^^^^^^^^^^^^
  File "C:\Users\Dauren\PycharmProjects\Endterm\.venv\Lib\site-packages\django\db\models\fields\related_descriptors.py", line 257, in __get__
    rel_obj = self.get_object(instance)
              ^^^^^^^^^^^^^^^^^^^^^^^^^
  File "C:\Users\Dauren\PycharmProjects\Endterm\.venv\Lib\site-packages\django\db\models\fields\related_descriptors.py", line 220, in get_object
    return qs.get(self.field.get_reverse_related_filter(instance))
           ^^^^^^^^^^^^^^^^^^^^^^^^^^^^^^^^^^^^^^^^^^^^^^^^^^^^^^^
  File "C:\Users\Dauren\PycharmProjects\Endterm\.venv\Lib\site-packages\django\db\models\query.py", line 649, in get
    raise self.model.DoesNotExist(
users.models.Role.DoesNotExist: Role matching query does not exist.
ERROR 2024-11-22 17:23:48,787 log Internal Server Error: /api/products/
Traceback (most recent call last):
  File "C:\Users\Dauren\PycharmProjects\Endterm\.venv\Lib\site-packages\django\db\models\fields\related_descriptors.py", line 239, in __get__
    rel_obj = self.field.get_cached_value(instance)
              ^^^^^^^^^^^^^^^^^^^^^^^^^^^^^^^^^^^^^
  File "C:\Users\Dauren\PycharmProjects\Endterm\.venv\Lib\site-packages\django\db\models\fields\mixins.py", line 37, in get_cached_value
    return instance._state.fields_cache[self.cache_name]
           ~~~~~~~~~~~~~~~~~~~~~~~~~~~~^^^^^^^^^^^^^^^^^
KeyError: 'role'

During handling of the above exception, another exception occurred:

Traceback (most recent call last):
  File "C:\Users\Dauren\PycharmProjects\Endterm\.venv\Lib\site-packages\django\core\handlers\exception.py", line 55, in inner
    response = get_response(request)
               ^^^^^^^^^^^^^^^^^^^^^
  File "C:\Users\Dauren\PycharmProjects\Endterm\.venv\Lib\site-packages\django\core\handlers\base.py", line 197, in _get_response
    response = wrapped_callback(request, *callback_args, **callback_kwargs)
               ^^^^^^^^^^^^^^^^^^^^^^^^^^^^^^^^^^^^^^^^^^^^^^^^^^^^^^^^^^^^
  File "C:\Users\Dauren\PycharmProjects\Endterm\.venv\Lib\site-packages\django\views\decorators\csrf.py", line 65, in _view_wrapper
    return view_func(request, *args, **kwargs)
           ^^^^^^^^^^^^^^^^^^^^^^^^^^^^^^^^^^^
  File "C:\Users\Dauren\PycharmProjects\Endterm\.venv\Lib\site-packages\rest_framework\viewsets.py", line 124, in view
    return self.dispatch(request, *args, **kwargs)
           ^^^^^^^^^^^^^^^^^^^^^^^^^^^^^^^^^^^^^^^
  File "C:\Users\Dauren\PycharmProjects\Endterm\.venv\Lib\site-packages\rest_framework\views.py", line 509, in dispatch
    response = self.handle_exception(exc)
               ^^^^^^^^^^^^^^^^^^^^^^^^^^
  File "C:\Users\Dauren\PycharmProjects\Endterm\.venv\Lib\site-packages\rest_framework\views.py", line 469, in handle_exception
    self.raise_uncaught_exception(exc)
  File "C:\Users\Dauren\PycharmProjects\Endterm\.venv\Lib\site-packages\rest_framework\views.py", line 480, in raise_uncaught_exception
    raise exc
  File "C:\Users\Dauren\PycharmProjects\Endterm\.venv\Lib\site-packages\rest_framework\views.py", line 497, in dispatch
    self.initial(request, *args, **kwargs)
  File "C:\Users\Dauren\PycharmProjects\Endterm\.venv\Lib\site-packages\rest_framework\views.py", line 415, in initial
    self.check_permissions(request)
  File "C:\Users\Dauren\PycharmProjects\Endterm\.venv\Lib\site-packages\rest_framework\views.py", line 332, in check_permissions
    if not permission.has_permission(request, self):
           ^^^^^^^^^^^^^^^^^^^^^^^^^^^^^^^^^^^^^^^^
  File "C:\Users\Dauren\PycharmProjects\Endterm\users\permissions.py", line 5, in has_permission
    return request.user.is_authenticated and request.user.role.name == "Admin"
                                             ^^^^^^^^^^^^^^^^^
  File "C:\Users\Dauren\PycharmProjects\Endterm\.venv\Lib\site-packages\django\db\models\fields\related_descriptors.py", line 257, in __get__
    rel_obj = self.get_object(instance)
              ^^^^^^^^^^^^^^^^^^^^^^^^^
  File "C:\Users\Dauren\PycharmProjects\Endterm\.venv\Lib\site-packages\django\db\models\fields\related_descriptors.py", line 220, in get_object
    return qs.get(self.field.get_reverse_related_filter(instance))
           ^^^^^^^^^^^^^^^^^^^^^^^^^^^^^^^^^^^^^^^^^^^^^^^^^^^^^^^
  File "C:\Users\Dauren\PycharmProjects\Endterm\.venv\Lib\site-packages\django\db\models\query.py", line 649, in get
    raise self.model.DoesNotExist(
users.models.Role.DoesNotExist: Role matching query does not exist.
ERROR 2024-11-22 17:23:49,082 log Internal Server Error: /api/products/
Traceback (most recent call last):
  File "C:\Users\Dauren\PycharmProjects\Endterm\.venv\Lib\site-packages\django\db\models\fields\related_descriptors.py", line 239, in __get__
    rel_obj = self.field.get_cached_value(instance)
              ^^^^^^^^^^^^^^^^^^^^^^^^^^^^^^^^^^^^^
  File "C:\Users\Dauren\PycharmProjects\Endterm\.venv\Lib\site-packages\django\db\models\fields\mixins.py", line 37, in get_cached_value
    return instance._state.fields_cache[self.cache_name]
           ~~~~~~~~~~~~~~~~~~~~~~~~~~~~^^^^^^^^^^^^^^^^^
KeyError: 'role'

During handling of the above exception, another exception occurred:

Traceback (most recent call last):
  File "C:\Users\Dauren\PycharmProjects\Endterm\.venv\Lib\site-packages\django\core\handlers\exception.py", line 55, in inner
    response = get_response(request)
               ^^^^^^^^^^^^^^^^^^^^^
  File "C:\Users\Dauren\PycharmProjects\Endterm\.venv\Lib\site-packages\django\core\handlers\base.py", line 197, in _get_response
    response = wrapped_callback(request, *callback_args, **callback_kwargs)
               ^^^^^^^^^^^^^^^^^^^^^^^^^^^^^^^^^^^^^^^^^^^^^^^^^^^^^^^^^^^^
  File "C:\Users\Dauren\PycharmProjects\Endterm\.venv\Lib\site-packages\django\views\decorators\csrf.py", line 65, in _view_wrapper
    return view_func(request, *args, **kwargs)
           ^^^^^^^^^^^^^^^^^^^^^^^^^^^^^^^^^^^
  File "C:\Users\Dauren\PycharmProjects\Endterm\.venv\Lib\site-packages\rest_framework\viewsets.py", line 124, in view
    return self.dispatch(request, *args, **kwargs)
           ^^^^^^^^^^^^^^^^^^^^^^^^^^^^^^^^^^^^^^^
  File "C:\Users\Dauren\PycharmProjects\Endterm\.venv\Lib\site-packages\rest_framework\views.py", line 509, in dispatch
    response = self.handle_exception(exc)
               ^^^^^^^^^^^^^^^^^^^^^^^^^^
  File "C:\Users\Dauren\PycharmProjects\Endterm\.venv\Lib\site-packages\rest_framework\views.py", line 469, in handle_exception
    self.raise_uncaught_exception(exc)
  File "C:\Users\Dauren\PycharmProjects\Endterm\.venv\Lib\site-packages\rest_framework\views.py", line 480, in raise_uncaught_exception
    raise exc
  File "C:\Users\Dauren\PycharmProjects\Endterm\.venv\Lib\site-packages\rest_framework\views.py", line 497, in dispatch
    self.initial(request, *args, **kwargs)
  File "C:\Users\Dauren\PycharmProjects\Endterm\.venv\Lib\site-packages\rest_framework\views.py", line 415, in initial
    self.check_permissions(request)
  File "C:\Users\Dauren\PycharmProjects\Endterm\.venv\Lib\site-packages\rest_framework\views.py", line 332, in check_permissions
    if not permission.has_permission(request, self):
           ^^^^^^^^^^^^^^^^^^^^^^^^^^^^^^^^^^^^^^^^
  File "C:\Users\Dauren\PycharmProjects\Endterm\users\permissions.py", line 5, in has_permission
    return request.user.is_authenticated and request.user.role.name == "Admin"
                                             ^^^^^^^^^^^^^^^^^
  File "C:\Users\Dauren\PycharmProjects\Endterm\.venv\Lib\site-packages\django\db\models\fields\related_descriptors.py", line 257, in __get__
    rel_obj = self.get_object(instance)
              ^^^^^^^^^^^^^^^^^^^^^^^^^
  File "C:\Users\Dauren\PycharmProjects\Endterm\.venv\Lib\site-packages\django\db\models\fields\related_descriptors.py", line 220, in get_object
    return qs.get(self.field.get_reverse_related_filter(instance))
           ^^^^^^^^^^^^^^^^^^^^^^^^^^^^^^^^^^^^^^^^^^^^^^^^^^^^^^^
  File "C:\Users\Dauren\PycharmProjects\Endterm\.venv\Lib\site-packages\django\db\models\query.py", line 649, in get
    raise self.model.DoesNotExist(
users.models.Role.DoesNotExist: Role matching query does not exist.
INFO 2024-11-22 17:23:49,085 views Product list accessed by AnonymousUser
INFO 2024-11-22 17:28:16,787 views Category created by user: admin (Admin)
INFO 2024-11-22 17:28:17,079 views Accessed Category List
INFO 2024-11-22 17:28:17,394 views Product created by user: admin (Admin)
INFO 2024-11-22 17:28:17,690 views Accessed Product List
INFO 2024-11-22 17:28:17,695 views Product list accessed by AnonymousUser
INFO 2024-11-22 17:33:49,635 views Category created by user: admin (Admin)
INFO 2024-11-22 17:33:49,934 views Accessed Category List
INFO 2024-11-22 17:33:50,232 views Product created by user: admin (Admin)
INFO 2024-11-22 17:33:50,529 views Accessed Product List
INFO 2024-11-22 17:33:50,536 views Product list accessed by AnonymousUser
INFO 2024-11-22 17:35:42,521 views Category created by user: admin (Admin)
INFO 2024-11-22 17:35:42,815 views Accessed Category List
INFO 2024-11-22 17:35:43,108 views Product created by user: admin (Admin)
INFO 2024-11-22 17:35:43,426 views Accessed Product List
INFO 2024-11-22 17:35:43,431 views Product list accessed by AnonymousUser
INFO 2024-11-22 17:37:36,047 views Category created by user: admin (Admin)
INFO 2024-11-22 17:37:36,346 views Accessed Category List
INFO 2024-11-22 17:37:36,641 views Product created by user: admin (Admin)
INFO 2024-11-22 17:37:36,937 views Accessed Product List
INFO 2024-11-22 17:37:36,942 views Product list accessed by AnonymousUser
INFO 2024-11-22 17:39:03,858 autoreload Watching for file changes with StatReloader
WARNING 2024-11-22 17:39:09,957 log Unauthorized: /api/products/
WARNING 2024-11-22 17:39:09,957 basehttp "GET /api/products/ HTTP/1.1" 401 183
WARNING 2024-11-22 17:39:15,901 log Unauthorized: /auth/jwt/create
WARNING 2024-11-22 17:39:15,901 basehttp "POST /auth/jwt/create HTTP/1.1" 401 63
WARNING 2024-11-22 17:39:23,328 log Unauthorized: /auth/jwt/create
WARNING 2024-11-22 17:39:23,328 basehttp "POST /auth/jwt/create HTTP/1.1" 401 63
INFO 2024-11-22 17:39:58,204 autoreload Watching for file changes with StatReloader
INFO 2024-11-22 17:40:02,424 basehttp "POST /auth/jwt/create HTTP/1.1" 200 483
INFO 2024-11-22 17:40:26,984 views Accessed Product List
INFO 2024-11-22 17:40:26,991 basehttp "GET /api/products/ HTTP/1.1" 200 737
INFO 2024-11-22 17:40:35,351 basehttp "GET /api/products/1/ HTTP/1.1" 200 138
INFO 2024-11-22 17:40:46,004 basehttp "GET /api/categories/1/ HTTP/1.1" 200 42
INFO 2024-11-22 17:41:36,404 views Category created by user: admin (Admin)
INFO 2024-11-22 17:41:36,704 views Accessed Category List
INFO 2024-11-22 17:41:37,001 views Product created by user: admin (Admin)
INFO 2024-11-22 17:41:37,300 views Accessed Product List
INFO 2024-11-22 17:41:37,306 views Product list accessed by AnonymousUser
INFO 2024-11-22 17:42:06,712 views Category created by user: admin (Admin)
INFO 2024-11-22 17:42:07,017 views Accessed Category List
INFO 2024-11-22 17:42:07,316 views Product created by user: admin (Admin)
INFO 2024-11-22 17:42:07,613 views Accessed Product List
INFO 2024-11-22 17:42:07,620 views Product list accessed by AnonymousUser
INFO 2024-11-22 17:43:12,392 views Category created by user: admin (Admin)
INFO 2024-11-22 17:43:12,688 views Accessed Category List
INFO 2024-11-22 17:43:12,983 views Product created by user: admin (Admin)
INFO 2024-11-22 17:43:13,280 views Accessed Product List
INFO 2024-11-22 17:43:13,287 views Product list accessed by AnonymousUser
INFO 2024-11-22 17:43:35,607 views Category created by user: admin (Admin)
INFO 2024-11-22 17:43:35,907 views Accessed Category List
INFO 2024-11-22 17:43:36,202 views Product created by user: admin (Admin)
INFO 2024-11-22 17:43:36,500 views Accessed Product List
INFO 2024-11-22 17:43:36,505 views Product list accessed by AnonymousUser
INFO 2024-11-22 17:46:01,282 views Category created by user: admin (Admin)
INFO 2024-11-22 17:46:01,574 views Accessed Category List
INFO 2024-11-22 17:46:01,871 views Product created by user: admin (Admin)
INFO 2024-11-22 17:46:02,172 views Accessed Product List
INFO 2024-11-22 17:46:02,175 views Product list accessed by AnonymousUser
INFO 2024-11-22 17:46:42,674 views Category created by user: admin (Admin)
INFO 2024-11-22 17:46:42,972 views Accessed Category List
INFO 2024-11-22 17:46:43,271 views Product created by user: admin (Admin)
INFO 2024-11-22 17:46:43,569 views Accessed Product List
INFO 2024-11-22 17:46:43,572 views Product list accessed by AnonymousUser
INFO 2024-11-22 17:47:17,813 views Category created by user: admin (Admin)
INFO 2024-11-22 17:47:18,114 views Accessed Category List
INFO 2024-11-22 17:47:18,411 views Product created by user: admin (Admin)
INFO 2024-11-22 17:47:18,706 views Accessed Product List
INFO 2024-11-22 17:47:18,711 views Product list accessed by AnonymousUser
INFO 2024-11-22 17:47:30,238 views Category created by user: admin (Admin)
INFO 2024-11-22 17:47:30,543 views Accessed Category List
INFO 2024-11-22 17:47:30,841 views Product created by user: admin (Admin)
INFO 2024-11-22 17:47:31,142 views Accessed Product List
INFO 2024-11-22 17:47:31,145 views Product list accessed by AnonymousUser
INFO 2024-11-22 17:47:38,265 views Category created by user: admin (Admin)
INFO 2024-11-22 17:47:38,567 views Accessed Category List
INFO 2024-11-22 17:47:38,865 views Product created by user: admin (Admin)
INFO 2024-11-22 17:47:39,159 views Accessed Product List
INFO 2024-11-22 17:47:39,161 views Product list accessed by AnonymousUser
INFO 2024-11-22 17:47:46,104 views Category created by user: admin (Admin)
INFO 2024-11-22 17:47:46,400 views Accessed Category List
INFO 2024-11-22 17:47:46,692 views Product created by user: admin (Admin)
INFO 2024-11-22 17:47:46,991 views Accessed Product List
INFO 2024-11-22 17:47:46,994 views Product list accessed by AnonymousUser
INFO 2024-11-22 17:47:57,424 views Category created by user: admin (Admin)
INFO 2024-11-22 17:47:57,717 views Accessed Category List
INFO 2024-11-22 17:47:58,019 views Product created by user: admin (Admin)
INFO 2024-11-22 17:47:58,318 views Accessed Product List
INFO 2024-11-22 17:47:58,320 views Product list accessed by AnonymousUser
INFO 2024-11-22 17:48:20,424 views Category created by user: admin (Admin)
INFO 2024-11-22 17:48:20,715 views Accessed Category List
INFO 2024-11-22 17:48:21,007 views Product created by user: admin (Admin)
INFO 2024-11-22 17:48:21,301 views Accessed Product List
INFO 2024-11-22 17:48:21,304 views Product list accessed by AnonymousUser
INFO 2024-11-22 17:48:36,681 views Category created by user: admin (Admin)
INFO 2024-11-22 17:48:36,986 views Accessed Category List
INFO 2024-11-22 17:48:37,286 views Product created by user: admin (Admin)
INFO 2024-11-22 17:48:37,583 views Accessed Product List
INFO 2024-11-22 17:48:37,585 views Product list accessed by AnonymousUser
INFO 2024-11-22 17:48:59,297 views Category created by user: admin (Admin)
INFO 2024-11-22 17:48:59,592 views Accessed Category List
INFO 2024-11-22 17:48:59,886 views Product created by user: admin (Admin)
INFO 2024-11-22 17:49:00,178 views Accessed Product List
INFO 2024-11-22 17:49:00,181 views Product list accessed by AnonymousUser
INFO 2024-11-22 17:59:18,456 autoreload Watching for file changes with StatReloader
INFO 2024-11-22 17:59:31,448 views Transactions list accessed by admin (Admin)
INFO 2024-11-22 17:59:31,480 basehttp "GET /api/transactions-list/ HTTP/1.1" 200 2755
INFO 2024-11-22 18:00:01,965 views Transactions list accessed by admin (Admin)
INFO 2024-11-22 18:00:01,976 basehttp "GET /api/transactions-list/ HTTP/1.1" 200 2817
INFO 2024-11-26 10:19:35,229 views Category created by user: admin (Admin)
INFO 2024-11-26 10:19:35,531 views Accessed Category List
INFO 2024-11-26 10:19:35,851 views Product created by user: admin (Admin)
INFO 2024-11-26 10:19:36,146 views Accessed Product List
INFO 2024-11-26 10:19:36,149 views Product list accessed by AnonymousUser
INFO 2024-11-26 10:19:36,482 views Transaction created by admin (Admin)
INFO 2024-11-26 10:19:37,096 views Transaction list accessed by admin (Admin)
INFO 2024-11-26 10:20:06,531 views Category created by user: admin (Admin)
INFO 2024-11-26 10:20:06,830 views Accessed Category List
INFO 2024-11-26 10:20:07,127 views Product created by user: admin (Admin)
INFO 2024-11-26 10:20:07,421 views Accessed Product List
INFO 2024-11-26 10:20:07,425 views Product list accessed by AnonymousUser
INFO 2024-11-26 10:20:07,736 views Transaction created by admin (Admin)
INFO 2024-11-26 10:20:08,328 views Transaction list accessed by admin (Admin)
INFO 2024-11-26 10:20:34,162 views Category created by user: admin (Admin)
INFO 2024-11-26 10:20:34,460 views Accessed Category List
INFO 2024-11-26 10:20:34,763 views Product created by user: admin (Admin)
INFO 2024-11-26 10:20:35,073 views Accessed Product List
INFO 2024-11-26 10:20:35,076 views Product list accessed by AnonymousUser
INFO 2024-11-26 10:20:35,406 views Transaction created by admin (Admin)
INFO 2024-11-26 10:20:36,020 views Transaction list accessed by admin (Admin)
INFO 2024-11-26 10:20:53,420 views Category created by user: admin (Admin)
INFO 2024-11-26 10:20:53,720 views Accessed Category List
INFO 2024-11-26 10:20:54,022 views Product created by user: admin (Admin)
INFO 2024-11-26 10:20:54,317 views Accessed Product List
INFO 2024-11-26 10:20:54,319 views Product list accessed by AnonymousUser
INFO 2024-11-26 10:20:54,620 views Transaction created by admin (Admin)
INFO 2024-11-26 10:20:55,220 views Transaction list accessed by admin (Admin)
INFO 2024-11-26 10:21:15,719 views Category created by user: admin (Admin)
INFO 2024-11-26 10:21:16,021 views Accessed Category List
INFO 2024-11-26 10:21:16,318 views Product created by user: admin (Admin)
INFO 2024-11-26 10:21:16,618 views Accessed Product List
INFO 2024-11-26 10:21:16,620 views Product list accessed by AnonymousUser
INFO 2024-11-26 10:21:16,922 views Transaction created by admin (Admin)
INFO 2024-11-26 10:21:33,618 views Category created by user: admin (Admin)
INFO 2024-11-26 10:21:33,916 views Accessed Category List
INFO 2024-11-26 10:21:34,214 views Product created by user: admin (Admin)
INFO 2024-11-26 10:21:34,513 views Accessed Product List
INFO 2024-11-26 10:21:34,516 views Product list accessed by AnonymousUser
INFO 2024-11-26 10:21:34,822 views Transaction created by admin (Admin)
INFO 2024-11-26 10:21:35,438 views Transaction list accessed by admin (Admin)
INFO 2024-11-26 10:21:55,433 views Category created by user: admin (Admin)
INFO 2024-11-26 10:21:55,733 views Accessed Category List
INFO 2024-11-26 10:21:56,036 views Product created by user: admin (Admin)
INFO 2024-11-26 10:21:56,333 views Accessed Product List
INFO 2024-11-26 10:21:56,335 views Product list accessed by AnonymousUser
INFO 2024-11-26 10:21:56,640 views Transaction created by admin (Admin)
INFO 2024-11-26 10:21:57,240 views Transaction list accessed by admin (Admin)
INFO 2024-11-26 10:22:08,216 views Category created by user: admin (Admin)
INFO 2024-11-26 10:22:08,525 views Accessed Category List
INFO 2024-11-26 10:22:08,825 views Product created by user: admin (Admin)
INFO 2024-11-26 10:22:09,123 views Accessed Product List
INFO 2024-11-26 10:22:09,126 views Product list accessed by AnonymousUser
INFO 2024-11-26 10:22:09,425 views Transaction created by admin (Admin)
INFO 2024-11-26 10:22:10,026 views Transaction list accessed by admin (Admin)
INFO 2024-11-26 10:25:37,462 views Transaction created by admin (Admin)
INFO 2024-11-26 10:25:38,056 views Transaction list accessed by admin (Admin)
INFO 2024-11-26 10:37:57,602 views Transaction created by admin (Admin)
INFO 2024-11-26 10:37:58,190 views Transaction list accessed by admin (Admin)
INFO 2024-11-26 10:38:30,019 views Transaction created by admin (Admin)
INFO 2024-11-26 10:40:28,066 views Transaction created by admin (Admin)
INFO 2024-11-26 10:40:52,487 views Transaction created by admin (Admin)
INFO 2024-11-26 10:40:53,075 views Transaction list accessed by admin (Admin)
INFO 2024-11-26 11:23:48,011 views Creating Daily Report for category Electronics
INFO 2024-11-26 11:23:48,598 views Creating Monthly Report for category Electronics
INFO 2024-11-26 11:27:04,019 views Creating Daily Report for category Electronics
INFO 2024-11-26 11:27:04,605 views Creating Monthly Report for category Electronics
INFO 2024-11-26 11:27:19,448 views Creating Daily Report for category Electronics
INFO 2024-11-26 11:27:20,041 views Creating Monthly Report for category Electronics
INFO 2024-11-26 11:27:37,031 views Creating Daily Report for category Electronics
INFO 2024-11-26 11:27:37,628 views Creating Monthly Report for category Electronics
INFO 2024-11-26 11:31:01,356 views Creating Daily Report for category Electronics
INFO 2024-11-26 11:31:01,938 views Creating Monthly Report for category Electronics
INFO 2024-11-26 11:31:23,148 views Creating Daily Report for category Electronics
INFO 2024-11-26 11:31:23,745 views Creating Monthly Report for category Electronics
INFO 2024-11-26 11:32:21,899 views Creating Daily Report for category Electronics
INFO 2024-11-26 11:32:22,495 views Creating Monthly Report for category Electronics
INFO 2024-11-26 11:34:20,791 views Creating Daily Report for category Electronics
INFO 2024-11-26 11:35:08,509 views Creating Daily Report for category Electronics
INFO 2024-11-26 11:35:28,365 views Creating Daily Report for category Electronics
INFO 2024-11-26 19:08:23,700 views Creating Daily Report for category Electronics
INFO 2024-11-26 19:08:43,854 views Creating Daily Report for category Electronics
INFO 2024-11-26 19:08:59,476 views Transaction created by admin (Admin)
INFO 2024-11-26 19:09:48,122 views Transaction created by admin (Admin)
INFO 2024-11-26 19:09:48,709 views Transaction list accessed by admin (Admin)
INFO 2024-11-26 19:10:06,674 views Transaction created by admin (Admin)
INFO 2024-11-26 19:10:07,271 views Transaction list accessed by admin (Admin)
INFO 2024-11-26 19:10:16,164 views Transaction created by admin (Admin)
INFO 2024-11-26 19:10:16,773 views Transaction list accessed by admin (Admin)
INFO 2024-11-26 19:10:23,917 views Transaction created by admin (Admin)
INFO 2024-11-26 19:10:24,501 views Transaction list accessed by admin (Admin)
INFO 2024-11-26 19:19:13,847 autoreload Watching for file changes with StatReloader
WARNING 2024-11-26 19:19:16,027 log Not Found: /
WARNING 2024-11-26 19:19:16,028 basehttp "GET / HTTP/1.1" 404 2747
WARNING 2024-11-26 19:19:16,114 log Not Found: /favicon.ico
WARNING 2024-11-26 19:19:16,114 basehttp "GET /favicon.ico HTTP/1.1" 404 2798
INFO 2024-11-26 19:19:40,812 basehttp "GET /api/analytics/ HTTP/1.1" 200 2194
WARNING 2024-11-26 19:19:41,446 log Not Found: /analytics/api/
WARNING 2024-11-26 19:19:41,447 basehttp "GET /analytics/api/ HTTP/1.1" 404 2807
INFO 2024-11-26 19:20:53,573 basehttp "GET /api/analytics/ HTTP/1.1" 200 2194
WARNING 2024-11-26 19:20:53,599 log Not Found: /analytics/api/
WARNING 2024-11-26 19:20:53,599 basehttp "GET /analytics/api/ HTTP/1.1" 404 2807
INFO 2024-11-26 19:20:54,108 basehttp "GET /api/analytics/ HTTP/1.1" 200 2194
WARNING 2024-11-26 19:20:54,124 log Not Found: /analytics/api/
WARNING 2024-11-26 19:20:54,125 basehttp "GET /analytics/api/ HTTP/1.1" 404 2807
INFO 2024-11-26 19:20:54,485 basehttp "GET /api/analytics/ HTTP/1.1" 200 2194
WARNING 2024-11-26 19:20:54,504 log Not Found: /analytics/api/
WARNING 2024-11-26 19:20:54,505 basehttp "GET /analytics/api/ HTTP/1.1" 404 2807
INFO 2024-11-26 19:20:54,804 basehttp "GET /api/analytics/ HTTP/1.1" 200 2194
WARNING 2024-11-26 19:20:54,820 log Not Found: /analytics/api/
WARNING 2024-11-26 19:20:54,821 basehttp "GET /analytics/api/ HTTP/1.1" 404 2807
INFO 2024-11-26 19:25:08,707 autoreload Watching for file changes with StatReloader
INFO 2024-11-26 19:25:12,130 basehttp "GET /api/analytics/ HTTP/1.1" 200 2197
WARNING 2024-11-26 19:25:12,155 log Not Found: /api/analytics/api/analytics/api/
WARNING 2024-11-26 19:25:12,155 basehttp "GET /api/analytics/api/analytics/api/ HTTP/1.1" 404 13802
INFO 2024-11-26 19:25:13,111 basehttp "GET /api/analytics/ HTTP/1.1" 200 2197
WARNING 2024-11-26 19:25:13,145 log Not Found: /api/analytics/api/analytics/api/
WARNING 2024-11-26 19:25:13,145 basehttp "GET /api/analytics/api/analytics/api/ HTTP/1.1" 404 13802
INFO 2024-11-26 19:25:13,959 basehttp "GET /api/analytics/ HTTP/1.1" 200 2197
WARNING 2024-11-26 19:25:13,975 log Not Found: /api/analytics/api/analytics/api/
WARNING 2024-11-26 19:25:13,975 basehttp "GET /api/analytics/api/analytics/api/ HTTP/1.1" 404 13802
INFO 2024-11-26 19:25:14,869 basehttp "GET /api/analytics/ HTTP/1.1" 200 2197
WARNING 2024-11-26 19:25:14,884 log Not Found: /api/analytics/api/analytics/api/
WARNING 2024-11-26 19:25:14,885 basehttp "GET /api/analytics/api/analytics/api/ HTTP/1.1" 404 13802
INFO 2024-11-26 19:25:37,214 basehttp "GET /api/analytics/ HTTP/1.1" 200 2183
WARNING 2024-11-26 19:25:37,226 log Unauthorized: /api/analytics/api/
WARNING 2024-11-26 19:25:37,227 basehttp "GET /api/analytics/api/ HTTP/1.1" 401 107
INFO 2024-11-26 19:26:04,325 basehttp "GET /admin/ HTTP/1.1" 200 14303
INFO 2024-11-26 19:26:04,344 basehttp "GET /static/admin/css/base.css HTTP/1.1" 304 0
INFO 2024-11-26 19:26:04,344 basehttp "GET /static/admin/css/dark_mode.css HTTP/1.1" 304 0
INFO 2024-11-26 19:26:04,344 basehttp "GET /static/admin/css/nav_sidebar.css HTTP/1.1" 304 0
INFO 2024-11-26 19:26:04,346 basehttp "GET /static/admin/css/dashboard.css HTTP/1.1" 304 0
INFO 2024-11-26 19:26:04,347 basehttp "GET /static/admin/css/responsive.css HTTP/1.1" 304 0
INFO 2024-11-26 19:26:04,347 basehttp "GET /static/admin/js/theme.js HTTP/1.1" 304 0
INFO 2024-11-26 19:26:04,353 basehttp "GET /static/admin/js/nav_sidebar.js HTTP/1.1" 304 0
INFO 2024-11-26 19:26:04,360 basehttp "GET /static/admin/img/icon-deletelink.svg HTTP/1.1" 304 0
INFO 2024-11-26 19:26:04,360 basehttp "GET /static/admin/img/icon-addlink.svg HTTP/1.1" 304 0
INFO 2024-11-26 19:26:04,360 basehttp "GET /static/admin/img/icon-changelink.svg HTTP/1.1" 304 0
INFO 2024-11-26 19:26:08,296 basehttp "GET /api/analytics/ HTTP/1.1" 200 2183
WARNING 2024-11-26 19:26:08,311 log Unauthorized: /api/analytics/api/
WARNING 2024-11-26 19:26:08,312 basehttp "GET /api/analytics/api/ HTTP/1.1" 401 107
INFO 2024-11-26 19:26:09,517 basehttp "GET /api/analytics/ HTTP/1.1" 200 2183
WARNING 2024-11-26 19:26:09,530 log Unauthorized: /api/analytics/api/
WARNING 2024-11-26 19:26:09,530 basehttp "GET /api/analytics/api/ HTTP/1.1" 401 107
INFO 2024-11-26 19:28:07,966 basehttp "GET /api/analytics/ HTTP/1.1" 200 2183
WARNING 2024-11-26 19:28:07,985 log Unauthorized: /api/analytics/api/
WARNING 2024-11-26 19:28:07,985 basehttp "GET /api/analytics/api/ HTTP/1.1" 401 107
INFO 2024-11-26 19:28:08,827 basehttp "GET /api/analytics/ HTTP/1.1" 200 2183
WARNING 2024-11-26 19:28:08,857 log Unauthorized: /api/analytics/api/
WARNING 2024-11-26 19:28:08,857 basehttp "GET /api/analytics/api/ HTTP/1.1" 401 107
INFO 2024-11-26 19:28:44,549 autoreload C:\Users\Dauren\PycharmProjects\Endterm\reports\views.py changed, reloading.
INFO 2024-11-26 19:28:45,074 autoreload Watching for file changes with StatReloader
INFO 2024-11-26 19:28:46,524 autoreload C:\Users\Dauren\PycharmProjects\Endterm\reports\views.py changed, reloading.
INFO 2024-11-26 19:28:46,965 autoreload Watching for file changes with StatReloader
INFO 2024-11-26 19:29:35,621 basehttp "POST /auth/jwt/create HTTP/1.1" 200 483
INFO 2024-11-26 19:29:57,200 basehttp "GET /api/analytics/api/ HTTP/1.1" 200 74
INFO 2024-11-26 19:30:25,644 basehttp "GET /api/analytics/ HTTP/1.1" 200 2411
INFO 2024-11-26 19:30:25,660 basehttp "GET /api/analytics/api/ HTTP/1.1" 200 74
INFO 2024-11-26 19:33:49,415 basehttp "GET /api/analytics/ HTTP/1.1" 200 2706
INFO 2024-11-26 19:33:51,315 basehttp "GET /api/analytics/ HTTP/1.1" 200 2706
INFO 2024-11-26 19:34:07,611 basehttp "GET /api/analytics/ HTTP/1.1" 200 2706
INFO 2024-11-26 19:34:08,037 basehttp "GET /api/analytics/ HTTP/1.1" 200 2706
INFO 2024-11-26 19:34:08,395 basehttp "GET /api/analytics/ HTTP/1.1" 200 2706
INFO 2024-11-26 19:34:08,573 basehttp "GET /api/analytics/ HTTP/1.1" 200 2706
INFO 2024-11-26 19:34:08,717 basehttp "GET /api/analytics/ HTTP/1.1" 200 2706
INFO 2024-11-26 19:34:08,863 basehttp "GET /api/analytics/ HTTP/1.1" 200 2706
INFO 2024-11-26 19:34:09,012 basehttp "GET /api/analytics/ HTTP/1.1" 200 2706
INFO 2024-11-26 19:34:09,157 basehttp "GET /api/analytics/ HTTP/1.1" 200 2706
INFO 2024-11-26 19:34:09,303 basehttp "GET /api/analytics/ HTTP/1.1" 200 2706
INFO 2024-11-26 19:34:09,465 basehttp "GET /api/analytics/ HTTP/1.1" 200 2706
INFO 2024-11-26 19:34:43,382 basehttp "GET /api/analytics/ HTTP/1.1" 200 2926
INFO 2024-11-26 19:34:44,165 basehttp "GET /api/analytics/ HTTP/1.1" 200 2926
INFO 2024-11-26 19:34:44,705 basehttp "GET /api/analytics/ HTTP/1.1" 200 2926
INFO 2024-11-26 19:34:45,174 basehttp "GET /api/analytics/ HTTP/1.1" 200 2926
INFO 2024-11-26 19:34:45,598 basehttp "GET /api/analytics/ HTTP/1.1" 200 2926
INFO 2024-11-26 19:34:46,068 basehttp "GET /api/analytics/ HTTP/1.1" 200 2926
INFO 2024-11-26 19:34:46,727 basehttp "GET /api/analytics/ HTTP/1.1" 200 2926
INFO 2024-11-26 19:35:16,063 basehttp "GET /api/analytics/ HTTP/1.1" 200 2411
WARNING 2024-11-26 19:35:16,075 log Unauthorized: /api/analytics/api/
WARNING 2024-11-26 19:35:16,075 basehttp "GET /api/analytics/api/ HTTP/1.1" 401 183
INFO 2024-11-26 19:35:16,931 basehttp "GET /api/analytics/ HTTP/1.1" 200 2411
WARNING 2024-11-26 19:35:16,945 log Unauthorized: /api/analytics/api/
WARNING 2024-11-26 19:35:16,945 basehttp "GET /api/analytics/api/ HTTP/1.1" 401 183
INFO 2024-11-26 19:35:17,394 basehttp "GET /api/analytics/ HTTP/1.1" 200 2411
WARNING 2024-11-26 19:35:17,409 log Unauthorized: /api/analytics/api/
WARNING 2024-11-26 19:35:17,409 basehttp "GET /api/analytics/api/ HTTP/1.1" 401 183
INFO 2024-11-26 19:35:35,444 basehttp "GET /api/analytics/ HTTP/1.1" 200 2411
WARNING 2024-11-26 19:35:35,456 log Unauthorized: /api/analytics/api/
WARNING 2024-11-26 19:35:35,457 basehttp "GET /api/analytics/api/ HTTP/1.1" 401 183
INFO 2024-11-26 19:35:35,916 basehttp "GET /api/analytics/ HTTP/1.1" 200 2411
WARNING 2024-11-26 19:35:35,930 log Unauthorized: /api/analytics/api/
WARNING 2024-11-26 19:35:35,930 basehttp "GET /api/analytics/api/ HTTP/1.1" 401 183
INFO 2024-11-26 19:35:36,106 basehttp "GET /api/analytics/ HTTP/1.1" 200 2411
WARNING 2024-11-26 19:35:36,120 log Unauthorized: /api/analytics/api/
WARNING 2024-11-26 19:35:36,120 basehttp "GET /api/analytics/api/ HTTP/1.1" 401 183
INFO 2024-11-26 19:35:47,031 basehttp "GET /api/analytics/ HTTP/1.1" 200 2411
INFO 2024-11-26 19:35:47,053 basehttp "GET /api/analytics/api/ HTTP/1.1" 200 74
INFO 2024-11-26 19:36:41,310 basehttp "POST /admin/logout/ HTTP/1.1" 200 3559
INFO 2024-11-26 19:36:54,442 views Login page accessed
INFO 2024-11-26 19:36:54,470 basehttp "GET /auth/login/ HTTP/1.1" 200 1676
INFO 2024-11-26 19:36:59,246 basehttp "POST /auth/jwt/create/ HTTP/1.1" 200 483
WARNING 2024-11-26 19:37:00,528 log Not Found: /
WARNING 2024-11-26 19:37:00,528 basehttp "GET / HTTP/1.1" 404 2747
INFO 2024-11-26 19:37:02,245 basehttp "GET /api/analytics/ HTTP/1.1" 200 2706
INFO 2024-11-26 19:37:24,552 basehttp "GET /api/analytics/ HTTP/1.1" 200 2706
INFO 2024-11-26 19:37:25,004 basehttp "GET /api/analytics/ HTTP/1.1" 200 2706
INFO 2024-11-26 19:37:25,339 basehttp "GET /api/analytics/ HTTP/1.1" 200 2706
INFO 2024-11-26 19:37:29,158 basehttp "POST /auth/jwt/create/ HTTP/1.1" 200 483
WARNING 2024-11-26 19:37:30,212 log Not Found: /
WARNING 2024-11-26 19:37:30,212 basehttp "GET / HTTP/1.1" 404 2747
INFO 2024-11-26 19:37:56,380 basehttp "GET /api/analytics/api/ HTTP/1.1" 200 74
INFO 2024-11-26 19:38:20,211 basehttp "GET /api/analytics/ HTTP/1.1" 200 2926
INFO 2024-11-26 19:38:20,798 basehttp "GET /api/analytics/ HTTP/1.1" 200 2926
INFO 2024-11-26 19:38:21,042 basehttp "GET /api/analytics/ HTTP/1.1" 200 2926
INFO 2024-11-26 19:38:21,220 basehttp "GET /api/analytics/ HTTP/1.1" 200 2926
INFO 2024-11-26 19:38:39,084 basehttp "GET /api/analytics/ HTTP/1.1" 200 2926
INFO 2024-11-26 19:38:39,570 basehttp "GET /api/analytics/ HTTP/1.1" 200 2926
INFO 2024-11-26 19:38:39,829 basehttp "GET /api/analytics/ HTTP/1.1" 200 2926
INFO 2024-11-26 19:38:39,974 basehttp "GET /api/analytics/ HTTP/1.1" 200 2926
INFO 2024-11-26 19:38:40,129 basehttp "GET /api/analytics/ HTTP/1.1" 200 2926
INFO 2024-11-26 19:38:40,257 basehttp "GET /api/analytics/ HTTP/1.1" 200 2926
INFO 2024-11-26 19:38:40,398 basehttp "GET /api/analytics/ HTTP/1.1" 200 2926
INFO 2024-11-26 19:38:40,551 basehttp "GET /api/analytics/ HTTP/1.1" 200 2926
INFO 2024-11-26 19:38:40,691 basehttp "GET /api/analytics/ HTTP/1.1" 200 2926
INFO 2024-11-26 19:38:40,836 basehttp "GET /api/analytics/ HTTP/1.1" 200 2926
INFO 2024-11-26 19:38:40,988 basehttp "GET /api/analytics/ HTTP/1.1" 200 2926
INFO 2024-11-26 19:38:41,178 basehttp "GET /api/analytics/ HTTP/1.1" 200 2926
INFO 2024-11-26 19:39:14,892 basehttp "GET /api/analytics/ HTTP/1.1" 200 2411
INFO 2024-11-26 19:39:14,907 basehttp "GET /api/analytics/api/ HTTP/1.1" 200 74
INFO 2024-11-26 19:40:05,240 basehttp "GET /api/analytics/ HTTP/1.1" 200 2706
INFO 2024-11-26 19:41:51,990 basehttp "GET /api/analytics/ HTTP/1.1" 200 2701
INFO 2024-11-26 19:41:52,011 basehttp "GET /api/analytics/api/ HTTP/1.1" 200 74
INFO 2024-11-26 19:46:55,762 basehttp "GET /api/analytics/ HTTP/1.1" 200 2649
INFO 2024-11-26 19:46:55,771 basehttp "GET /api/analytics/api/ HTTP/1.1" 200 74
INFO 2024-11-26 19:47:31,816 basehttp "GET /api/analytics/ HTTP/1.1" 200 2633
INFO 2024-11-26 19:47:31,830 basehttp "GET /api/analytics/api/ HTTP/1.1" 200 74
INFO 2024-11-26 19:49:31,046 autoreload C:\Users\Dauren\PycharmProjects\Endterm\Endterm\urls.py changed, reloading.
INFO 2024-11-26 19:49:31,538 autoreload Watching for file changes with StatReloader
INFO 2024-11-26 19:49:43,281 autoreload C:\Users\Dauren\PycharmProjects\Endterm\Endterm\urls.py changed, reloading.
INFO 2024-11-26 19:49:43,716 autoreload Watching for file changes with StatReloader
INFO 2024-11-26 19:50:35,969 autoreload Watching for file changes with StatReloader
ERROR 2024-11-26 19:50:54,181 log Internal Server Error: /api/docs/swagger/
Traceback (most recent call last):
  File "C:\Users\Dauren\PycharmProjects\Endterm\.venv\Lib\site-packages\django\core\handlers\exception.py", line 55, in inner
    response = get_response(request)
               ^^^^^^^^^^^^^^^^^^^^^
  File "C:\Users\Dauren\PycharmProjects\Endterm\.venv\Lib\site-packages\django\core\handlers\base.py", line 220, in _get_response
    response = response.render()
               ^^^^^^^^^^^^^^^^^
  File "C:\Users\Dauren\PycharmProjects\Endterm\.venv\Lib\site-packages\django\template\response.py", line 114, in render
    self.content = self.rendered_content
                   ^^^^^^^^^^^^^^^^^^^^^
  File "C:\Users\Dauren\PycharmProjects\Endterm\.venv\Lib\site-packages\rest_framework\response.py", line 74, in rendered_content
    ret = renderer.render(self.data, accepted_media_type, context)
          ^^^^^^^^^^^^^^^^^^^^^^^^^^^^^^^^^^^^^^^^^^^^^^^^^^^^^^^^
  File "C:\Users\Dauren\PycharmProjects\Endterm\.venv\Lib\site-packages\rest_framework\renderers.py", line 160, in render
    template = self.resolve_template(template_names)
               ^^^^^^^^^^^^^^^^^^^^^^^^^^^^^^^^^^^^^
  File "C:\Users\Dauren\PycharmProjects\Endterm\.venv\Lib\site-packages\rest_framework\renderers.py", line 170, in resolve_template
    return loader.select_template(template_names)
           ^^^^^^^^^^^^^^^^^^^^^^^^^^^^^^^^^^^^^^
  File "C:\Users\Dauren\PycharmProjects\Endterm\.venv\Lib\site-packages\django\template\loader.py", line 47, in select_template
    raise TemplateDoesNotExist(", ".join(template_name_list), chain=chain)
django.template.exceptions.TemplateDoesNotExist: drf_spectacular/swagger_ui.html
ERROR 2024-11-26 19:50:54,183 basehttp "GET /api/docs/swagger/ HTTP/1.1" 500 90561
INFO 2024-11-26 19:52:54,113 autoreload C:\Users\Dauren\PycharmProjects\Endterm\Endterm\settings.py changed, reloading.
INFO 2024-11-26 19:52:54,578 autoreload Watching for file changes with StatReloader
INFO 2024-11-26 19:52:57,336 basehttp "GET /api/docs/swagger/ HTTP/1.1" 200 4640
ERROR 2024-11-26 19:52:57,787 log Internal Server Error: /api/schema/
Traceback (most recent call last):
  File "C:\Users\Dauren\PycharmProjects\Endterm\.venv\Lib\site-packages\django\core\handlers\exception.py", line 55, in inner
    response = get_response(request)
               ^^^^^^^^^^^^^^^^^^^^^
  File "C:\Users\Dauren\PycharmProjects\Endterm\.venv\Lib\site-packages\django\core\handlers\base.py", line 197, in _get_response
    response = wrapped_callback(request, *callback_args, **callback_kwargs)
               ^^^^^^^^^^^^^^^^^^^^^^^^^^^^^^^^^^^^^^^^^^^^^^^^^^^^^^^^^^^^
  File "C:\Users\Dauren\PycharmProjects\Endterm\.venv\Lib\site-packages\django\views\decorators\csrf.py", line 65, in _view_wrapper
    return view_func(request, *args, **kwargs)
           ^^^^^^^^^^^^^^^^^^^^^^^^^^^^^^^^^^^
  File "C:\Users\Dauren\PycharmProjects\Endterm\.venv\Lib\site-packages\django\views\generic\base.py", line 104, in view
    return self.dispatch(request, *args, **kwargs)
           ^^^^^^^^^^^^^^^^^^^^^^^^^^^^^^^^^^^^^^^
  File "C:\Users\Dauren\PycharmProjects\Endterm\.venv\Lib\site-packages\rest_framework\views.py", line 509, in dispatch
    response = self.handle_exception(exc)
               ^^^^^^^^^^^^^^^^^^^^^^^^^^
  File "C:\Users\Dauren\PycharmProjects\Endterm\.venv\Lib\site-packages\rest_framework\views.py", line 469, in handle_exception
    self.raise_uncaught_exception(exc)
  File "C:\Users\Dauren\PycharmProjects\Endterm\.venv\Lib\site-packages\rest_framework\views.py", line 480, in raise_uncaught_exception
    raise exc
  File "C:\Users\Dauren\PycharmProjects\Endterm\.venv\Lib\site-packages\rest_framework\views.py", line 506, in dispatch
    response = handler(request, *args, **kwargs)
               ^^^^^^^^^^^^^^^^^^^^^^^^^^^^^^^^^
  File "C:\Users\Dauren\PycharmProjects\Endterm\.venv\Lib\site-packages\drf_spectacular\views.py", line 84, in get
    return self._get_schema_response(request)
           ^^^^^^^^^^^^^^^^^^^^^^^^^^^^^^^^^^
  File "C:\Users\Dauren\PycharmProjects\Endterm\.venv\Lib\site-packages\drf_spectacular\views.py", line 92, in _get_schema_response
    data=generator.get_schema(request=request, public=self.serve_public),
         ^^^^^^^^^^^^^^^^^^^^^^^^^^^^^^^^^^^^^^^^^^^^^^^^^^^^^^^^^^^^^^^
  File "C:\Users\Dauren\PycharmProjects\Endterm\.venv\Lib\site-packages\drf_spectacular\generators.py", line 285, in get_schema
    paths=self.parse(request, public),
          ^^^^^^^^^^^^^^^^^^^^^^^^^^^
  File "C:\Users\Dauren\PycharmProjects\Endterm\.venv\Lib\site-packages\drf_spectacular\generators.py", line 250, in parse
    assert isinstance(view.schema, AutoSchema), (
           ^^^^^^^^^^^^^^^^^^^^^^^^^^^^^^^^^^^
AssertionError: Incompatible AutoSchema used on View <class 'reports.views.AnalyticsAPIView'>. Is DRF's DEFAULT_SCHEMA_CLASS pointing to "drf_spectacular.openapi.AutoSchema" or any other drf-spectacular compatible AutoSchema?
ERROR 2024-11-26 19:52:57,789 basehttp "GET /api/schema/ HTTP/1.1" 500 116397
ERROR 2024-11-26 19:52:57,812 log Internal Server Error: /api/schema/
Traceback (most recent call last):
  File "C:\Users\Dauren\PycharmProjects\Endterm\.venv\Lib\site-packages\django\core\handlers\exception.py", line 55, in inner
    response = get_response(request)
               ^^^^^^^^^^^^^^^^^^^^^
  File "C:\Users\Dauren\PycharmProjects\Endterm\.venv\Lib\site-packages\django\core\handlers\base.py", line 197, in _get_response
    response = wrapped_callback(request, *callback_args, **callback_kwargs)
               ^^^^^^^^^^^^^^^^^^^^^^^^^^^^^^^^^^^^^^^^^^^^^^^^^^^^^^^^^^^^
  File "C:\Users\Dauren\PycharmProjects\Endterm\.venv\Lib\site-packages\django\views\decorators\csrf.py", line 65, in _view_wrapper
    return view_func(request, *args, **kwargs)
           ^^^^^^^^^^^^^^^^^^^^^^^^^^^^^^^^^^^
  File "C:\Users\Dauren\PycharmProjects\Endterm\.venv\Lib\site-packages\django\views\generic\base.py", line 104, in view
    return self.dispatch(request, *args, **kwargs)
           ^^^^^^^^^^^^^^^^^^^^^^^^^^^^^^^^^^^^^^^
  File "C:\Users\Dauren\PycharmProjects\Endterm\.venv\Lib\site-packages\rest_framework\views.py", line 509, in dispatch
    response = self.handle_exception(exc)
               ^^^^^^^^^^^^^^^^^^^^^^^^^^
  File "C:\Users\Dauren\PycharmProjects\Endterm\.venv\Lib\site-packages\rest_framework\views.py", line 469, in handle_exception
    self.raise_uncaught_exception(exc)
  File "C:\Users\Dauren\PycharmProjects\Endterm\.venv\Lib\site-packages\rest_framework\views.py", line 480, in raise_uncaught_exception
    raise exc
  File "C:\Users\Dauren\PycharmProjects\Endterm\.venv\Lib\site-packages\rest_framework\views.py", line 506, in dispatch
    response = handler(request, *args, **kwargs)
               ^^^^^^^^^^^^^^^^^^^^^^^^^^^^^^^^^
  File "C:\Users\Dauren\PycharmProjects\Endterm\.venv\Lib\site-packages\drf_spectacular\views.py", line 84, in get
    return self._get_schema_response(request)
           ^^^^^^^^^^^^^^^^^^^^^^^^^^^^^^^^^^
  File "C:\Users\Dauren\PycharmProjects\Endterm\.venv\Lib\site-packages\drf_spectacular\views.py", line 92, in _get_schema_response
    data=generator.get_schema(request=request, public=self.serve_public),
         ^^^^^^^^^^^^^^^^^^^^^^^^^^^^^^^^^^^^^^^^^^^^^^^^^^^^^^^^^^^^^^^
  File "C:\Users\Dauren\PycharmProjects\Endterm\.venv\Lib\site-packages\drf_spectacular\generators.py", line 285, in get_schema
    paths=self.parse(request, public),
          ^^^^^^^^^^^^^^^^^^^^^^^^^^^
  File "C:\Users\Dauren\PycharmProjects\Endterm\.venv\Lib\site-packages\drf_spectacular\generators.py", line 250, in parse
    assert isinstance(view.schema, AutoSchema), (
           ^^^^^^^^^^^^^^^^^^^^^^^^^^^^^^^^^^^
AssertionError: Incompatible AutoSchema used on View <class 'reports.views.AnalyticsAPIView'>. Is DRF's DEFAULT_SCHEMA_CLASS pointing to "drf_spectacular.openapi.AutoSchema" or any other drf-spectacular compatible AutoSchema?
ERROR 2024-11-26 19:52:57,813 basehttp "GET /api/schema/ HTTP/1.1" 500 116397
INFO 2024-11-26 19:53:42,443 autoreload C:\Users\Dauren\PycharmProjects\Endterm\Endterm\settings.py changed, reloading.
INFO 2024-11-26 19:53:42,901 autoreload Watching for file changes with StatReloader
INFO 2024-11-26 19:53:49,702 autoreload C:\Users\Dauren\PycharmProjects\Endterm\Endterm\settings.py changed, reloading.
INFO 2024-11-26 19:53:50,146 autoreload Watching for file changes with StatReloader
INFO 2024-11-26 19:53:54,001 basehttp "GET /api/docs/swagger/ HTTP/1.1" 200 4652
INFO 2024-11-26 19:53:54,093 basehttp "GET /api/schema/ HTTP/1.1" 200 105264
INFO 2024-11-26 19:56:04,144 basehttp "GET /api/docs/swagger/ HTTP/1.1" 200 4652
INFO 2024-11-26 19:56:04,240 basehttp "GET /api/schema/ HTTP/1.1" 200 105264
INFO 2024-11-26 20:16:33,564 autoreload Watching for file changes with StatReloader
INFO 2024-11-26 20:16:41,201 basehttp "GET /api/analytics/ HTTP/1.1" 200 3915
INFO 2024-11-26 20:16:41,517 basehttp "GET /api/analytics/api/ HTTP/1.1" 200 74
INFO 2024-11-26 20:18:24,522 basehttp "GET /api/analytics/ HTTP/1.1" 200 3941
INFO 2024-11-26 20:18:24,540 basehttp "GET /api/analytics/api/ HTTP/1.1" 200 74
INFO 2024-11-26 20:18:25,051 views Product list accessed by AnonymousUser
INFO 2024-11-26 20:18:25,063 basehttp "GET /api/product-list/ HTTP/1.1" 200 2578
INFO 2024-11-26 20:20:17,005 views Product list accessed by AnonymousUser
INFO 2024-11-26 20:20:17,009 basehttp "GET /api/product-list/ HTTP/1.1" 200 2551
INFO 2024-11-26 20:20:17,613 views Login page accessed
INFO 2024-11-26 20:20:17,613 basehttp "GET /auth/login/ HTTP/1.1" 200 3001
INFO 2024-11-26 20:21:00,153 views Login page accessed
INFO 2024-11-26 20:21:00,154 basehttp "GET /auth/login/ HTTP/1.1" 200 3015
INFO 2024-11-26 20:21:03,823 views Product list accessed by AnonymousUser
INFO 2024-11-26 20:21:03,828 basehttp "GET /api/product-list/ HTTP/1.1" 200 2565
INFO 2024-11-26 20:25:24,307 autoreload C:\Users\Dauren\PycharmProjects\Endterm\reports\urls.py changed, reloading.
INFO 2024-11-26 20:25:24,813 autoreload Watching for file changes with StatReloader
INFO 2024-11-26 20:25:38,481 views Product list accessed by AnonymousUser
INFO 2024-11-26 20:25:38,497 basehttp "GET /api/product-list/ HTTP/1.1" 200 2748
INFO 2024-11-26 20:25:56,790 views Product list accessed by AnonymousUser
INFO 2024-11-26 20:25:56,794 basehttp "GET /api/product-list/ HTTP/1.1" 200 2730
INFO 2024-11-26 20:25:57,684 views Monthly report list accessed by AnonymousUser
INFO 2024-11-26 20:25:57,695 basehttp "GET /api/monthly-reports-list/ HTTP/1.1" 200 2667
INFO 2024-11-26 20:25:59,828 views Daily report list accessed by AnonymousUser
INFO 2024-11-26 20:25:59,837 basehttp "GET /api/daily-reports-list/ HTTP/1.1" 200 3128
INFO 2024-11-26 20:26:04,014 views Monthly report list accessed by AnonymousUser
INFO 2024-11-26 20:26:04,018 basehttp "GET /api/monthly-reports-list/ HTTP/1.1" 200 2667
INFO 2024-11-26 20:26:05,791 views Daily report list accessed by AnonymousUser
INFO 2024-11-26 20:26:05,795 basehttp "GET /api/daily-reports-list/ HTTP/1.1" 200 3128
INFO 2024-11-26 20:26:16,793 basehttp "GET /api/analytics/ HTTP/1.1" 200 4093
INFO 2024-11-26 20:26:16,855 basehttp "GET /api/analytics/api/ HTTP/1.1" 200 74
INFO 2024-11-26 20:26:17,618 views Register page accessed
INFO 2024-11-26 20:26:17,634 basehttp "GET /auth/register/ HTTP/1.1" 200 3623
INFO 2024-11-26 20:26:24,297 views Login page accessed
INFO 2024-11-26 20:26:24,298 basehttp "GET /auth/login/ HTTP/1.1" 200 3180
INFO 2024-11-26 20:27:03,089 views Login page accessed
INFO 2024-11-26 20:27:03,090 basehttp "GET /auth/login/ HTTP/1.1" 200 3301
INFO 2024-11-26 20:27:03,592 views Transactions list accessed by AnonymousUser
INFO 2024-11-26 20:27:03,610 basehttp "GET /api/transactions-list/ HTTP/1.1" 200 4442
INFO 2024-11-26 20:27:04,910 views Transactions list accessed by AnonymousUser
INFO 2024-11-26 20:27:04,920 basehttp "GET /api/transactions-list/ HTTP/1.1" 200 4442
INFO 2024-11-26 20:29:03,590 views Transactions list accessed by AnonymousUser
INFO 2024-11-26 20:29:03,601 basehttp "GET /api/transactions-list/ HTTP/1.1" 200 5576
INFO 2024-11-26 20:29:08,945 views Login page accessed
INFO 2024-11-26 20:29:08,947 basehttp "GET /auth/login/ HTTP/1.1" 200 3301
INFO 2024-11-26 20:31:03,536 views Login page accessed
INFO 2024-11-26 20:31:03,537 basehttp "GET /auth/login/ HTTP/1.1" 200 3414
INFO 2024-11-26 20:31:08,651 views Login page accessed
INFO 2024-11-26 20:31:08,653 basehttp "GET /auth/login/?username=admin&password=1234 HTTP/1.1" 200 3414
INFO 2024-11-26 20:31:25,502 views Login page accessed
INFO 2024-11-26 20:31:25,502 basehttp "GET /auth/login/?username=admin&password=1234 HTTP/1.1" 200 3414
INFO 2024-11-26 20:31:53,953 views Login page accessed
INFO 2024-11-26 20:31:53,954 basehttp "GET /auth/login/?username=admin&password=1234 HTTP/1.1" 200 3414
INFO 2024-11-26 20:32:26,391 views Login page accessed
INFO 2024-11-26 20:32:26,392 basehttp "GET /auth/login/?username=admin&password=1234 HTTP/1.1" 200 3301
INFO 2024-11-26 20:32:30,080 views Login page accessed
INFO 2024-11-26 20:32:30,080 basehttp "GET /auth/login/?username=admin&password=1234 HTTP/1.1" 200 3301
INFO 2024-11-26 20:32:53,056 views Login page accessed
INFO 2024-11-26 20:32:53,057 basehttp "GET /auth/login/?username=admin&password=1234 HTTP/1.1" 200 3301
INFO 2024-11-26 20:32:53,432 views Login page accessed
INFO 2024-11-26 20:32:53,432 basehttp "GET /auth/login/?username=admin&password=1234 HTTP/1.1" 200 3301
INFO 2024-11-26 20:32:53,601 views Login page accessed
INFO 2024-11-26 20:32:53,601 basehttp "GET /auth/login/?username=admin&password=1234 HTTP/1.1" 200 3301
INFO 2024-11-26 20:32:53,758 views Login page accessed
INFO 2024-11-26 20:32:53,759 basehttp "GET /auth/login/?username=admin&password=1234 HTTP/1.1" 200 3301
INFO 2024-11-26 20:33:00,300 views Login page accessed
INFO 2024-11-26 20:33:00,301 basehttp "GET /auth/login/?username=admin&password=1234 HTTP/1.1" 200 3301
INFO 2024-11-26 20:33:05,370 views Login page accessed
INFO 2024-11-26 20:33:05,371 basehttp "GET /auth/login/?username=admin&password=1234 HTTP/1.1" 200 3301
INFO 2024-11-26 20:33:13,138 views Login page accessed
INFO 2024-11-26 20:33:13,138 basehttp "GET /auth/login/ HTTP/1.1" 200 3301
INFO 2024-11-26 20:33:19,764 views Login page accessed
INFO 2024-11-26 20:33:19,765 basehttp "GET /auth/login/?username=admin&password=1234 HTTP/1.1" 200 3301
INFO 2024-11-26 20:34:08,946 views Login page accessed
INFO 2024-11-26 20:34:08,948 basehttp "GET /auth/login/?username=admin&password=1234 HTTP/1.1" 200 3257
INFO 2024-11-26 20:34:09,138 views Login page accessed
INFO 2024-11-26 20:34:09,138 basehttp "GET /auth/login/?username=admin&password=1234 HTTP/1.1" 200 3257
INFO 2024-11-26 20:34:12,568 views Login page accessed
INFO 2024-11-26 20:34:12,569 basehttp "GET /auth/login/?username=admin&password=1234 HTTP/1.1" 200 3257
INFO 2024-11-26 20:34:33,720 views Login page accessed
INFO 2024-11-26 20:34:33,721 basehttp "GET /auth/login/?username=admin&password=1234 HTTP/1.1" 200 3257
WARNING 2024-11-26 20:34:33,996 log Not Found: /favicon.ico
WARNING 2024-11-26 20:34:33,996 basehttp "GET /favicon.ico HTTP/1.1" 404 3318
INFO 2024-11-26 20:34:34,217 views Login page accessed
INFO 2024-11-26 20:34:34,218 basehttp "GET /auth/login/?username=admin&password=1234 HTTP/1.1" 200 3257
WARNING 2024-11-26 20:34:34,344 log Not Found: /favicon.ico
WARNING 2024-11-26 20:34:34,345 basehttp "GET /favicon.ico HTTP/1.1" 404 3318
INFO 2024-11-26 20:34:34,585 views Login page accessed
INFO 2024-11-26 20:34:34,586 basehttp "GET /auth/login/?username=admin&password=1234 HTTP/1.1" 200 3257
WARNING 2024-11-26 20:34:34,709 log Not Found: /favicon.ico
WARNING 2024-11-26 20:34:34,709 basehttp "GET /favicon.ico HTTP/1.1" 404 3318
INFO 2024-11-26 20:34:43,670 basehttp "POST /auth/jwt/create/ HTTP/1.1" 200 483
WARNING 2024-11-26 20:34:47,637 log Not Found: /
WARNING 2024-11-26 20:34:47,638 basehttp "GET / HTTP/1.1" 404 3267
INFO 2024-11-26 20:35:13,940 views Login page accessed
INFO 2024-11-26 20:35:13,942 basehttp "GET /auth/login/?username=admin&password=1234 HTTP/1.1" 200 3257
INFO 2024-11-26 20:35:14,729 views Login page accessed
INFO 2024-11-26 20:35:14,730 basehttp "GET /auth/login/?username=admin&password=1234 HTTP/1.1" 200 3257
INFO 2024-11-26 20:35:21,575 basehttp "POST /auth/jwt/create/ HTTP/1.1" 200 483
WARNING 2024-11-26 20:35:23,374 log Not Found: /
WARNING 2024-11-26 20:35:23,375 basehttp "GET / HTTP/1.1" 404 3267
INFO 2024-11-26 20:35:29,315 views Login page accessed
INFO 2024-11-26 20:35:29,316 basehttp "GET /auth/login/?username=admin&password=1234 HTTP/1.1" 200 3257
INFO 2024-11-26 20:36:21,958 views Login page accessed
INFO 2024-11-26 20:36:21,960 basehttp "GET /auth/login/?username=admin&password=1234 HTTP/1.1" 200 3301
WARNING 2024-11-26 20:36:22,414 log Not Found: /favicon.ico
WARNING 2024-11-26 20:36:22,414 basehttp "GET /favicon.ico HTTP/1.1" 404 3318
INFO 2024-11-26 20:36:22,790 views Login page accessed
INFO 2024-11-26 20:36:22,791 basehttp "GET /auth/login/?username=admin&password=1234 HTTP/1.1" 200 3301
WARNING 2024-11-26 20:36:23,083 log Not Found: /favicon.ico
WARNING 2024-11-26 20:36:23,084 basehttp "GET /favicon.ico HTTP/1.1" 404 3318
INFO 2024-11-26 20:36:23,130 views Login page accessed
INFO 2024-11-26 20:36:23,131 basehttp "GET /auth/login/?username=admin&password=1234 HTTP/1.1" 200 3301
WARNING 2024-11-26 20:36:23,418 log Not Found: /favicon.ico
WARNING 2024-11-26 20:36:23,419 basehttp "GET /favicon.ico HTTP/1.1" 404 3318
INFO 2024-11-26 20:36:23,430 views Login page accessed
INFO 2024-11-26 20:36:23,431 basehttp "GET /auth/login/?username=admin&password=1234 HTTP/1.1" 200 3301
WARNING 2024-11-26 20:36:23,718 log Not Found: /favicon.ico
WARNING 2024-11-26 20:36:23,718 basehttp "GET /favicon.ico HTTP/1.1" 404 3318
INFO 2024-11-26 20:36:33,402 views Login page accessed
INFO 2024-11-26 20:36:33,403 basehttp "GET /auth/login/ HTTP/1.1" 200 3301
INFO 2024-11-26 20:36:34,988 views Login page accessed
INFO 2024-11-26 20:36:34,989 basehttp "GET /auth/login/ HTTP/1.1" 200 3301
INFO 2024-11-26 20:36:35,361 views Login page accessed
INFO 2024-11-26 20:36:35,362 basehttp "GET /auth/login/ HTTP/1.1" 200 3301
INFO 2024-11-26 20:36:35,554 views Login page accessed
INFO 2024-11-26 20:36:35,556 basehttp "GET /auth/login/ HTTP/1.1" 200 3301
INFO 2024-11-26 20:36:39,437 views Login page accessed
INFO 2024-11-26 20:36:39,438 basehttp "GET /auth/login/?username=admin&password=1234 HTTP/1.1" 200 3301
INFO 2024-11-26 20:36:43,136 views Login page accessed
INFO 2024-11-26 20:36:43,137 basehttp "GET /auth/login/?username=admin&password=1234 HTTP/1.1" 200 3301
INFO 2024-11-26 20:36:43,563 views Login page accessed
INFO 2024-11-26 20:36:43,564 basehttp "GET /auth/login/?username=admin&password=1234 HTTP/1.1" 200 3301
INFO 2024-11-26 20:36:43,733 views Login page accessed
INFO 2024-11-26 20:36:43,734 basehttp "GET /auth/login/?username=admin&password=1234 HTTP/1.1" 200 3301
INFO 2024-11-26 20:36:43,873 views Login page accessed
INFO 2024-11-26 20:36:43,874 basehttp "GET /auth/login/?username=admin&password=1234 HTTP/1.1" 200 3301
INFO 2024-11-26 20:36:49,198 views Login page accessed
INFO 2024-11-26 20:36:49,199 basehttp "GET /auth/login/?username=admin&password=1234 HTTP/1.1" 200 3301
INFO 2024-11-26 20:36:50,811 views Login page accessed
INFO 2024-11-26 20:36:50,812 basehttp "GET /auth/login/?username=admin&password=1234 HTTP/1.1" 200 3301
INFO 2024-11-26 20:36:51,057 views Login page accessed
INFO 2024-11-26 20:36:51,058 basehttp "GET /auth/login/?username=admin&password=1234 HTTP/1.1" 200 3301
INFO 2024-11-26 20:36:51,227 views Login page accessed
INFO 2024-11-26 20:36:51,228 basehttp "GET /auth/login/?username=admin&password=1234 HTTP/1.1" 200 3301
INFO 2024-11-26 20:37:43,830 views Login page accessed
INFO 2024-11-26 20:37:43,832 basehttp "GET /auth/login/?username=admin&password=1234 HTTP/1.1" 200 3320
INFO 2024-11-26 20:37:44,105 views Login page accessed
INFO 2024-11-26 20:37:44,106 basehttp "GET /auth/login/?username=admin&password=1234 HTTP/1.1" 200 3320
WARNING 2024-11-26 20:37:44,237 log Not Found: /favicon.ico
WARNING 2024-11-26 20:37:44,240 basehttp "GET /favicon.ico HTTP/1.1" 404 3318
INFO 2024-11-26 20:37:44,302 views Login page accessed
INFO 2024-11-26 20:37:44,304 basehttp "GET /auth/login/?username=admin&password=1234 HTTP/1.1" 200 3320
WARNING 2024-11-26 20:37:44,433 log Not Found: /favicon.ico
WARNING 2024-11-26 20:37:44,434 basehttp "GET /favicon.ico HTTP/1.1" 404 3318
INFO 2024-11-26 20:37:44,513 views Login page accessed
INFO 2024-11-26 20:37:44,514 basehttp "GET /auth/login/?username=admin&password=1234 HTTP/1.1" 200 3320
WARNING 2024-11-26 20:37:44,646 log Not Found: /favicon.ico
WARNING 2024-11-26 20:37:44,646 basehttp "GET /favicon.ico HTTP/1.1" 404 3318
INFO 2024-11-26 20:37:44,738 views Login page accessed
INFO 2024-11-26 20:37:44,739 basehttp "GET /auth/login/?username=admin&password=1234 HTTP/1.1" 200 3320
WARNING 2024-11-26 20:37:44,873 log Not Found: /favicon.ico
WARNING 2024-11-26 20:37:44,873 basehttp "GET /favicon.ico HTTP/1.1" 404 3318
INFO 2024-11-26 20:37:44,933 views Login page accessed
INFO 2024-11-26 20:37:44,935 basehttp "GET /auth/login/?username=admin&password=1234 HTTP/1.1" 200 3320
WARNING 2024-11-26 20:37:45,071 log Not Found: /favicon.ico
WARNING 2024-11-26 20:37:45,071 basehttp "GET /favicon.ico HTTP/1.1" 404 3318
INFO 2024-11-26 20:37:45,126 views Login page accessed
INFO 2024-11-26 20:37:45,127 basehttp "GET /auth/login/?username=admin&password=1234 HTTP/1.1" 200 3320
WARNING 2024-11-26 20:37:45,258 log Not Found: /favicon.ico
WARNING 2024-11-26 20:37:45,261 basehttp "GET /favicon.ico HTTP/1.1" 404 3318
INFO 2024-11-26 20:37:45,335 views Login page accessed
INFO 2024-11-26 20:37:45,336 basehttp "GET /auth/login/?username=admin&password=1234 HTTP/1.1" 200 3320
WARNING 2024-11-26 20:37:45,468 log Not Found: /favicon.ico
WARNING 2024-11-26 20:37:45,468 basehttp "GET /favicon.ico HTTP/1.1" 404 3318
INFO 2024-11-26 20:37:54,930 basehttp "POST /auth/jwt/create/ HTTP/1.1" 200 483
WARNING 2024-11-26 20:37:55,950 log Not Found: /
WARNING 2024-11-26 20:37:55,951 basehttp "GET / HTTP/1.1" 404 3267
INFO 2024-11-26 20:38:28,416 views Transactions list accessed by AnonymousUser
INFO 2024-11-26 20:38:28,426 basehttp "GET /api/transactions-list/ HTTP/1.1" 200 5595
INFO 2024-11-26 20:38:29,972 basehttp "GET /api/analytics/ HTTP/1.1" 200 4233
INFO 2024-11-26 20:38:29,994 basehttp "GET /api/analytics/api/ HTTP/1.1" 200 74
INFO 2024-11-26 20:38:31,663 views Login page accessed
INFO 2024-11-26 20:38:31,664 basehttp "GET /auth/login/ HTTP/1.1" 200 3320
INFO 2024-11-26 20:38:32,493 views Register page accessed
INFO 2024-11-26 20:38:32,494 basehttp "GET /auth/register/ HTTP/1.1" 200 3763
INFO 2024-11-26 20:39:03,378 views Login page accessed
INFO 2024-11-26 20:39:03,380 basehttp "GET /auth/login/ HTTP/1.1" 200 3600
INFO 2024-11-26 20:39:18,036 basehttp "POST /auth/jwt/create/ HTTP/1.1" 200 483
WARNING 2024-11-26 20:39:19,791 log Not Found: /
WARNING 2024-11-26 20:39:19,792 basehttp "GET / HTTP/1.1" 404 3267
INFO 2024-11-26 20:40:06,477 views Login page accessed
INFO 2024-11-26 20:40:06,517 basehttp "GET /auth/login/ HTTP/1.1" 200 3612
INFO 2024-11-26 20:40:10,710 basehttp "POST /auth/jwt/create/ HTTP/1.1" 200 483
WARNING 2024-11-26 20:40:11,544 log Not Found: /product-list
WARNING 2024-11-26 20:40:11,545 basehttp "GET /product-list HTTP/1.1" 404 3321
INFO 2024-11-26 20:40:36,108 basehttp "POST /auth/jwt/create/ HTTP/1.1" 200 483
WARNING 2024-11-26 20:40:37,019 log Not Found: /product-list
WARNING 2024-11-26 20:40:37,019 basehttp "GET /product-list HTTP/1.1" 404 3321
WARNING 2024-11-26 20:40:38,799 log Not Found: /product-list
WARNING 2024-11-26 20:40:38,800 basehttp "GET /product-list HTTP/1.1" 404 3321
INFO 2024-11-26 20:40:39,765 views Login page accessed
INFO 2024-11-26 20:40:39,768 basehttp "GET /auth/login/ HTTP/1.1" 200 3616
INFO 2024-11-26 20:40:47,745 basehttp "POST /auth/jwt/create/ HTTP/1.1" 200 483
WARNING 2024-11-26 20:40:48,722 log Not Found: /auth/login/api/product-list/
WARNING 2024-11-26 20:40:48,722 basehttp "GET /auth/login/api/product-list/ HTTP/1.1" 404 14901
INFO 2024-11-26 20:41:07,037 basehttp "POST /auth/jwt/create/ HTTP/1.1" 200 483
WARNING 2024-11-26 20:41:07,693 log Not Found: /auth/login/api/product-list/
WARNING 2024-11-26 20:41:07,693 basehttp "GET /auth/login/api/product-list/ HTTP/1.1" 404 14901
INFO 2024-11-26 20:41:09,845 views Login page accessed
INFO 2024-11-26 20:41:09,847 basehttp "GET /auth/login/ HTTP/1.1" 200 3600
INFO 2024-11-26 20:41:14,220 basehttp "POST /auth/jwt/create/ HTTP/1.1" 200 483
WARNING 2024-11-26 20:41:15,092 log Not Found: /
WARNING 2024-11-26 20:41:15,093 basehttp "GET / HTTP/1.1" 404 3267
INFO 2024-11-26 20:41:18,223 views Login page accessed
INFO 2024-11-26 20:41:18,224 basehttp "GET /auth/login/ HTTP/1.1" 200 3600
INFO 2024-11-26 20:41:18,452 views Login page accessed
INFO 2024-11-26 20:41:18,453 basehttp "GET /auth/login/ HTTP/1.1" 200 3600
INFO 2024-11-26 20:41:18,600 views Login page accessed
INFO 2024-11-26 20:41:18,601 basehttp "GET /auth/login/ HTTP/1.1" 200 3600
INFO 2024-11-26 20:41:18,741 views Login page accessed
INFO 2024-11-26 20:41:18,741 basehttp "GET /auth/login/ HTTP/1.1" 200 3600
INFO 2024-11-26 20:41:18,861 views Login page accessed
INFO 2024-11-26 20:41:18,862 basehttp "GET /auth/login/ HTTP/1.1" 200 3600
INFO 2024-11-26 20:41:27,126 views Login page accessed
INFO 2024-11-26 20:41:27,130 basehttp "GET /auth/login/ HTTP/1.1" 200 3617
INFO 2024-11-26 20:41:27,259 views Login page accessed
INFO 2024-11-26 20:41:27,260 basehttp "GET /auth/login/ HTTP/1.1" 200 3617
INFO 2024-11-26 20:41:27,395 views Login page accessed
INFO 2024-11-26 20:41:27,396 basehttp "GET /auth/login/ HTTP/1.1" 200 3617
INFO 2024-11-26 20:41:27,519 views Login page accessed
INFO 2024-11-26 20:41:27,520 basehttp "GET /auth/login/ HTTP/1.1" 200 3617
INFO 2024-11-26 20:41:27,642 views Login page accessed
INFO 2024-11-26 20:41:27,643 basehttp "GET /auth/login/ HTTP/1.1" 200 3617
INFO 2024-11-26 20:41:30,657 basehttp "POST /auth/jwt/create/ HTTP/1.1" 200 483
INFO 2024-11-26 20:41:31,536 views Product list accessed by AnonymousUser
INFO 2024-11-26 20:41:31,543 basehttp "GET /api/product-list/ HTTP/1.1" 200 2870
INFO 2024-11-26 20:41:36,212 views Register page accessed
INFO 2024-11-26 20:41:36,213 basehttp "GET /auth/register/ HTTP/1.1" 200 3763
INFO 2024-11-26 20:41:36,726 views Login page accessed
INFO 2024-11-26 20:41:36,727 basehttp "GET /auth/login/ HTTP/1.1" 200 3617
INFO 2024-11-26 20:41:38,495 views Register page accessed
INFO 2024-11-26 20:41:38,496 basehttp "GET /auth/register/ HTTP/1.1" 200 3763
INFO 2024-11-26 20:44:23,294 views Register page accessed
INFO 2024-11-26 20:44:23,295 basehttp "GET /auth/register/ HTTP/1.1" 200 4465
INFO 2024-11-26 20:44:41,010 basehttp "POST /auth/users/ HTTP/1.1" 201 82
INFO 2024-11-26 20:44:42,369 views Login page accessed
INFO 2024-11-26 20:44:42,370 basehttp "GET /auth/login/ HTTP/1.1" 200 3617
INFO 2024-11-26 20:44:51,946 basehttp "GET /admin/ HTTP/1.1" 302 0
INFO 2024-11-26 20:44:52,001 basehttp "GET /admin/login/?next=/admin/ HTTP/1.1" 200 4164
INFO 2024-11-26 20:44:52,008 basehttp "GET /static/admin/css/login.css HTTP/1.1" 304 0
INFO 2024-11-26 20:44:58,682 basehttp "POST /admin/login/?next=/admin/ HTTP/1.1" 302 0
INFO 2024-11-26 20:44:58,696 basehttp "GET /admin/ HTTP/1.1" 200 14303
INFO 2024-11-26 20:45:02,003 basehttp "GET /admin/users/user/ HTTP/1.1" 200 13381
INFO 2024-11-26 20:45:02,011 basehttp "GET /static/admin/css/changelists.css HTTP/1.1" 304 0
INFO 2024-11-26 20:45:02,011 basehttp "GET /static/admin/js/vendor/jquery/jquery.js HTTP/1.1" 304 0
INFO 2024-11-26 20:45:02,015 basehttp "GET /static/admin/js/jquery.init.js HTTP/1.1" 304 0
INFO 2024-11-26 20:45:02,016 basehttp "GET /static/admin/js/urlify.js HTTP/1.1" 304 0
INFO 2024-11-26 20:45:02,016 basehttp "GET /static/admin/js/core.js HTTP/1.1" 304 0
INFO 2024-11-26 20:45:02,017 basehttp "GET /static/admin/js/actions.js HTTP/1.1" 304 0
INFO 2024-11-26 20:45:02,018 basehttp "GET /static/admin/js/admin/RelatedObjectLookups.js HTTP/1.1" 304 0
INFO 2024-11-26 20:45:02,018 basehttp "GET /static/admin/js/prepopulate.js HTTP/1.1" 304 0
INFO 2024-11-26 20:45:02,018 basehttp "GET /static/admin/js/vendor/xregexp/xregexp.js HTTP/1.1" 304 0
INFO 2024-11-26 20:45:02,026 basehttp "GET /static/admin/js/filters.js HTTP/1.1" 304 0
INFO 2024-11-26 20:45:02,040 basehttp "GET /admin/jsi18n/ HTTP/1.1" 200 3342
INFO 2024-11-26 20:45:02,056 basehttp "GET /static/admin/img/tooltag-add.svg HTTP/1.1" 304 0
INFO 2024-11-26 20:45:09,323 basehttp "GET /admin/users/user/6/change/ HTTP/1.1" 200 27716
INFO 2024-11-26 20:45:09,332 basehttp "GET /static/admin/css/forms.css HTTP/1.1" 304 0
INFO 2024-11-26 20:45:09,332 basehttp "GET /static/admin/js/calendar.js HTTP/1.1" 304 0
INFO 2024-11-26 20:45:09,332 basehttp "GET /static/admin/js/prepopulate_init.js HTTP/1.1" 304 0
INFO 2024-11-26 20:45:09,333 basehttp "GET /static/admin/js/admin/DateTimeShortcuts.js HTTP/1.1" 304 0
INFO 2024-11-26 20:45:09,335 basehttp "GET /admin/jsi18n/ HTTP/1.1" 200 3342
INFO 2024-11-26 20:45:09,337 basehttp "GET /static/admin/css/widgets.css HTTP/1.1" 304 0
INFO 2024-11-26 20:45:09,338 basehttp "GET /static/admin/img/icon-viewlink.svg HTTP/1.1" 304 0
INFO 2024-11-26 20:45:09,339 basehttp "GET /static/admin/js/change_form.js HTTP/1.1" 304 0
INFO 2024-11-26 20:45:09,373 basehttp "GET /static/admin/img/icon-clock.svg HTTP/1.1" 304 0
INFO 2024-11-26 20:45:09,373 basehttp "GET /static/admin/img/icon-calendar.svg HTTP/1.1" 304 0
INFO 2024-11-26 20:45:13,033 views Login page accessed
INFO 2024-11-26 20:45:13,034 basehttp "GET /auth/login/ HTTP/1.1" 200 3617
INFO 2024-11-26 20:45:13,392 views Register page accessed
INFO 2024-11-26 20:45:13,393 basehttp "GET /auth/register/ HTTP/1.1" 200 4465
INFO 2024-11-26 20:45:13,726 basehttp "GET /api/analytics/ HTTP/1.1" 200 4233
INFO 2024-11-26 20:45:13,747 basehttp "GET /api/analytics/api/ HTTP/1.1" 200 74
INFO 2024-11-26 20:45:14,078 views Daily report list accessed by admin (Admin)
INFO 2024-11-26 20:45:14,082 basehttp "GET /api/daily-reports-list/ HTTP/1.1" 200 3268
INFO 2024-11-26 20:45:14,591 views Monthly report list accessed by admin (Admin)
INFO 2024-11-26 20:45:14,594 basehttp "GET /api/monthly-reports-list/ HTTP/1.1" 200 2807
INFO 2024-11-26 20:45:14,904 views Transactions list accessed by admin (Admin)
INFO 2024-11-26 20:45:14,927 basehttp "GET /api/transactions-list/ HTTP/1.1" 200 5595
INFO 2024-11-26 20:45:15,597 views Product list accessed by admin (Admin)
INFO 2024-11-26 20:45:15,603 basehttp "GET /api/product-list/ HTTP/1.1" 200 2870
INFO 2024-11-26 20:45:16,700 views Transactions list accessed by admin (Admin)
INFO 2024-11-26 20:45:16,717 basehttp "GET /api/transactions-list/ HTTP/1.1" 200 5595
INFO 2024-11-26 20:45:19,718 views Daily report list accessed by admin (Admin)
INFO 2024-11-26 20:45:19,720 basehttp "GET /api/daily-reports-list/ HTTP/1.1" 200 3268
INFO 2024-11-26 20:45:20,237 basehttp "GET /api/analytics/ HTTP/1.1" 200 4233
INFO 2024-11-26 20:45:20,263 basehttp "GET /api/analytics/api/ HTTP/1.1" 200 74
INFO 2024-11-26 20:45:20,961 views Product list accessed by admin (Admin)
INFO 2024-11-26 20:45:20,966 basehttp "GET /api/product-list/ HTTP/1.1" 200 2870
INFO 2024-11-26 20:46:18,244 views Product list accessed by admin (Admin)
INFO 2024-11-26 20:46:18,247 basehttp "GET /api/product-list/ HTTP/1.1" 200 5019
INFO 2024-11-27 09:53:36,066 autoreload Watching for file changes with StatReloader
WARNING 2024-11-27 09:53:40,368 log Not Found: /
WARNING 2024-11-27 09:53:40,369 basehttp "GET / HTTP/1.1" 404 3267
WARNING 2024-11-27 09:53:40,475 log Not Found: /favicon.ico
WARNING 2024-11-27 09:53:40,476 basehttp "GET /favicon.ico HTTP/1.1" 404 3318
WARNING 2024-11-27 09:53:48,873 log Not Found: /students/register/
WARNING 2024-11-27 09:53:48,873 basehttp "GET /students/register/ HTTP/1.1" 404 3339
WARNING 2024-11-27 09:53:54,715 log Not Found: /register/
WARNING 2024-11-27 09:53:54,716 basehttp "GET /register/ HTTP/1.1" 404 3312
INFO 2024-11-27 09:54:03,044 views Register page accessed
INFO 2024-11-27 09:54:03,144 basehttp "GET /auth/register/ HTTP/1.1" 200 4465
INFO 2024-11-27 09:54:09,903 views Product list accessed by admin (Admin)
INFO 2024-11-27 09:54:09,933 basehttp "GET /api/product-list/ HTTP/1.1" 200 5019
INFO 2024-11-27 09:54:11,686 views Login page accessed
INFO 2024-11-27 09:54:11,717 basehttp "GET /auth/login/ HTTP/1.1" 200 3617
INFO 2024-11-27 09:54:12,891 views Register page accessed
INFO 2024-11-27 09:54:12,893 basehttp "GET /auth/register/ HTTP/1.1" 200 4465
INFO 2024-11-27 09:54:13,887 basehttp "GET /api/analytics/ HTTP/1.1" 200 4233
WARNING 2024-11-27 09:54:14,340 log Unauthorized: /api/analytics/api/
WARNING 2024-11-27 09:54:14,341 basehttp "GET /api/analytics/api/ HTTP/1.1" 401 183
INFO 2024-11-27 09:54:17,095 basehttp "GET /api/analytics/ HTTP/1.1" 200 4233
WARNING 2024-11-27 09:54:17,122 log Unauthorized: /api/analytics/api/
WARNING 2024-11-27 09:54:17,123 basehttp "GET /api/analytics/api/ HTTP/1.1" 401 183
INFO 2024-11-27 09:54:18,169 views Daily report list accessed by admin (Admin)
INFO 2024-11-27 09:54:18,190 basehttp "GET /api/daily-reports-list/ HTTP/1.1" 200 3268
INFO 2024-11-27 09:54:19,418 views Monthly report list accessed by admin (Admin)
INFO 2024-11-27 09:54:19,437 basehttp "GET /api/monthly-reports-list/ HTTP/1.1" 200 2807
INFO 2024-11-27 09:54:21,999 views Daily report list accessed by admin (Admin)
INFO 2024-11-27 09:54:22,006 basehttp "GET /api/daily-reports-list/ HTTP/1.1" 200 3268
INFO 2024-11-27 09:54:25,731 views Monthly report list accessed by admin (Admin)
INFO 2024-11-27 09:54:25,736 basehttp "GET /api/monthly-reports-list/ HTTP/1.1" 200 2807
INFO 2024-11-27 09:54:27,766 views Transactions list accessed by admin (Admin)
INFO 2024-11-27 09:54:27,836 basehttp "GET /api/transactions-list/ HTTP/1.1" 200 5595
INFO 2024-11-27 09:54:30,545 views Monthly report list accessed by admin (Admin)
INFO 2024-11-27 09:54:30,551 basehttp "GET /api/monthly-reports-list/ HTTP/1.1" 200 2807
INFO 2024-11-27 09:55:06,025 basehttp "GET /api/docs/swagger/ HTTP/1.1" 200 4652
INFO 2024-11-27 09:55:06,305 basehttp "GET /api/schema/ HTTP/1.1" 200 105264
INFO 2024-11-27 09:55:57,054 views Login page accessed
INFO 2024-11-27 09:55:57,056 basehttp "GET /auth/login/ HTTP/1.1" 200 3617
INFO 2024-11-27 09:56:22,798 basehttp "GET /api/analytics/ HTTP/1.1" 200 4233
WARNING 2024-11-27 09:56:22,836 log Unauthorized: /api/analytics/api/
WARNING 2024-11-27 09:56:22,837 basehttp "GET /api/analytics/api/ HTTP/1.1" 401 183
INFO 2024-11-27 09:56:24,222 basehttp "GET /api/analytics/ HTTP/1.1" 200 4233
WARNING 2024-11-27 09:56:24,245 log Unauthorized: /api/analytics/api/
WARNING 2024-11-27 09:56:24,246 basehttp "GET /api/analytics/api/ HTTP/1.1" 401 183
INFO 2024-11-27 09:57:11,293 basehttp "GET /api/analytics/ HTTP/1.1" 200 4234
WARNING 2024-11-27 09:57:11,323 log Unauthorized: /api/analytics/api/
WARNING 2024-11-27 09:57:11,324 basehttp "GET /api/analytics/api/ HTTP/1.1" 401 183
INFO 2024-11-27 09:57:12,576 basehttp "GET /api/analytics/ HTTP/1.1" 200 4234
WARNING 2024-11-27 09:57:12,604 log Unauthorized: /api/analytics/api/
WARNING 2024-11-27 09:57:12,605 basehttp "GET /api/analytics/api/ HTTP/1.1" 401 183
INFO 2024-11-27 09:57:14,690 basehttp "GET /api/analytics/ HTTP/1.1" 200 4234
WARNING 2024-11-27 09:57:14,721 log Unauthorized: /api/analytics/api/
WARNING 2024-11-27 09:57:14,722 basehttp "GET /api/analytics/api/ HTTP/1.1" 401 183
INFO 2024-11-27 09:58:50,166 basehttp "GET /api/analytics/ HTTP/1.1" 200 4233
WARNING 2024-11-27 09:58:50,193 log Unauthorized: /api/analytics/api/
WARNING 2024-11-27 09:58:50,194 basehttp "GET /api/analytics/api/ HTTP/1.1" 401 183
INFO 2024-11-27 09:58:51,829 views Register page accessed
INFO 2024-11-27 09:58:51,831 basehttp "GET /auth/register/ HTTP/1.1" 200 4465
INFO 2024-11-27 09:59:59,675 basehttp "GET /api/analytics/ HTTP/1.1" 200 4233
WARNING 2024-11-27 09:59:59,718 log Unauthorized: /api/analytics/api/
WARNING 2024-11-27 09:59:59,719 basehttp "GET /api/analytics/api/ HTTP/1.1" 401 183
INFO 2024-11-27 10:00:00,908 basehttp "GET /api/analytics/ HTTP/1.1" 200 4233
WARNING 2024-11-27 10:00:00,933 log Unauthorized: /api/analytics/api/
WARNING 2024-11-27 10:00:00,934 basehttp "GET /api/analytics/api/ HTTP/1.1" 401 183
INFO 2024-11-27 10:00:03,064 basehttp "GET /api/analytics/ HTTP/1.1" 200 4233
WARNING 2024-11-27 10:00:03,119 log Unauthorized: /api/analytics/api/
WARNING 2024-11-27 10:00:03,121 basehttp "GET /api/analytics/api/ HTTP/1.1" 401 183
INFO 2024-11-27 10:00:12,032 views Daily report list accessed by admin (Admin)
INFO 2024-11-27 10:00:12,038 basehttp "GET /api/daily-reports-list/ HTTP/1.1" 200 3268
INFO 2024-11-27 10:00:12,550 views Monthly report list accessed by admin (Admin)
INFO 2024-11-27 10:00:12,559 basehttp "GET /api/monthly-reports-list/ HTTP/1.1" 200 2807
INFO 2024-11-27 10:00:12,966 views Transactions list accessed by admin (Admin)
INFO 2024-11-27 10:00:13,005 basehttp "GET /api/transactions-list/ HTTP/1.1" 200 5595
INFO 2024-11-27 10:00:13,440 basehttp "GET /api/analytics/ HTTP/1.1" 200 4233
WARNING 2024-11-27 10:00:13,476 log Unauthorized: /api/analytics/api/
WARNING 2024-11-27 10:00:13,477 basehttp "GET /api/analytics/api/ HTTP/1.1" 401 183
INFO 2024-11-27 10:00:14,261 basehttp "GET /api/analytics/ HTTP/1.1" 200 4233
WARNING 2024-11-27 10:00:14,285 log Unauthorized: /api/analytics/api/
WARNING 2024-11-27 10:00:14,285 basehttp "GET /api/analytics/api/ HTTP/1.1" 401 183
INFO 2024-11-27 10:00:14,441 basehttp "GET /api/analytics/ HTTP/1.1" 200 4233
WARNING 2024-11-27 10:00:14,461 log Unauthorized: /api/analytics/api/
WARNING 2024-11-27 10:00:14,461 basehttp "GET /api/analytics/api/ HTTP/1.1" 401 183
INFO 2024-11-27 10:00:14,647 basehttp "GET /api/analytics/ HTTP/1.1" 200 4233
WARNING 2024-11-27 10:00:14,668 log Unauthorized: /api/analytics/api/
WARNING 2024-11-27 10:00:14,669 basehttp "GET /api/analytics/api/ HTTP/1.1" 401 183
INFO 2024-11-27 10:00:15,680 basehttp "GET /api/docs/swagger/ HTTP/1.1" 200 4652
INFO 2024-11-27 10:00:16,081 basehttp "GET /api/schema/ HTTP/1.1" 200 105264
INFO 2024-11-27 10:00:23,658 basehttp "GET /api/analytics/ HTTP/1.1" 200 4233
WARNING 2024-11-27 10:00:23,677 log Unauthorized: /api/analytics/api/
WARNING 2024-11-27 10:00:23,677 basehttp "GET /api/analytics/api/ HTTP/1.1" 401 183
INFO 2024-11-27 10:00:46,909 views Login page accessed
INFO 2024-11-27 10:00:46,912 basehttp "GET /auth/login/ HTTP/1.1" 200 3599
INFO 2024-11-27 10:01:04,688 views Login page accessed
INFO 2024-11-27 10:01:04,690 basehttp "GET /auth/login/?username=admin&password=1234 HTTP/1.1" 200 3599
INFO 2024-11-27 10:01:08,108 views Login page accessed
INFO 2024-11-27 10:01:08,110 basehttp "GET /auth/login/ HTTP/1.1" 200 3599
INFO 2024-11-27 10:01:10,086 views Login page accessed
INFO 2024-11-27 10:01:10,088 basehttp "GET /auth/login/ HTTP/1.1" 200 3599
INFO 2024-11-27 10:01:11,815 basehttp "GET /api/analytics/ HTTP/1.1" 200 4215
INFO 2024-11-27 10:01:25,543 views Login page accessed
INFO 2024-11-27 10:01:25,546 basehttp "GET /auth/login/ HTTP/1.1" 200 3617
INFO 2024-11-27 10:01:30,998 basehttp "POST /auth/jwt/create/ HTTP/1.1" 200 483
INFO 2024-11-27 10:01:32,028 views Product list accessed by admin (Admin)
INFO 2024-11-27 10:01:32,037 basehttp "GET /api/product-list/ HTTP/1.1" 200 5019
INFO 2024-11-27 10:01:37,390 basehttp "GET /api/analytics/ HTTP/1.1" 200 4233
INFO 2024-11-27 10:01:37,421 basehttp "GET /api/analytics/api/ HTTP/1.1" 200 74
WARNING 2024-11-27 10:01:47,536 log Not Found: /
WARNING 2024-11-27 10:01:47,536 basehttp "GET / HTTP/1.1" 404 3267
WARNING 2024-11-27 10:01:47,750 log Not Found: /favicon.ico
WARNING 2024-11-27 10:01:47,750 basehttp "GET /favicon.ico HTTP/1.1" 404 3318
INFO 2024-11-27 10:01:56,255 views Login page accessed
INFO 2024-11-27 10:01:56,257 basehttp "GET /auth/login/ HTTP/1.1" 200 3617
INFO 2024-11-28 20:18:54,584 autoreload Watching for file changes with StatReloader
INFO 2024-11-28 20:19:09,200 basehttp "GET /admin/ HTTP/1.1" 302 0
INFO 2024-11-28 20:19:09,356 basehttp "GET /admin/login/?next=/admin/ HTTP/1.1" 200 4164
INFO 2024-11-28 20:19:09,369 basehttp "GET /static/admin/css/base.css HTTP/1.1" 304 0
INFO 2024-11-28 20:19:09,369 basehttp "GET /static/admin/css/dark_mode.css HTTP/1.1" 304 0
INFO 2024-11-28 20:19:09,370 basehttp "GET /static/admin/js/theme.js HTTP/1.1" 304 0
INFO 2024-11-28 20:19:09,372 basehttp "GET /static/admin/css/nav_sidebar.css HTTP/1.1" 304 0
INFO 2024-11-28 20:19:09,372 basehttp "GET /static/admin/css/login.css HTTP/1.1" 304 0
INFO 2024-11-28 20:19:09,372 basehttp "GET /static/admin/css/responsive.css HTTP/1.1" 304 0
INFO 2024-11-28 20:19:09,380 basehttp "GET /static/admin/js/nav_sidebar.js HTTP/1.1" 304 0
WARNING 2024-11-28 20:19:09,422 log Not Found: /favicon.ico
WARNING 2024-11-28 20:19:09,423 basehttp "GET /favicon.ico HTTP/1.1" 404 3318
INFO 2024-11-28 20:19:16,381 basehttp "POST /admin/login/?next=/admin/ HTTP/1.1" 302 0
INFO 2024-11-28 20:19:16,410 basehttp "GET /admin/ HTTP/1.1" 200 14303
INFO 2024-11-28 20:19:16,414 basehttp "GET /static/admin/css/dashboard.css HTTP/1.1" 304 0
INFO 2024-11-28 20:19:16,419 basehttp "GET /static/admin/img/icon-deletelink.svg HTTP/1.1" 304 0
INFO 2024-11-28 20:19:16,419 basehttp "GET /static/admin/img/icon-changelink.svg HTTP/1.1" 304 0
INFO 2024-11-28 20:19:16,419 basehttp "GET /static/admin/img/icon-addlink.svg HTTP/1.1" 304 0
INFO 2024-11-28 20:26:10,308 autoreload C:\Users\Dauren\PycharmProjects\Endterm\reports\views.py changed, reloading.
INFO 2024-11-28 20:26:10,844 autoreload Watching for file changes with StatReloader
INFO 2024-11-28 20:26:26,968 autoreload C:\Users\Dauren\PycharmProjects\Endterm\reports\views.py changed, reloading.
INFO 2024-11-28 20:26:27,476 autoreload Watching for file changes with StatReloader
INFO 2024-11-28 20:27:23,909 autoreload C:\Users\Dauren\PycharmProjects\Endterm\reports\views.py changed, reloading.
INFO 2024-11-28 20:27:24,387 autoreload Watching for file changes with StatReloader
INFO 2024-11-28 20:27:44,723 basehttp "GET /admin/transactions/transaction/add/ HTTP/1.1" 200 16238
INFO 2024-11-28 20:27:44,733 basehttp "GET /static/admin/css/forms.css HTTP/1.1" 304 0
INFO 2024-11-28 20:27:44,737 basehttp "GET /static/admin/js/vendor/jquery/jquery.js HTTP/1.1" 304 0
INFO 2024-11-28 20:27:44,738 basehttp "GET /static/admin/js/jquery.init.js HTTP/1.1" 304 0
INFO 2024-11-28 20:27:44,739 basehttp "GET /static/admin/js/urlify.js HTTP/1.1" 304 0
INFO 2024-11-28 20:27:44,740 basehttp "GET /static/admin/js/actions.js HTTP/1.1" 304 0
INFO 2024-11-28 20:27:44,741 basehttp "GET /static/admin/js/core.js HTTP/1.1" 304 0
INFO 2024-11-28 20:27:44,742 basehttp "GET /static/admin/js/prepopulate.js HTTP/1.1" 304 0
INFO 2024-11-28 20:27:44,743 basehttp "GET /static/admin/css/widgets.css HTTP/1.1" 304 0
INFO 2024-11-28 20:27:44,743 basehttp "GET /static/admin/js/admin/RelatedObjectLookups.js HTTP/1.1" 304 0
INFO 2024-11-28 20:27:44,743 basehttp "GET /static/admin/js/vendor/xregexp/xregexp.js HTTP/1.1" 304 0
INFO 2024-11-28 20:27:44,743 basehttp "GET /static/admin/js/prepopulate_init.js HTTP/1.1" 304 0
INFO 2024-11-28 20:27:44,748 basehttp "GET /static/admin/img/icon-viewlink.svg HTTP/1.1" 304 0
INFO 2024-11-28 20:27:44,750 basehttp "GET /static/admin/js/change_form.js HTTP/1.1" 304 0
INFO 2024-11-28 20:27:44,761 basehttp "GET /admin/jsi18n/ HTTP/1.1" 200 3342
INFO 2024-11-28 20:28:15,129 basehttp "POST /auth/jwt/create HTTP/1.1" 200 483
INFO 2024-11-28 20:29:07,019 basehttp "POST /admin/transactions/transaction/add/ HTTP/1.1" 302 0
INFO 2024-11-28 20:29:07,110 basehttp "GET /admin/transactions/transaction/ HTTP/1.1" 200 16322
INFO 2024-11-28 20:29:07,116 basehttp "GET /static/admin/css/changelists.css HTTP/1.1" 304 0
INFO 2024-11-28 20:29:07,121 basehttp "GET /static/admin/js/filters.js HTTP/1.1" 304 0
INFO 2024-11-28 20:29:07,122 basehttp "GET /admin/jsi18n/ HTTP/1.1" 200 3342
INFO 2024-11-28 20:29:07,133 basehttp "GET /static/admin/img/tooltag-add.svg HTTP/1.1" 304 0
INFO 2024-11-28 20:29:07,134 basehttp "GET /static/admin/img/icon-yes.svg HTTP/1.1" 304 0
INFO 2024-11-28 20:31:09,773 views Creating Daily Report for category Technic
INFO 2024-11-28 20:31:09,780 views Daily Report with id 5 cached.
INFO 2024-11-28 20:31:09,780 basehttp "POST /api/daily-reports/ HTTP/1.1" 201 181
INFO 2024-11-28 20:31:36,011 basehttp "GET /admin/reports/dailyreport/ HTTP/1.1" 200 13436
INFO 2024-11-28 20:31:36,021 basehttp "GET /admin/jsi18n/ HTTP/1.1" 200 3342
INFO 2024-11-28 20:31:38,222 basehttp "GET /admin/reports/dailyreport/3/change/ HTTP/1.1" 200 17233
INFO 2024-11-28 20:31:38,229 basehttp "GET /static/admin/js/calendar.js HTTP/1.1" 304 0
INFO 2024-11-28 20:31:38,229 basehttp "GET /static/admin/js/admin/DateTimeShortcuts.js HTTP/1.1" 304 0
INFO 2024-11-28 20:31:38,231 basehttp "GET /admin/jsi18n/ HTTP/1.1" 200 3342
INFO 2024-11-28 20:31:38,253 basehttp "GET /static/admin/img/icon-calendar.svg HTTP/1.1" 304 0
INFO 2024-11-28 20:31:55,352 basehttp "GET /api/daily-reports/ HTTP/1.1" 200 951
INFO 2024-11-28 20:32:03,429 views Daily Report with id 4 cached.
INFO 2024-11-28 20:32:03,429 basehttp "GET /api/daily-reports/4/ HTTP/1.1" 200 178
INFO 2024-11-28 20:33:27,390 autoreload C:\Users\Dauren\PycharmProjects\Endterm\reports\views.py changed, reloading.
INFO 2024-11-28 20:33:27,922 autoreload Watching for file changes with StatReloader
INFO 2024-11-28 20:34:02,361 views Daily report list accessed by admin (Admin)
ERROR 2024-11-28 20:34:02,524 log Internal Server Error: /api/daily-reports-list/
Traceback (most recent call last):
  File "C:\Users\Dauren\PycharmProjects\Endterm\.venv\Lib\site-packages\django\core\handlers\exception.py", line 55, in inner
    response = get_response(request)
               ^^^^^^^^^^^^^^^^^^^^^
  File "C:\Users\Dauren\PycharmProjects\Endterm\.venv\Lib\site-packages\django\core\handlers\base.py", line 197, in _get_response
    response = wrapped_callback(request, *callback_args, **callback_kwargs)
               ^^^^^^^^^^^^^^^^^^^^^^^^^^^^^^^^^^^^^^^^^^^^^^^^^^^^^^^^^^^^
  File "C:\Users\Dauren\PycharmProjects\Endterm\reports\views.py", line 134, in daily_report_list
    cache.set(cache_key, reports, timeout=600)  # Timeout - 600  (10 )
    ^^^^^^^^^^^^^^^^^^^^^^^^^^^^^^^^^^^^^^^^^^
  File "C:\Users\Dauren\PycharmProjects\Endterm\.venv\Lib\site-packages\django_redis\cache.py", line 29, in _decorator
    return method(self, *args, **kwargs)
           ^^^^^^^^^^^^^^^^^^^^^^^^^^^^^
  File "C:\Users\Dauren\PycharmProjects\Endterm\.venv\Lib\site-packages\django_redis\cache.py", line 81, in set
    return self.client.set(*args, **kwargs)
           ^^^^^^^^^^^^^^^^^^^^^^^^^^^^^^^^
  File "C:\Users\Dauren\PycharmProjects\Endterm\.venv\Lib\site-packages\django_redis\client\default.py", line 143, in set
    nvalue = self.encode(value)
             ^^^^^^^^^^^^^^^^^^
  File "C:\Users\Dauren\PycharmProjects\Endterm\.venv\Lib\site-packages\django_redis\client\default.py", line 461, in encode
    value = self._serializer.dumps(value)
            ^^^^^^^^^^^^^^^^^^^^^^^^^^^^^
  File "C:\Users\Dauren\PycharmProjects\Endterm\.venv\Lib\site-packages\django_redis\serializers\json.py", line 13, in dumps
    return json.dumps(value, cls=self.encoder_class).encode()
           ^^^^^^^^^^^^^^^^^^^^^^^^^^^^^^^^^^^^^^^^^
  File "C:\Program Files\Python311\Lib\json\__init__.py", line 238, in dumps
    **kw).encode(obj)
          ^^^^^^^^^^^
  File "C:\Program Files\Python311\Lib\json\encoder.py", line 200, in encode
    chunks = self.iterencode(o, _one_shot=True)
             ^^^^^^^^^^^^^^^^^^^^^^^^^^^^^^^^^^
  File "C:\Program Files\Python311\Lib\json\encoder.py", line 258, in iterencode
    return _iterencode(o, 0)
           ^^^^^^^^^^^^^^^^^
  File "C:\Users\Dauren\PycharmProjects\Endterm\.venv\Lib\site-packages\django\core\serializers\json.py", line 106, in default
    return super().default(o)
           ^^^^^^^^^^^^^^^^^^
  File "C:\Program Files\Python311\Lib\json\encoder.py", line 180, in default
    raise TypeError(f'Object of type {o.__class__.__name__} '
TypeError: Object of type QuerySet is not JSON serializable
ERROR 2024-11-28 20:34:02,526 basehttp "GET /api/daily-reports-list/ HTTP/1.1" 500 114213
INFO 2024-11-28 20:38:40,213 autoreload C:\Users\Dauren\PycharmProjects\Endterm\reports\views.py changed, reloading.
INFO 2024-11-28 20:38:40,779 autoreload Watching for file changes with StatReloader
INFO 2024-11-28 20:38:58,969 autoreload C:\Users\Dauren\PycharmProjects\Endterm\reports\views.py changed, reloading.
INFO 2024-11-28 20:38:59,565 autoreload Watching for file changes with StatReloader
INFO 2024-11-28 20:40:06,475 autoreload C:\Users\Dauren\PycharmProjects\Endterm\reports\views.py changed, reloading.
INFO 2024-11-28 20:40:06,952 autoreload Watching for file changes with StatReloader
INFO 2024-11-28 20:40:24,084 autoreload C:\Users\Dauren\PycharmProjects\Endterm\reports\views.py changed, reloading.
INFO 2024-11-28 20:40:24,568 autoreload Watching for file changes with StatReloader
WARNING 2024-11-28 20:40:26,390 log Not Found: /
WARNING 2024-11-28 20:40:26,390 basehttp "GET / HTTP/1.1" 404 3267
WARNING 2024-11-28 20:40:28,822 log Unauthorized: /api/daily-reports-list/
WARNING 2024-11-28 20:40:28,822 basehttp "GET /api/daily-reports-list/ HTTP/1.1" 401 5249
INFO 2024-11-28 20:40:28,832 basehttp "GET /static/rest_framework/css/bootstrap-tweaks.css HTTP/1.1" 304 0
INFO 2024-11-28 20:40:28,833 basehttp "GET /static/rest_framework/css/bootstrap.min.css HTTP/1.1" 304 0
INFO 2024-11-28 20:40:28,833 basehttp "GET /static/rest_framework/css/prettify.css HTTP/1.1" 304 0
INFO 2024-11-28 20:40:28,835 basehttp "GET /static/rest_framework/css/default.css HTTP/1.1" 304 0
INFO 2024-11-28 20:40:28,836 basehttp "GET /static/rest_framework/js/jquery-3.7.1.min.js HTTP/1.1" 304 0
INFO 2024-11-28 20:40:28,836 basehttp "GET /static/rest_framework/js/prettify-min.js HTTP/1.1" 304 0
INFO 2024-11-28 20:40:28,836 basehttp "GET /static/rest_framework/js/bootstrap.min.js HTTP/1.1" 304 0
INFO 2024-11-28 20:40:28,836 basehttp "GET /static/rest_framework/js/csrf.js HTTP/1.1" 304 0
INFO 2024-11-28 20:40:28,837 basehttp "GET /static/rest_framework/js/ajax-form.js HTTP/1.1" 304 0
INFO 2024-11-28 20:40:28,838 basehttp "GET /static/rest_framework/js/default.js HTTP/1.1" 304 0
INFO 2024-11-28 20:40:28,838 basehttp "GET /static/rest_framework/js/load-ajax-form.js HTTP/1.1" 304 0
INFO 2024-11-28 20:40:28,840 basehttp "GET /static/rest_framework/img/grid.png HTTP/1.1" 304 0
INFO 2024-11-28 20:41:57,762 autoreload C:\Users\Dauren\PycharmProjects\Endterm\reports\views.py changed, reloading.
INFO 2024-11-28 20:41:58,247 autoreload Watching for file changes with StatReloader
INFO 2024-11-28 20:42:00,945 views Daily report list accessed by admin (Admin)
INFO 2024-11-28 20:42:00,984 basehttp "GET /api/daily-reports-list/ HTTP/1.1" 200 3442
INFO 2024-11-28 20:43:29,073 autoreload C:\Users\Dauren\PycharmProjects\Endterm\reports\views.py changed, reloading.
INFO 2024-11-28 20:43:29,626 autoreload Watching for file changes with StatReloader
INFO 2024-11-28 20:43:40,282 views Monthly report list accessed by admin (Admin)
INFO 2024-11-28 20:43:40,322 basehttp "GET /api/monthly-reports-list/ HTTP/1.1" 200 2782
INFO 2024-11-28 20:59:38,437 autoreload Watching for file changes with StatReloader
INFO 2024-11-28 21:01:29,346 autoreload Watching for file changes with StatReloader
WARNING 2024-11-28 21:01:40,967 log Not Found: /students/register/
WARNING 2024-11-28 21:01:40,967 basehttp "GET /students/register/ HTTP/1.1" 404 3339
INFO 2024-11-28 21:01:49,910 views Product list accessed by admin (Admin)
INFO 2024-11-28 21:01:49,951 basehttp "GET /api/product-list/ HTTP/1.1" 200 5019
INFO 2024-11-28 21:01:50,884 views Login page accessed
INFO 2024-11-28 21:01:50,897 basehttp "GET /auth/login/ HTTP/1.1" 200 3617
INFO 2024-11-28 21:01:51,274 views Register page accessed
INFO 2024-11-28 21:01:51,288 basehttp "GET /auth/register/ HTTP/1.1" 200 4465
INFO 2024-11-28 21:01:51,616 basehttp "GET /api/analytics/ HTTP/1.1" 200 4233
WARNING 2024-11-28 21:01:51,681 log Unauthorized: /api/analytics/api/
WARNING 2024-11-28 21:01:51,681 basehttp "GET /api/analytics/api/ HTTP/1.1" 401 183
INFO 2024-11-28 21:01:51,989 views Daily report list accessed by admin (Admin)
INFO 2024-11-28 21:01:51,996 basehttp "GET /api/daily-reports-list/ HTTP/1.1" 200 3442
INFO 2024-11-28 21:01:52,431 basehttp "GET /api/analytics/ HTTP/1.1" 200 4233
WARNING 2024-11-28 21:01:52,442 log Unauthorized: /api/analytics/api/
WARNING 2024-11-28 21:01:52,443 basehttp "GET /api/analytics/api/ HTTP/1.1" 401 183
INFO 2024-11-28 21:01:53,661 views Login page accessed
INFO 2024-11-28 21:01:53,662 basehttp "GET /auth/login/ HTTP/1.1" 200 3617
INFO 2024-11-28 21:01:57,071 basehttp "POST /auth/jwt/create/ HTTP/1.1" 200 483
INFO 2024-11-28 21:01:58,387 views Product list accessed by admin (Admin)
INFO 2024-11-28 21:01:58,392 basehttp "GET /api/product-list/ HTTP/1.1" 200 5019
INFO 2024-11-28 21:01:58,927 basehttp "GET /api/analytics/ HTTP/1.1" 200 4233
INFO 2024-11-28 21:01:58,943 basehttp "GET /api/analytics/api/ HTTP/1.1" 200 93
INFO 2024-11-28 21:02:09,584 views Returning daily reports from cache for user admin (Admin)
INFO 2024-11-28 21:02:09,585 basehttp "GET /api/daily-reports-list/ HTTP/1.1" 200 3442
INFO 2024-11-28 21:02:10,098 views Monthly report list accessed by admin (Admin)
INFO 2024-11-28 21:02:10,104 basehttp "GET /api/monthly-reports-list/ HTTP/1.1" 200 2782
INFO 2024-11-28 21:02:10,784 views Transactions list accessed by admin (Admin)
INFO 2024-11-28 21:02:10,816 basehttp "GET /api/transactions-list/ HTTP/1.1" 200 5846
INFO 2024-11-28 21:02:12,641 views Returning daily reports from cache for user admin (Admin)
INFO 2024-11-28 21:02:12,644 basehttp "GET /api/daily-reports-list/ HTTP/1.1" 200 3442
INFO 2024-11-28 21:02:12,888 views Register page accessed
INFO 2024-11-28 21:02:12,889 basehttp "GET /auth/register/ HTTP/1.1" 200 4465
INFO 2024-11-28 21:02:13,226 views Login page accessed
INFO 2024-11-28 21:02:13,227 basehttp "GET /auth/login/ HTTP/1.1" 200 3617
INFO 2024-11-28 21:02:14,393 views Product list accessed by admin (Admin)
INFO 2024-11-28 21:02:14,399 basehttp "GET /api/product-list/ HTTP/1.1" 200 5019
INFO 2024-11-29 00:29:23,684 autoreload Watching for file changes with StatReloader
WARNING 2024-11-29 00:29:27,432 log Not Found: /
WARNING 2024-11-29 00:29:27,432 basehttp "GET / HTTP/1.1" 404 3267
WARNING 2024-11-29 00:29:27,530 log Not Found: /favicon.ico
WARNING 2024-11-29 00:29:27,530 basehttp "GET /favicon.ico HTTP/1.1" 404 3318
INFO 2024-11-29 00:30:02,770 autoreload C:\Users\Dauren\PycharmProjects\Endterm\Endterm\urls.py changed, reloading.
INFO 2024-11-29 00:30:03,312 autoreload Watching for file changes with StatReloader
WARNING 2024-11-29 00:30:14,855 log Unauthorized: /
WARNING 2024-11-29 00:30:14,855 basehttp "GET / HTTP/1.1" 401 4989
INFO 2024-11-29 00:30:59,844 autoreload C:\Users\Dauren\PycharmProjects\Endterm\products\urls.py changed, reloading.
INFO 2024-11-29 00:31:00,338 autoreload Watching for file changes with StatReloader
WARNING 2024-11-29 00:31:02,211 log Unauthorized: /
WARNING 2024-11-29 00:31:02,212 basehttp "GET / HTTP/1.1" 401 4989
WARNING 2024-11-29 00:31:05,156 log Unauthorized: /
WARNING 2024-11-29 00:31:05,156 basehttp "GET / HTTP/1.1" 401 4989
INFO 2024-11-29 00:31:20,646 autoreload C:\Users\Dauren\PycharmProjects\Endterm\products\urls.py changed, reloading.
INFO 2024-11-29 00:31:21,198 autoreload Watching for file changes with StatReloader
INFO 2024-11-29 00:31:37,247 autoreload C:\Users\Dauren\PycharmProjects\Endterm\users\urls.py changed, reloading.
INFO 2024-11-29 00:31:37,721 autoreload Watching for file changes with StatReloader
INFO 2024-11-29 00:31:40,359 autoreload C:\Users\Dauren\PycharmProjects\Endterm\users\urls.py changed, reloading.
INFO 2024-11-29 00:31:40,836 autoreload Watching for file changes with StatReloader
INFO 2024-11-29 00:31:51,702 autoreload C:\Users\Dauren\PycharmProjects\Endterm\users\urls.py changed, reloading.
INFO 2024-11-29 00:31:52,184 autoreload Watching for file changes with StatReloader
INFO 2024-11-29 00:31:59,844 views Login page accessed
INFO 2024-11-29 00:31:59,889 basehttp "GET / HTTP/1.1" 200 3617
INFO 2024-11-29 00:32:23,529 basehttp "POST /auth/jwt/create HTTP/1.1" 200 483
ERROR 2024-11-29 00:43:29,126 log Internal Server Error: /api/daily-reports/4/
Traceback (most recent call last):
  File "C:\Users\Dauren\PycharmProjects\Endterm\.venv\Lib\site-packages\django_redis\cache.py", line 29, in _decorator
    return method(self, *args, **kwargs)
           ^^^^^^^^^^^^^^^^^^^^^^^^^^^^^
  File "C:\Users\Dauren\PycharmProjects\Endterm\.venv\Lib\site-packages\django_redis\cache.py", line 99, in _get
    return self.client.get(key, default=default, version=version, client=client)
           ^^^^^^^^^^^^^^^^^^^^^^^^^^^^^^^^^^^^^^^^^^^^^^^^^^^^^^^^^^^^^^^^^^^^^
  File "C:\Users\Dauren\PycharmProjects\Endterm\.venv\Lib\site-packages\django_redis\client\default.py", line 260, in get
    raise ConnectionInterrupted(connection=client) from e
django_redis.exceptions.ConnectionInterrupted: Redis ConnectionError: Error 10061 connecting to 127.0.0.1:6379.   , ..      .

During handling of the above exception, another exception occurred:

Traceback (most recent call last):
  File "C:\Users\Dauren\PycharmProjects\Endterm\.venv\Lib\site-packages\django\core\handlers\exception.py", line 55, in inner
    response = get_response(request)
               ^^^^^^^^^^^^^^^^^^^^^
  File "C:\Users\Dauren\PycharmProjects\Endterm\.venv\Lib\site-packages\django\core\handlers\base.py", line 197, in _get_response
    response = wrapped_callback(request, *callback_args, **callback_kwargs)
               ^^^^^^^^^^^^^^^^^^^^^^^^^^^^^^^^^^^^^^^^^^^^^^^^^^^^^^^^^^^^
  File "C:\Users\Dauren\PycharmProjects\Endterm\.venv\Lib\site-packages\django\views\decorators\csrf.py", line 65, in _view_wrapper
    return view_func(request, *args, **kwargs)
           ^^^^^^^^^^^^^^^^^^^^^^^^^^^^^^^^^^^
  File "C:\Users\Dauren\PycharmProjects\Endterm\.venv\Lib\site-packages\rest_framework\viewsets.py", line 124, in view
    return self.dispatch(request, *args, **kwargs)
           ^^^^^^^^^^^^^^^^^^^^^^^^^^^^^^^^^^^^^^^
  File "C:\Users\Dauren\PycharmProjects\Endterm\.venv\Lib\site-packages\rest_framework\views.py", line 509, in dispatch
    response = self.handle_exception(exc)
               ^^^^^^^^^^^^^^^^^^^^^^^^^^
  File "C:\Users\Dauren\PycharmProjects\Endterm\.venv\Lib\site-packages\rest_framework\views.py", line 469, in handle_exception
    self.raise_uncaught_exception(exc)
  File "C:\Users\Dauren\PycharmProjects\Endterm\.venv\Lib\site-packages\rest_framework\views.py", line 480, in raise_uncaught_exception
    raise exc
  File "C:\Users\Dauren\PycharmProjects\Endterm\.venv\Lib\site-packages\rest_framework\views.py", line 506, in dispatch
    response = handler(request, *args, **kwargs)
               ^^^^^^^^^^^^^^^^^^^^^^^^^^^^^^^^^
  File "C:\Users\Dauren\PycharmProjects\Endterm\reports\views.py", line 33, in retrieve
    cached_report = cache.get(cache_key)
                    ^^^^^^^^^^^^^^^^^^^^
  File "C:\Users\Dauren\PycharmProjects\Endterm\.venv\Lib\site-packages\django_redis\cache.py", line 92, in get
    value = self._get(key, default, version, client)
            ^^^^^^^^^^^^^^^^^^^^^^^^^^^^^^^^^^^^^^^^
  File "C:\Users\Dauren\PycharmProjects\Endterm\.venv\Lib\site-packages\django_redis\cache.py", line 36, in _decorator
    raise e.__cause__
  File "C:\Users\Dauren\PycharmProjects\Endterm\.venv\Lib\site-packages\django_redis\client\default.py", line 258, in get
    value = client.get(key)
            ^^^^^^^^^^^^^^^
  File "C:\Users\Dauren\PycharmProjects\Endterm\.venv\Lib\site-packages\redis\commands\core.py", line 1822, in get
    return self.execute_command("GET", name, keys=[name])
           ^^^^^^^^^^^^^^^^^^^^^^^^^^^^^^^^^^^^^^^^^^^^^^
  File "C:\Users\Dauren\PycharmProjects\Endterm\.venv\Lib\site-packages\redis\client.py", line 559, in execute_command
    return self._execute_command(*args, **options)
           ^^^^^^^^^^^^^^^^^^^^^^^^^^^^^^^^^^^^^^^
  File "C:\Users\Dauren\PycharmProjects\Endterm\.venv\Lib\site-packages\redis\client.py", line 565, in _execute_command
    conn = self.connection or pool.get_connection(command_name, **options)
                              ^^^^^^^^^^^^^^^^^^^^^^^^^^^^^^^^^^^^^^^^^^^^
  File "C:\Users\Dauren\PycharmProjects\Endterm\.venv\Lib\site-packages\redis\connection.py", line 1422, in get_connection
    connection.connect()
  File "C:\Users\Dauren\PycharmProjects\Endterm\.venv\Lib\site-packages\redis\connection.py", line 363, in connect
    raise ConnectionError(self._error_message(e))
redis.exceptions.ConnectionError: Error 10061 connecting to 127.0.0.1:6379.   , ..      .
ERROR 2024-11-29 00:43:29,129 basehttp "GET /api/daily-reports/4/ HTTP/1.1" 500 145956
ERROR 2024-11-29 00:43:44,373 log Internal Server Error: /api/daily-reports/4/
Traceback (most recent call last):
  File "C:\Users\Dauren\PycharmProjects\Endterm\.venv\Lib\site-packages\django_redis\cache.py", line 29, in _decorator
    return method(self, *args, **kwargs)
           ^^^^^^^^^^^^^^^^^^^^^^^^^^^^^
  File "C:\Users\Dauren\PycharmProjects\Endterm\.venv\Lib\site-packages\django_redis\cache.py", line 99, in _get
    return self.client.get(key, default=default, version=version, client=client)
           ^^^^^^^^^^^^^^^^^^^^^^^^^^^^^^^^^^^^^^^^^^^^^^^^^^^^^^^^^^^^^^^^^^^^^
  File "C:\Users\Dauren\PycharmProjects\Endterm\.venv\Lib\site-packages\django_redis\client\default.py", line 260, in get
    raise ConnectionInterrupted(connection=client) from e
django_redis.exceptions.ConnectionInterrupted: Redis ConnectionError: Error 10061 connecting to 127.0.0.1:6379.   , ..      .

During handling of the above exception, another exception occurred:

Traceback (most recent call last):
  File "C:\Users\Dauren\PycharmProjects\Endterm\.venv\Lib\site-packages\django\core\handlers\exception.py", line 55, in inner
    response = get_response(request)
               ^^^^^^^^^^^^^^^^^^^^^
  File "C:\Users\Dauren\PycharmProjects\Endterm\.venv\Lib\site-packages\django\core\handlers\base.py", line 197, in _get_response
    response = wrapped_callback(request, *callback_args, **callback_kwargs)
               ^^^^^^^^^^^^^^^^^^^^^^^^^^^^^^^^^^^^^^^^^^^^^^^^^^^^^^^^^^^^
  File "C:\Users\Dauren\PycharmProjects\Endterm\.venv\Lib\site-packages\django\views\decorators\csrf.py", line 65, in _view_wrapper
    return view_func(request, *args, **kwargs)
           ^^^^^^^^^^^^^^^^^^^^^^^^^^^^^^^^^^^
  File "C:\Users\Dauren\PycharmProjects\Endterm\.venv\Lib\site-packages\rest_framework\viewsets.py", line 124, in view
    return self.dispatch(request, *args, **kwargs)
           ^^^^^^^^^^^^^^^^^^^^^^^^^^^^^^^^^^^^^^^
  File "C:\Users\Dauren\PycharmProjects\Endterm\.venv\Lib\site-packages\rest_framework\views.py", line 509, in dispatch
    response = self.handle_exception(exc)
               ^^^^^^^^^^^^^^^^^^^^^^^^^^
  File "C:\Users\Dauren\PycharmProjects\Endterm\.venv\Lib\site-packages\rest_framework\views.py", line 469, in handle_exception
    self.raise_uncaught_exception(exc)
  File "C:\Users\Dauren\PycharmProjects\Endterm\.venv\Lib\site-packages\rest_framework\views.py", line 480, in raise_uncaught_exception
    raise exc
  File "C:\Users\Dauren\PycharmProjects\Endterm\.venv\Lib\site-packages\rest_framework\views.py", line 506, in dispatch
    response = handler(request, *args, **kwargs)
               ^^^^^^^^^^^^^^^^^^^^^^^^^^^^^^^^^
  File "C:\Users\Dauren\PycharmProjects\Endterm\reports\views.py", line 33, in retrieve
    cached_report = cache.get(cache_key)
                    ^^^^^^^^^^^^^^^^^^^^
  File "C:\Users\Dauren\PycharmProjects\Endterm\.venv\Lib\site-packages\django_redis\cache.py", line 92, in get
    value = self._get(key, default, version, client)
            ^^^^^^^^^^^^^^^^^^^^^^^^^^^^^^^^^^^^^^^^
  File "C:\Users\Dauren\PycharmProjects\Endterm\.venv\Lib\site-packages\django_redis\cache.py", line 36, in _decorator
    raise e.__cause__
  File "C:\Users\Dauren\PycharmProjects\Endterm\.venv\Lib\site-packages\django_redis\client\default.py", line 258, in get
    value = client.get(key)
            ^^^^^^^^^^^^^^^
  File "C:\Users\Dauren\PycharmProjects\Endterm\.venv\Lib\site-packages\redis\commands\core.py", line 1822, in get
    return self.execute_command("GET", name, keys=[name])
           ^^^^^^^^^^^^^^^^^^^^^^^^^^^^^^^^^^^^^^^^^^^^^^
  File "C:\Users\Dauren\PycharmProjects\Endterm\.venv\Lib\site-packages\redis\client.py", line 559, in execute_command
    return self._execute_command(*args, **options)
           ^^^^^^^^^^^^^^^^^^^^^^^^^^^^^^^^^^^^^^^
  File "C:\Users\Dauren\PycharmProjects\Endterm\.venv\Lib\site-packages\redis\client.py", line 565, in _execute_command
    conn = self.connection or pool.get_connection(command_name, **options)
                              ^^^^^^^^^^^^^^^^^^^^^^^^^^^^^^^^^^^^^^^^^^^^
  File "C:\Users\Dauren\PycharmProjects\Endterm\.venv\Lib\site-packages\redis\connection.py", line 1422, in get_connection
    connection.connect()
  File "C:\Users\Dauren\PycharmProjects\Endterm\.venv\Lib\site-packages\redis\connection.py", line 363, in connect
    raise ConnectionError(self._error_message(e))
redis.exceptions.ConnectionError: Error 10061 connecting to 127.0.0.1:6379.   , ..      .
ERROR 2024-11-29 00:43:44,374 basehttp "GET /api/daily-reports/4/ HTTP/1.1" 500 145956
WARNING 2024-11-29 00:46:22,824 log Method Not Allowed: /api/daily-reports/4/
WARNING 2024-11-29 00:46:22,825 basehttp "POST /api/daily-reports/4/ HTTP/1.1" 405 41
WARNING 2024-11-29 00:46:47,514 log Not Found: /api/register/
WARNING 2024-11-29 00:46:47,515 basehttp "POST /api/register/ HTTP/1.1" 404 25617
WARNING 2024-11-29 00:50:08,913 log Not Found: /api/users/
WARNING 2024-11-29 00:50:08,913 basehttp "GET /api/users/ HTTP/1.1" 404 25607
INFO 2024-11-29 00:50:15,675 basehttp "GET /auth/users/ HTTP/1.1" 200 341
INFO 2024-11-29 00:50:22,120 basehttp "POST /auth/users/ HTTP/1.1" 201 91
INFO 2024-11-29 00:50:26,501 basehttp "GET /auth/users/ HTTP/1.1" 200 394
INFO 2024-11-29 00:53:16,590 basehttp "GET /api/docs/swagger/ HTTP/1.1" 200 4652
INFO 2024-11-29 00:53:16,880 basehttp "GET /api/schema/ HTTP/1.1" 200 136266
WARNING 2024-11-29 00:53:24,530 log Unauthorized: /api/analytics/api/
WARNING 2024-11-29 00:53:24,531 basehttp "GET /api/analytics/api/ HTTP/1.1" 401 58
INFO 2024-11-29 00:53:53,057 basehttp "GET /api/analytics/api/ HTTP/1.1" 200 93
INFO 2024-11-29 00:54:27,582 views Accessed Category List
INFO 2024-11-29 00:54:27,584 basehttp "GET /api/categories/ HTTP/1.1" 200 134
INFO 2024-11-29 01:17:23,412 views Register page accessed
INFO 2024-11-29 01:17:23,427 basehttp "GET /auth/register/ HTTP/1.1" 200 4465
INFO 2024-11-29 01:17:42,105 basehttp "POST /auth/users/ HTTP/1.1" 201 77
INFO 2024-11-29 01:17:44,556 views Login page accessed
INFO 2024-11-29 01:17:44,557 basehttp "GET /auth/login/ HTTP/1.1" 200 3617
INFO 2024-11-29 01:17:55,015 basehttp "POST /auth/jwt/create/ HTTP/1.1" 200 483
INFO 2024-11-29 01:17:58,012 views Product list accessed by AnonymousUser
INFO 2024-11-29 01:17:58,024 basehttp "GET /api/product-list/ HTTP/1.1" 200 5019
INFO 2024-11-29 01:18:06,978 basehttp "POST /auth/jwt/create/ HTTP/1.1" 200 483
INFO 2024-11-29 01:18:08,054 views Product list accessed by AnonymousUser
INFO 2024-11-29 01:18:08,059 basehttp "GET /api/product-list/ HTTP/1.1" 200 5019
WARNING 2024-11-29 01:18:15,881 log Not Found: /api/users/
WARNING 2024-11-29 01:18:15,881 basehttp "GET /api/users/ HTTP/1.1" 404 25607
INFO 2024-11-29 01:18:25,800 basehttp "GET /auth/users/ HTTP/1.1" 200 439
ERROR 2024-11-29 01:18:54,515 log Internal Server Error: /users/reset_password/
Traceback (most recent call last):
  File "C:\Users\Dauren\PycharmProjects\Endterm\.venv\Lib\site-packages\django\core\handlers\exception.py", line 55, in inner
    response = get_response(request)
               ^^^^^^^^^^^^^^^^^^^^^
  File "C:\Users\Dauren\PycharmProjects\Endterm\.venv\Lib\site-packages\django\core\handlers\base.py", line 197, in _get_response
    response = wrapped_callback(request, *callback_args, **callback_kwargs)
               ^^^^^^^^^^^^^^^^^^^^^^^^^^^^^^^^^^^^^^^^^^^^^^^^^^^^^^^^^^^^
  File "C:\Users\Dauren\PycharmProjects\Endterm\.venv\Lib\site-packages\django\views\decorators\csrf.py", line 65, in _view_wrapper
    return view_func(request, *args, **kwargs)
           ^^^^^^^^^^^^^^^^^^^^^^^^^^^^^^^^^^^
  File "C:\Users\Dauren\PycharmProjects\Endterm\.venv\Lib\site-packages\rest_framework\viewsets.py", line 124, in view
    return self.dispatch(request, *args, **kwargs)
           ^^^^^^^^^^^^^^^^^^^^^^^^^^^^^^^^^^^^^^^
  File "C:\Users\Dauren\PycharmProjects\Endterm\.venv\Lib\site-packages\rest_framework\views.py", line 509, in dispatch
    response = self.handle_exception(exc)
               ^^^^^^^^^^^^^^^^^^^^^^^^^^
  File "C:\Users\Dauren\PycharmProjects\Endterm\.venv\Lib\site-packages\rest_framework\views.py", line 469, in handle_exception
    self.raise_uncaught_exception(exc)
  File "C:\Users\Dauren\PycharmProjects\Endterm\.venv\Lib\site-packages\rest_framework\views.py", line 480, in raise_uncaught_exception
    raise exc
  File "C:\Users\Dauren\PycharmProjects\Endterm\.venv\Lib\site-packages\rest_framework\views.py", line 506, in dispatch
    response = handler(request, *args, **kwargs)
               ^^^^^^^^^^^^^^^^^^^^^^^^^^^^^^^^^
  File "C:\Users\Dauren\PycharmProjects\Endterm\.venv\Lib\site-packages\djoser\views.py", line 244, in reset_password
    settings.EMAIL.password_reset(self.request, context).send(to)
  File "C:\Users\Dauren\PycharmProjects\Endterm\.venv\Lib\site-packages\djoser\email.py", line 74, in send
    self.render()
  File "C:\Users\Dauren\PycharmProjects\Endterm\.venv\Lib\site-packages\djoser\email.py", line 65, in render
    context = make_context(self.get_context_data(), request=self.request)
                           ^^^^^^^^^^^^^^^^^^^^^^^
  File "C:\Users\Dauren\PycharmProjects\Endterm\.venv\Lib\site-packages\djoser\email.py", line 140, in get_context_data
    context["url"] = settings.PASSWORD_RESET_CONFIRM_URL.format(**context)
                     ^^^^^^^^^^^^^^^^^^^^^^^^^^^^^^^^^^^
  File "C:\Users\Dauren\PycharmProjects\Endterm\.venv\Lib\site-packages\django\utils\functional.py", line 253, in inner
    return func(_wrapped, *args)
           ^^^^^^^^^^^^^^^^^^^^^
AttributeError: 'Settings' object has no attribute 'PASSWORD_RESET_CONFIRM_URL'
ERROR 2024-11-29 01:18:54,517 basehttp "POST /users/reset_password/ HTTP/1.1" 500 20232
WARNING 2024-11-29 01:19:26,114 log Method Not Allowed: /users/reset_password/
WARNING 2024-11-29 01:19:26,114 basehttp "GET /users/reset_password/ HTTP/1.1" 405 40
ERROR 2024-11-29 01:19:29,201 log Internal Server Error: /users/reset_password/
Traceback (most recent call last):
  File "C:\Users\Dauren\PycharmProjects\Endterm\.venv\Lib\site-packages\django\core\handlers\exception.py", line 55, in inner
    response = get_response(request)
               ^^^^^^^^^^^^^^^^^^^^^
  File "C:\Users\Dauren\PycharmProjects\Endterm\.venv\Lib\site-packages\django\core\handlers\base.py", line 197, in _get_response
    response = wrapped_callback(request, *callback_args, **callback_kwargs)
               ^^^^^^^^^^^^^^^^^^^^^^^^^^^^^^^^^^^^^^^^^^^^^^^^^^^^^^^^^^^^
  File "C:\Users\Dauren\PycharmProjects\Endterm\.venv\Lib\site-packages\django\views\decorators\csrf.py", line 65, in _view_wrapper
    return view_func(request, *args, **kwargs)
           ^^^^^^^^^^^^^^^^^^^^^^^^^^^^^^^^^^^
  File "C:\Users\Dauren\PycharmProjects\Endterm\.venv\Lib\site-packages\rest_framework\viewsets.py", line 124, in view
    return self.dispatch(request, *args, **kwargs)
           ^^^^^^^^^^^^^^^^^^^^^^^^^^^^^^^^^^^^^^^
  File "C:\Users\Dauren\PycharmProjects\Endterm\.venv\Lib\site-packages\rest_framework\views.py", line 509, in dispatch
    response = self.handle_exception(exc)
               ^^^^^^^^^^^^^^^^^^^^^^^^^^
  File "C:\Users\Dauren\PycharmProjects\Endterm\.venv\Lib\site-packages\rest_framework\views.py", line 469, in handle_exception
    self.raise_uncaught_exception(exc)
  File "C:\Users\Dauren\PycharmProjects\Endterm\.venv\Lib\site-packages\rest_framework\views.py", line 480, in raise_uncaught_exception
    raise exc
  File "C:\Users\Dauren\PycharmProjects\Endterm\.venv\Lib\site-packages\rest_framework\views.py", line 506, in dispatch
    response = handler(request, *args, **kwargs)
               ^^^^^^^^^^^^^^^^^^^^^^^^^^^^^^^^^
  File "C:\Users\Dauren\PycharmProjects\Endterm\.venv\Lib\site-packages\djoser\views.py", line 244, in reset_password
    settings.EMAIL.password_reset(self.request, context).send(to)
  File "C:\Users\Dauren\PycharmProjects\Endterm\.venv\Lib\site-packages\djoser\email.py", line 74, in send
    self.render()
  File "C:\Users\Dauren\PycharmProjects\Endterm\.venv\Lib\site-packages\djoser\email.py", line 65, in render
    context = make_context(self.get_context_data(), request=self.request)
                           ^^^^^^^^^^^^^^^^^^^^^^^
  File "C:\Users\Dauren\PycharmProjects\Endterm\.venv\Lib\site-packages\djoser\email.py", line 140, in get_context_data
    context["url"] = settings.PASSWORD_RESET_CONFIRM_URL.format(**context)
                     ^^^^^^^^^^^^^^^^^^^^^^^^^^^^^^^^^^^
  File "C:\Users\Dauren\PycharmProjects\Endterm\.venv\Lib\site-packages\django\utils\functional.py", line 253, in inner
    return func(_wrapped, *args)
           ^^^^^^^^^^^^^^^^^^^^^
AttributeError: 'Settings' object has no attribute 'PASSWORD_RESET_CONFIRM_URL'
ERROR 2024-11-29 01:19:29,201 basehttp "POST /users/reset_password/ HTTP/1.1" 500 112913
ERROR 2024-11-29 01:19:44,040 log Internal Server Error: /users/reset_password/
Traceback (most recent call last):
  File "C:\Users\Dauren\PycharmProjects\Endterm\.venv\Lib\site-packages\django\core\handlers\exception.py", line 55, in inner
    response = get_response(request)
               ^^^^^^^^^^^^^^^^^^^^^
  File "C:\Users\Dauren\PycharmProjects\Endterm\.venv\Lib\site-packages\django\core\handlers\base.py", line 197, in _get_response
    response = wrapped_callback(request, *callback_args, **callback_kwargs)
               ^^^^^^^^^^^^^^^^^^^^^^^^^^^^^^^^^^^^^^^^^^^^^^^^^^^^^^^^^^^^
  File "C:\Users\Dauren\PycharmProjects\Endterm\.venv\Lib\site-packages\django\views\decorators\csrf.py", line 65, in _view_wrapper
    return view_func(request, *args, **kwargs)
           ^^^^^^^^^^^^^^^^^^^^^^^^^^^^^^^^^^^
  File "C:\Users\Dauren\PycharmProjects\Endterm\.venv\Lib\site-packages\rest_framework\viewsets.py", line 124, in view
    return self.dispatch(request, *args, **kwargs)
           ^^^^^^^^^^^^^^^^^^^^^^^^^^^^^^^^^^^^^^^
  File "C:\Users\Dauren\PycharmProjects\Endterm\.venv\Lib\site-packages\rest_framework\views.py", line 509, in dispatch
    response = self.handle_exception(exc)
               ^^^^^^^^^^^^^^^^^^^^^^^^^^
  File "C:\Users\Dauren\PycharmProjects\Endterm\.venv\Lib\site-packages\rest_framework\views.py", line 469, in handle_exception
    self.raise_uncaught_exception(exc)
  File "C:\Users\Dauren\PycharmProjects\Endterm\.venv\Lib\site-packages\rest_framework\views.py", line 480, in raise_uncaught_exception
    raise exc
  File "C:\Users\Dauren\PycharmProjects\Endterm\.venv\Lib\site-packages\rest_framework\views.py", line 506, in dispatch
    response = handler(request, *args, **kwargs)
               ^^^^^^^^^^^^^^^^^^^^^^^^^^^^^^^^^
  File "C:\Users\Dauren\PycharmProjects\Endterm\.venv\Lib\site-packages\djoser\views.py", line 244, in reset_password
    settings.EMAIL.password_reset(self.request, context).send(to)
  File "C:\Users\Dauren\PycharmProjects\Endterm\.venv\Lib\site-packages\djoser\email.py", line 74, in send
    self.render()
  File "C:\Users\Dauren\PycharmProjects\Endterm\.venv\Lib\site-packages\djoser\email.py", line 65, in render
    context = make_context(self.get_context_data(), request=self.request)
                           ^^^^^^^^^^^^^^^^^^^^^^^
  File "C:\Users\Dauren\PycharmProjects\Endterm\.venv\Lib\site-packages\djoser\email.py", line 140, in get_context_data
    context["url"] = settings.PASSWORD_RESET_CONFIRM_URL.format(**context)
                     ^^^^^^^^^^^^^^^^^^^^^^^^^^^^^^^^^^^
  File "C:\Users\Dauren\PycharmProjects\Endterm\.venv\Lib\site-packages\django\utils\functional.py", line 253, in inner
    return func(_wrapped, *args)
           ^^^^^^^^^^^^^^^^^^^^^
AttributeError: 'Settings' object has no attribute 'PASSWORD_RESET_CONFIRM_URL'
ERROR 2024-11-29 01:19:44,040 basehttp "POST /users/reset_password/ HTTP/1.1" 500 112953
ERROR 2024-11-29 01:21:04,642 log Internal Server Error: /users/reset_password/
Traceback (most recent call last):
  File "C:\Users\Dauren\PycharmProjects\Endterm\.venv\Lib\site-packages\django\core\handlers\exception.py", line 55, in inner
    response = get_response(request)
               ^^^^^^^^^^^^^^^^^^^^^
  File "C:\Users\Dauren\PycharmProjects\Endterm\.venv\Lib\site-packages\django\core\handlers\base.py", line 197, in _get_response
    response = wrapped_callback(request, *callback_args, **callback_kwargs)
               ^^^^^^^^^^^^^^^^^^^^^^^^^^^^^^^^^^^^^^^^^^^^^^^^^^^^^^^^^^^^
  File "C:\Users\Dauren\PycharmProjects\Endterm\.venv\Lib\site-packages\django\views\decorators\csrf.py", line 65, in _view_wrapper
    return view_func(request, *args, **kwargs)
           ^^^^^^^^^^^^^^^^^^^^^^^^^^^^^^^^^^^
  File "C:\Users\Dauren\PycharmProjects\Endterm\.venv\Lib\site-packages\rest_framework\viewsets.py", line 124, in view
    return self.dispatch(request, *args, **kwargs)
           ^^^^^^^^^^^^^^^^^^^^^^^^^^^^^^^^^^^^^^^
  File "C:\Users\Dauren\PycharmProjects\Endterm\.venv\Lib\site-packages\rest_framework\views.py", line 509, in dispatch
    response = self.handle_exception(exc)
               ^^^^^^^^^^^^^^^^^^^^^^^^^^
  File "C:\Users\Dauren\PycharmProjects\Endterm\.venv\Lib\site-packages\rest_framework\views.py", line 469, in handle_exception
    self.raise_uncaught_exception(exc)
  File "C:\Users\Dauren\PycharmProjects\Endterm\.venv\Lib\site-packages\rest_framework\views.py", line 480, in raise_uncaught_exception
    raise exc
  File "C:\Users\Dauren\PycharmProjects\Endterm\.venv\Lib\site-packages\rest_framework\views.py", line 506, in dispatch
    response = handler(request, *args, **kwargs)
               ^^^^^^^^^^^^^^^^^^^^^^^^^^^^^^^^^
  File "C:\Users\Dauren\PycharmProjects\Endterm\.venv\Lib\site-packages\djoser\views.py", line 244, in reset_password
    settings.EMAIL.password_reset(self.request, context).send(to)
  File "C:\Users\Dauren\PycharmProjects\Endterm\.venv\Lib\site-packages\djoser\email.py", line 74, in send
    self.render()
  File "C:\Users\Dauren\PycharmProjects\Endterm\.venv\Lib\site-packages\djoser\email.py", line 65, in render
    context = make_context(self.get_context_data(), request=self.request)
                           ^^^^^^^^^^^^^^^^^^^^^^^
  File "C:\Users\Dauren\PycharmProjects\Endterm\.venv\Lib\site-packages\djoser\email.py", line 140, in get_context_data
    context["url"] = settings.PASSWORD_RESET_CONFIRM_URL.format(**context)
                     ^^^^^^^^^^^^^^^^^^^^^^^^^^^^^^^^^^^
  File "C:\Users\Dauren\PycharmProjects\Endterm\.venv\Lib\site-packages\django\utils\functional.py", line 253, in inner
    return func(_wrapped, *args)
           ^^^^^^^^^^^^^^^^^^^^^
AttributeError: 'Settings' object has no attribute 'PASSWORD_RESET_CONFIRM_URL'
ERROR 2024-11-29 01:21:04,644 basehttp "POST /users/reset_password/ HTTP/1.1" 500 20232
WARNING 2024-11-29 01:22:49,760 log Bad Request: /users/reset_password/
WARNING 2024-11-29 01:22:49,760 basehttp "POST /users/reset_password/ HTTP/1.1" 400 37
WARNING 2024-11-29 01:22:54,423 log Bad Request: /users/reset_password/
WARNING 2024-11-29 01:22:54,424 basehttp "POST /users/reset_password/ HTTP/1.1" 400 37
ERROR 2024-11-29 01:30:12,508 log Internal Server Error: /auth/users/reset_password/
Traceback (most recent call last):
  File "C:\Users\Dauren\PycharmProjects\Endterm\.venv\Lib\site-packages\django\core\handlers\exception.py", line 55, in inner
    response = get_response(request)
               ^^^^^^^^^^^^^^^^^^^^^
  File "C:\Users\Dauren\PycharmProjects\Endterm\.venv\Lib\site-packages\django\core\handlers\base.py", line 197, in _get_response
    response = wrapped_callback(request, *callback_args, **callback_kwargs)
               ^^^^^^^^^^^^^^^^^^^^^^^^^^^^^^^^^^^^^^^^^^^^^^^^^^^^^^^^^^^^
  File "C:\Users\Dauren\PycharmProjects\Endterm\.venv\Lib\site-packages\django\views\decorators\csrf.py", line 65, in _view_wrapper
    return view_func(request, *args, **kwargs)
           ^^^^^^^^^^^^^^^^^^^^^^^^^^^^^^^^^^^
  File "C:\Users\Dauren\PycharmProjects\Endterm\.venv\Lib\site-packages\rest_framework\viewsets.py", line 124, in view
    return self.dispatch(request, *args, **kwargs)
           ^^^^^^^^^^^^^^^^^^^^^^^^^^^^^^^^^^^^^^^
  File "C:\Users\Dauren\PycharmProjects\Endterm\.venv\Lib\site-packages\rest_framework\views.py", line 509, in dispatch
    response = self.handle_exception(exc)
               ^^^^^^^^^^^^^^^^^^^^^^^^^^
  File "C:\Users\Dauren\PycharmProjects\Endterm\.venv\Lib\site-packages\rest_framework\views.py", line 469, in handle_exception
    self.raise_uncaught_exception(exc)
  File "C:\Users\Dauren\PycharmProjects\Endterm\.venv\Lib\site-packages\rest_framework\views.py", line 480, in raise_uncaught_exception
    raise exc
  File "C:\Users\Dauren\PycharmProjects\Endterm\.venv\Lib\site-packages\rest_framework\views.py", line 506, in dispatch
    response = handler(request, *args, **kwargs)
               ^^^^^^^^^^^^^^^^^^^^^^^^^^^^^^^^^
  File "C:\Users\Dauren\PycharmProjects\Endterm\.venv\Lib\site-packages\djoser\views.py", line 244, in reset_password
    settings.EMAIL.password_reset(self.request, context).send(to)
  File "C:\Users\Dauren\PycharmProjects\Endterm\.venv\Lib\site-packages\djoser\email.py", line 74, in send
    self.render()
  File "C:\Users\Dauren\PycharmProjects\Endterm\.venv\Lib\site-packages\djoser\email.py", line 65, in render
    context = make_context(self.get_context_data(), request=self.request)
                           ^^^^^^^^^^^^^^^^^^^^^^^
  File "C:\Users\Dauren\PycharmProjects\Endterm\.venv\Lib\site-packages\djoser\email.py", line 140, in get_context_data
    context["url"] = settings.PASSWORD_RESET_CONFIRM_URL.format(**context)
                     ^^^^^^^^^^^^^^^^^^^^^^^^^^^^^^^^^^^
  File "C:\Users\Dauren\PycharmProjects\Endterm\.venv\Lib\site-packages\django\utils\functional.py", line 253, in inner
    return func(_wrapped, *args)
           ^^^^^^^^^^^^^^^^^^^^^
AttributeError: 'Settings' object has no attribute 'PASSWORD_RESET_CONFIRM_URL'
ERROR 2024-11-29 01:30:12,509 basehttp "POST /auth/users/reset_password/ HTTP/1.1" 500 113019
INFO 2024-11-29 03:41:30,578 autoreload Watching for file changes with StatReloader
INFO 2024-11-29 03:41:32,398 views Login page accessed
INFO 2024-11-29 03:41:32,413 basehttp "GET /auth/login/ HTTP/1.1" 200 3617
INFO 2024-11-29 03:41:36,041 basehttp "POST /auth/jwt/create/ HTTP/1.1" 200 483
INFO 2024-11-29 03:41:36,971 views Product list accessed by AnonymousUser
INFO 2024-11-29 03:41:36,979 basehttp "GET /api/product-list/ HTTP/1.1" 200 5019
